[2026-05-21T15:05:08.369+0000] {local_task_job_runner.py:123} INFO - ::group::Pre task execution logs
[2026-05-21T15:05:08.385+0000] {taskinstance.py:2613} INFO - Dependencies all met for dep_context=non-requeueable deps ti=<TaskInstance: create_analytics_mart.create_student_mart scheduled__2026-05-20T02:00:00+00:00 [queued]>
[2026-05-21T15:05:08.395+0000] {taskinstance.py:2613} INFO - Dependencies all met for dep_context=requeueable deps ti=<TaskInstance: create_analytics_mart.create_student_mart scheduled__2026-05-20T02:00:00+00:00 [queued]>
[2026-05-21T15:05:08.396+0000] {taskinstance.py:2866} INFO - Starting attempt 1 of 2
[2026-05-21T15:05:08.427+0000] {taskinstance.py:2889} INFO - Executing <Task(PythonOperator): create_student_mart> on 2026-05-20 02:00:00+00:00
[2026-05-21T15:05:08.437+0000] {standard_task_runner.py:104} INFO - Running: ['***', 'tasks', 'run', 'create_analytics_mart', 'create_student_mart', 'scheduled__2026-05-20T02:00:00+00:00', '--job-id', '10', '--raw', '--subdir', 'DAGS_FOLDER/create_mart_dag.py', '--cfg-path', '/tmp/tmps3ibtdp2']
[2026-05-21T15:05:08.439+0000] {standard_task_runner.py:105} INFO - Job 10: Subtask create_student_mart
[2026-05-21T15:05:08.439+0000] {logging_mixin.py:190} WARNING - /home/***/.local/lib/python3.12/site-packages/***/task/task_runner/standard_task_runner.py:70 DeprecationWarning: This process (pid=208) is multi-threaded, use of fork() may lead to deadlocks in the child.
[2026-05-21T15:05:08.440+0000] {standard_task_runner.py:72} INFO - Started process 209 to run task
[2026-05-21T15:05:08.484+0000] {task_command.py:467} INFO - Running <TaskInstance: create_analytics_mart.create_student_mart scheduled__2026-05-20T02:00:00+00:00 [running]> on host 84e129a1b20f
[2026-05-21T15:05:08.562+0000] {taskinstance.py:3132} INFO - Exporting env vars: AIRFLOW_CTX_DAG_OWNER='***' AIRFLOW_CTX_DAG_ID='create_analytics_mart' AIRFLOW_CTX_TASK_ID='create_student_mart' AIRFLOW_CTX_EXECUTION_DATE='2026-05-20T02:00:00+00:00' AIRFLOW_CTX_TRY_NUMBER='1' AIRFLOW_CTX_DAG_RUN_ID='scheduled__2026-05-20T02:00:00+00:00'
[2026-05-21T15:05:08.563+0000] {taskinstance.py:731} INFO - ::endgroup::
[2026-05-21T15:05:08.594+0000] {logging_mixin.py:190} INFO - Подключение к postgres:5432 ...
[2026-05-21T15:05:08.609+0000] {logging_mixin.py:190} INFO - Ошибка: relation "public.user_logs" does not exist
LINE 10:             FROM public.user_logs
                          ^
[2026-05-21T15:05:08.610+0000] {taskinstance.py:3311} ERROR - Task failed with exception
Traceback (most recent call last):
  File "/home/airflow/.local/lib/python3.12/site-packages/airflow/models/taskinstance.py", line 767, in _execute_task
    result = _execute_callable(context=context, **execute_callable_kwargs)
             ^^^^^^^^^^^^^^^^^^^^^^^^^^^^^^^^^^^^^^^^^^^^^^^^^^^^^^^^^^^^^
  File "/home/airflow/.local/lib/python3.12/site-packages/airflow/models/taskinstance.py", line 733, in _execute_callable
    return ExecutionCallableRunner(
           ^^^^^^^^^^^^^^^^^^^^^^^^
  File "/home/airflow/.local/lib/python3.12/site-packages/airflow/utils/operator_helpers.py", line 252, in run
    return self.func(*args, **kwargs)
           ^^^^^^^^^^^^^^^^^^^^^^^^^^
  File "/home/airflow/.local/lib/python3.12/site-packages/airflow/models/baseoperator.py", line 422, in wrapper
    return func(self, *args, **kwargs)
           ^^^^^^^^^^^^^^^^^^^^^^^^^^^
  File "/home/airflow/.local/lib/python3.12/site-packages/airflow/operators/python.py", line 238, in execute
    return_value = self.execute_callable()
                   ^^^^^^^^^^^^^^^^^^^^^^^
  File "/home/airflow/.local/lib/python3.12/site-packages/airflow/operators/python.py", line 256, in execute_callable
    return runner.run(*self.op_args, **self.op_kwargs)
           ^^^^^^^^^^^^^^^^^^^^^^^^^^^^^^^^^^^^^^^^^^^
  File "/home/airflow/.local/lib/python3.12/site-packages/airflow/utils/operator_helpers.py", line 252, in run
    return self.func(*args, **kwargs)
           ^^^^^^^^^^^^^^^^^^^^^^^^^^
  File "/opt/airflow/dags/scripts/build_mart.py", line 88, in create_mart
    cur.execute(select_query)
psycopg2.errors.UndefinedTable: relation "public.user_logs" does not exist
LINE 10:             FROM public.user_logs
                          ^

[2026-05-21T15:05:08.626+0000] {taskinstance.py:1225} INFO - Marking task as UP_FOR_RETRY. dag_id=create_analytics_mart, task_id=create_student_mart, run_id=scheduled__2026-05-20T02:00:00+00:00, execution_date=20260520T020000, start_date=20260521T150508, end_date=20260521T150508
[2026-05-21T15:05:08.640+0000] {taskinstance.py:340} INFO - ::group::Post task execution logs
[2026-05-21T15:05:08.641+0000] {standard_task_runner.py:124} ERROR - Failed to execute job 10 for task create_student_mart (relation "public.user_logs" does not exist
LINE 10:             FROM public.user_logs
                          ^
; 209)
Traceback (most recent call last):
  File "/home/airflow/.local/lib/python3.12/site-packages/airflow/task/task_runner/standard_task_runner.py", line 117, in _start_by_fork
    ret = args.func(args, dag=self.dag)
          ^^^^^^^^^^^^^^^^^^^^^^^^^^^^^
  File "/home/airflow/.local/lib/python3.12/site-packages/airflow/cli/cli_config.py", line 49, in command
    return func(*args, **kwargs)
           ^^^^^^^^^^^^^^^^^^^^^
  File "/home/airflow/.local/lib/python3.12/site-packages/airflow/utils/cli.py", line 116, in wrapper
    return f(*args, **kwargs)
           ^^^^^^^^^^^^^^^^^^
  File "/home/airflow/.local/lib/python3.12/site-packages/airflow/cli/commands/task_command.py", line 483, in task_run
    task_return_code = _run_task_by_selected_method(args, _dag, ti)
                       ^^^^^^^^^^^^^^^^^^^^^^^^^^^^^^^^^^^^^^^^^^^^
  File "/home/airflow/.local/lib/python3.12/site-packages/airflow/cli/commands/task_command.py", line 256, in _run_task_by_selected_method
    return _run_raw_task(args, ti)
           ^^^^^^^^^^^^^^^^^^^^^^^
  File "/home/airflow/.local/lib/python3.12/site-packages/airflow/cli/commands/task_command.py", line 341, in _run_raw_task
    return ti._run_raw_task(
           ^^^^^^^^^^^^^^^^^
  File "/home/airflow/.local/lib/python3.12/site-packages/airflow/utils/session.py", line 97, in wrapper
    return func(*args, session=session, **kwargs)
           ^^^^^^^^^^^^^^^^^^^^^^^^^^^^^^^^^^^^^^
  File "/home/airflow/.local/lib/python3.12/site-packages/airflow/models/taskinstance.py", line 3005, in _run_raw_task
    return _run_raw_task(
           ^^^^^^^^^^^^^^
  File "/home/airflow/.local/lib/python3.12/site-packages/airflow/models/taskinstance.py", line 273, in _run_raw_task
    TaskInstance._execute_task_with_callbacks(
  File "/home/airflow/.local/lib/python3.12/site-packages/airflow/models/taskinstance.py", line 3159, in _execute_task_with_callbacks
    result = self._execute_task(context, task_orig)
             ^^^^^^^^^^^^^^^^^^^^^^^^^^^^^^^^^^^^^^
  File "/home/airflow/.local/lib/python3.12/site-packages/airflow/models/taskinstance.py", line 3183, in _execute_task
    return _execute_task(self, context, task_orig)
           ^^^^^^^^^^^^^^^^^^^^^^^^^^^^^^^^^^^^^^^
  File "/home/airflow/.local/lib/python3.12/site-packages/airflow/models/taskinstance.py", line 767, in _execute_task
    result = _execute_callable(context=context, **execute_callable_kwargs)
             ^^^^^^^^^^^^^^^^^^^^^^^^^^^^^^^^^^^^^^^^^^^^^^^^^^^^^^^^^^^^^
  File "/home/airflow/.local/lib/python3.12/site-packages/airflow/models/taskinstance.py", line 733, in _execute_callable
    return ExecutionCallableRunner(
           ^^^^^^^^^^^^^^^^^^^^^^^^
  File "/home/airflow/.local/lib/python3.12/site-packages/airflow/utils/operator_helpers.py", line 252, in run
    return self.func(*args, **kwargs)
           ^^^^^^^^^^^^^^^^^^^^^^^^^^
  File "/home/airflow/.local/lib/python3.12/site-packages/airflow/models/baseoperator.py", line 422, in wrapper
    return func(self, *args, **kwargs)
           ^^^^^^^^^^^^^^^^^^^^^^^^^^^
  File "/home/airflow/.local/lib/python3.12/site-packages/airflow/operators/python.py", line 238, in execute
    return_value = self.execute_callable()
                   ^^^^^^^^^^^^^^^^^^^^^^^
  File "/home/airflow/.local/lib/python3.12/site-packages/airflow/operators/python.py", line 256, in execute_callable
    return runner.run(*self.op_args, **self.op_kwargs)
           ^^^^^^^^^^^^^^^^^^^^^^^^^^^^^^^^^^^^^^^^^^^
  File "/home/airflow/.local/lib/python3.12/site-packages/airflow/utils/operator_helpers.py", line 252, in run
    return self.func(*args, **kwargs)
           ^^^^^^^^^^^^^^^^^^^^^^^^^^
  File "/opt/airflow/dags/scripts/build_mart.py", line 88, in create_mart
    cur.execute(select_query)
psycopg2.errors.UndefinedTable: relation "public.user_logs" does not exist
LINE 10:             FROM public.user_logs
                          ^

[2026-05-21T15:05:08.656+0000] {local_task_job_runner.py:266} INFO - Task exited with return code 1
[2026-05-21T15:05:08.680+0000] {taskinstance.py:3895} INFO - 0 downstream tasks scheduled from follow-on schedule check
[2026-05-21T15:05:08.683+0000] {local_task_job_runner.py:245} INFO - ::endgroup::
[2026-05-21T15:20:44.964+0000] {local_task_job_runner.py:123} INFO - ::group::Pre task execution logs
[2026-05-21T15:20:44.980+0000] {taskinstance.py:2613} INFO - Dependencies all met for dep_context=non-requeueable deps ti=<TaskInstance: create_analytics_mart.create_student_mart scheduled__2026-05-20T02:00:00+00:00 [queued]>
[2026-05-21T15:20:44.987+0000] {taskinstance.py:2613} INFO - Dependencies all met for dep_context=requeueable deps ti=<TaskInstance: create_analytics_mart.create_student_mart scheduled__2026-05-20T02:00:00+00:00 [queued]>
[2026-05-21T15:20:44.988+0000] {taskinstance.py:2866} INFO - Starting attempt 1 of 2
[2026-05-21T15:20:45.004+0000] {taskinstance.py:2889} INFO - Executing <Task(PythonOperator): create_student_mart> on 2026-05-20 02:00:00+00:00
[2026-05-21T15:20:45.012+0000] {standard_task_runner.py:104} INFO - Running: ['airflow', 'tasks', 'run', 'create_analytics_mart', 'create_student_mart', 'scheduled__2026-05-20T02:00:00+00:00', '--job-id', '3', '--raw', '--subdir', 'DAGS_FOLDER/create_mart_dag.py', '--cfg-path', '/tmp/tmpzami6kob']
[2026-05-21T15:20:45.015+0000] {logging_mixin.py:190} WARNING - /home/airflow/.local/lib/python3.12/site-packages/airflow/task/task_runner/standard_task_runner.py:70 DeprecationWarning: This process (pid=208) is multi-threaded, use of fork() may lead to deadlocks in the child.
[2026-05-21T15:20:45.016+0000] {standard_task_runner.py:105} INFO - Job 3: Subtask create_student_mart
[2026-05-21T15:20:45.016+0000] {standard_task_runner.py:72} INFO - Started process 209 to run task
[2026-05-21T15:20:45.063+0000] {task_command.py:467} INFO - Running <TaskInstance: create_analytics_mart.create_student_mart scheduled__2026-05-20T02:00:00+00:00 [running]> on host b0bd83782cc7
[2026-05-21T15:20:45.140+0000] {taskinstance.py:3132} INFO - Exporting env vars: AIRFLOW_CTX_DAG_OWNER='airflow' AIRFLOW_CTX_DAG_ID='create_analytics_mart' AIRFLOW_CTX_TASK_ID='create_student_mart' AIRFLOW_CTX_EXECUTION_DATE='2026-05-20T02:00:00+00:00' AIRFLOW_CTX_TRY_NUMBER='1' AIRFLOW_CTX_DAG_RUN_ID='scheduled__2026-05-20T02:00:00+00:00'
[2026-05-21T15:20:45.141+0000] {taskinstance.py:731} INFO - ::endgroup::
[2026-05-21T15:20:45.171+0000] {logging_mixin.py:190} INFO - Подключение к postgres:5432 ...
[2026-05-21T15:20:45.677+0000] {logging_mixin.py:190} INFO - Витрина обновлена. Записей: 272
[2026-05-21T15:20:45.677+0000] {logging_mixin.py:190} INFO - Витрина успешно создана/обновлена.
[2026-05-21T15:20:45.680+0000] {python.py:240} INFO - Done. Returned value was: None
[2026-05-21T15:20:45.688+0000] {taskinstance.py:340} INFO - ::group::Post task execution logs
[2026-05-21T15:20:45.689+0000] {taskinstance.py:352} INFO - Marking task as SUCCESS. dag_id=create_analytics_mart, task_id=create_student_mart, run_id=scheduled__2026-05-20T02:00:00+00:00, execution_date=20260520T020000, start_date=20260521T152044, end_date=20260521T152045
[2026-05-21T15:20:45.714+0000] {local_task_job_runner.py:266} INFO - Task exited with return code 0
[2026-05-21T15:20:45.729+0000] {taskinstance.py:3895} INFO - 0 downstream tasks scheduled from follow-on schedule check
[2026-05-21T15:20:45.732+0000] {local_task_job_runner.py:245} INFO - ::endgroup::
[2026-05-21T15:40:49.736+0000] {local_task_job_runner.py:123} INFO - ::group::Pre task execution logs
[2026-05-21T15:40:49.751+0000] {taskinstance.py:2613} INFO - Dependencies all met for dep_context=non-requeueable deps ti=<TaskInstance: create_analytics_mart.create_student_mart scheduled__2026-05-20T02:00:00+00:00 [queued]>
[2026-05-21T15:40:49.759+0000] {taskinstance.py:2613} INFO - Dependencies all met for dep_context=requeueable deps ti=<TaskInstance: create_analytics_mart.create_student_mart scheduled__2026-05-20T02:00:00+00:00 [queued]>
[2026-05-21T15:40:49.760+0000] {taskinstance.py:2866} INFO - Starting attempt 1 of 2
[2026-05-21T15:40:49.773+0000] {taskinstance.py:2889} INFO - Executing <Task(PythonOperator): create_student_mart> on 2026-05-20 02:00:00+00:00
[2026-05-21T15:40:49.781+0000] {standard_task_runner.py:104} INFO - Running: ['***', 'tasks', 'run', 'create_analytics_mart', 'create_student_mart', 'scheduled__2026-05-20T02:00:00+00:00', '--job-id', '2', '--raw', '--subdir', 'DAGS_FOLDER/create_mart_dag.py', '--cfg-path', '/tmp/tmpb5j19nsm']
[2026-05-21T15:40:49.784+0000] {standard_task_runner.py:105} INFO - Job 2: Subtask create_student_mart
[2026-05-21T15:40:49.784+0000] {logging_mixin.py:190} WARNING - /home/***/.local/lib/python3.12/site-packages/***/task/task_runner/standard_task_runner.py:70 DeprecationWarning: This process (pid=208) is multi-threaded, use of fork() may lead to deadlocks in the child.
[2026-05-21T15:40:49.785+0000] {standard_task_runner.py:72} INFO - Started process 209 to run task
[2026-05-21T15:40:49.831+0000] {task_command.py:467} INFO - Running <TaskInstance: create_analytics_mart.create_student_mart scheduled__2026-05-20T02:00:00+00:00 [running]> on host 8da4dce17e2c
[2026-05-21T15:40:49.907+0000] {taskinstance.py:3132} INFO - Exporting env vars: AIRFLOW_CTX_DAG_OWNER='***' AIRFLOW_CTX_DAG_ID='create_analytics_mart' AIRFLOW_CTX_TASK_ID='create_student_mart' AIRFLOW_CTX_EXECUTION_DATE='2026-05-20T02:00:00+00:00' AIRFLOW_CTX_TRY_NUMBER='1' AIRFLOW_CTX_DAG_RUN_ID='scheduled__2026-05-20T02:00:00+00:00'
[2026-05-21T15:40:49.909+0000] {taskinstance.py:731} INFO - ::endgroup::
[2026-05-21T15:40:49.940+0000] {logging_mixin.py:190} INFO - Подключение к postgres:5432 ...
[2026-05-21T15:40:50.293+0000] {logging_mixin.py:190} INFO - Витрина обновлена. Записей: 272
[2026-05-21T15:40:50.294+0000] {logging_mixin.py:190} INFO - Витрина успешно создана/обновлена.
[2026-05-21T15:40:50.297+0000] {python.py:240} INFO - Done. Returned value was: None
[2026-05-21T15:40:50.305+0000] {taskinstance.py:340} INFO - ::group::Post task execution logs
[2026-05-21T15:40:50.306+0000] {taskinstance.py:352} INFO - Marking task as SUCCESS. dag_id=create_analytics_mart, task_id=create_student_mart, run_id=scheduled__2026-05-20T02:00:00+00:00, execution_date=20260520T020000, start_date=20260521T154049, end_date=20260521T154050
[2026-05-21T15:40:50.482+0000] {local_task_job_runner.py:266} INFO - Task exited with return code 0
[2026-05-21T15:40:50.500+0000] {taskinstance.py:3895} INFO - 0 downstream tasks scheduled from follow-on schedule check
[2026-05-21T15:40:50.503+0000] {local_task_job_runner.py:245} INFO - ::endgroup::
