[2026-05-21T14:58:16.687+0000] {processor.py:186} INFO - Started process (PID=178) to work on /opt/airflow/dags/create_mart_dag.py
[2026-05-21T14:58:16.689+0000] {processor.py:914} INFO - Processing file /opt/airflow/dags/create_mart_dag.py for tasks to queue
[2026-05-21T14:58:16.694+0000] {logging_mixin.py:190} INFO - [2026-05-21T14:58:16.693+0000] {dagbag.py:588} INFO - Filling up the DagBag from /opt/airflow/dags/create_mart_dag.py
[2026-05-21T14:58:16.741+0000] {processor.py:925} INFO - DAG(s) 'create_analytics_mart' retrieved from /opt/airflow/dags/create_mart_dag.py
[2026-05-21T14:58:16.815+0000] {logging_mixin.py:190} INFO - [2026-05-21T14:58:16.814+0000] {dag.py:3239} INFO - Sync 1 DAGs
[2026-05-21T14:58:16.865+0000] {logging_mixin.py:190} INFO - [2026-05-21T14:58:16.865+0000] {dag.py:4180} INFO - Setting next_dagrun for create_analytics_mart to 2026-05-21 02:00:00+00:00, run_after=2026-05-22 02:00:00+00:00
[2026-05-21T14:58:16.899+0000] {processor.py:208} INFO - Processing /opt/airflow/dags/create_mart_dag.py took 0.220 seconds
[2026-05-21T14:58:47.256+0000] {processor.py:186} INFO - Started process (PID=198) to work on /opt/airflow/dags/create_mart_dag.py
[2026-05-21T14:58:47.257+0000] {processor.py:914} INFO - Processing file /opt/airflow/dags/create_mart_dag.py for tasks to queue
[2026-05-21T14:58:47.260+0000] {logging_mixin.py:190} INFO - [2026-05-21T14:58:47.259+0000] {dagbag.py:588} INFO - Filling up the DagBag from /opt/airflow/dags/create_mart_dag.py
[2026-05-21T14:58:47.285+0000] {processor.py:925} INFO - DAG(s) 'create_analytics_mart' retrieved from /opt/airflow/dags/create_mart_dag.py
[2026-05-21T14:58:47.316+0000] {logging_mixin.py:190} INFO - [2026-05-21T14:58:47.316+0000] {dag.py:3239} INFO - Sync 1 DAGs
[2026-05-21T14:58:47.340+0000] {logging_mixin.py:190} INFO - [2026-05-21T14:58:47.340+0000] {dag.py:4180} INFO - Setting next_dagrun for create_analytics_mart to 2026-05-21 02:00:00+00:00, run_after=2026-05-22 02:00:00+00:00
[2026-05-21T14:58:47.363+0000] {processor.py:208} INFO - Processing /opt/airflow/dags/create_mart_dag.py took 0.113 seconds
[2026-05-21T14:59:17.821+0000] {processor.py:186} INFO - Started process (PID=217) to work on /opt/airflow/dags/create_mart_dag.py
[2026-05-21T14:59:17.822+0000] {processor.py:914} INFO - Processing file /opt/airflow/dags/create_mart_dag.py for tasks to queue
[2026-05-21T14:59:17.825+0000] {logging_mixin.py:190} INFO - [2026-05-21T14:59:17.825+0000] {dagbag.py:588} INFO - Filling up the DagBag from /opt/airflow/dags/create_mart_dag.py
[2026-05-21T14:59:17.864+0000] {processor.py:925} INFO - DAG(s) 'create_analytics_mart' retrieved from /opt/airflow/dags/create_mart_dag.py
[2026-05-21T14:59:17.892+0000] {logging_mixin.py:190} INFO - [2026-05-21T14:59:17.892+0000] {dag.py:3239} INFO - Sync 1 DAGs
[2026-05-21T14:59:17.918+0000] {logging_mixin.py:190} INFO - [2026-05-21T14:59:17.918+0000] {dag.py:4180} INFO - Setting next_dagrun for create_analytics_mart to 2026-05-21 02:00:00+00:00, run_after=2026-05-22 02:00:00+00:00
[2026-05-21T14:59:17.939+0000] {processor.py:208} INFO - Processing /opt/airflow/dags/create_mart_dag.py took 0.125 seconds
[2026-05-21T14:59:48.266+0000] {processor.py:186} INFO - Started process (PID=233) to work on /opt/airflow/dags/create_mart_dag.py
[2026-05-21T14:59:48.267+0000] {processor.py:914} INFO - Processing file /opt/airflow/dags/create_mart_dag.py for tasks to queue
[2026-05-21T14:59:48.270+0000] {logging_mixin.py:190} INFO - [2026-05-21T14:59:48.270+0000] {dagbag.py:588} INFO - Filling up the DagBag from /opt/airflow/dags/create_mart_dag.py
[2026-05-21T14:59:48.302+0000] {processor.py:925} INFO - DAG(s) 'create_analytics_mart' retrieved from /opt/airflow/dags/create_mart_dag.py
[2026-05-21T14:59:48.328+0000] {logging_mixin.py:190} INFO - [2026-05-21T14:59:48.328+0000] {dag.py:3239} INFO - Sync 1 DAGs
[2026-05-21T14:59:48.352+0000] {logging_mixin.py:190} INFO - [2026-05-21T14:59:48.352+0000] {dag.py:4180} INFO - Setting next_dagrun for create_analytics_mart to 2026-05-21 02:00:00+00:00, run_after=2026-05-22 02:00:00+00:00
[2026-05-21T14:59:48.373+0000] {processor.py:208} INFO - Processing /opt/airflow/dags/create_mart_dag.py took 0.114 seconds
[2026-05-21T15:00:18.629+0000] {processor.py:186} INFO - Started process (PID=249) to work on /opt/airflow/dags/create_mart_dag.py
[2026-05-21T15:00:18.631+0000] {processor.py:914} INFO - Processing file /opt/airflow/dags/create_mart_dag.py for tasks to queue
[2026-05-21T15:00:18.633+0000] {logging_mixin.py:190} INFO - [2026-05-21T15:00:18.632+0000] {dagbag.py:588} INFO - Filling up the DagBag from /opt/airflow/dags/create_mart_dag.py
[2026-05-21T15:00:18.665+0000] {processor.py:925} INFO - DAG(s) 'create_analytics_mart' retrieved from /opt/airflow/dags/create_mart_dag.py
[2026-05-21T15:00:18.693+0000] {logging_mixin.py:190} INFO - [2026-05-21T15:00:18.693+0000] {dag.py:3239} INFO - Sync 1 DAGs
[2026-05-21T15:00:18.719+0000] {logging_mixin.py:190} INFO - [2026-05-21T15:00:18.718+0000] {dag.py:4180} INFO - Setting next_dagrun for create_analytics_mart to 2026-05-21 02:00:00+00:00, run_after=2026-05-22 02:00:00+00:00
[2026-05-21T15:00:18.739+0000] {processor.py:208} INFO - Processing /opt/airflow/dags/create_mart_dag.py took 0.115 seconds
[2026-05-21T15:00:49.075+0000] {processor.py:186} INFO - Started process (PID=265) to work on /opt/airflow/dags/create_mart_dag.py
[2026-05-21T15:00:49.076+0000] {processor.py:914} INFO - Processing file /opt/airflow/dags/create_mart_dag.py for tasks to queue
[2026-05-21T15:00:49.079+0000] {logging_mixin.py:190} INFO - [2026-05-21T15:00:49.079+0000] {dagbag.py:588} INFO - Filling up the DagBag from /opt/airflow/dags/create_mart_dag.py
[2026-05-21T15:00:49.126+0000] {processor.py:925} INFO - DAG(s) 'create_analytics_mart' retrieved from /opt/airflow/dags/create_mart_dag.py
[2026-05-21T15:00:49.151+0000] {logging_mixin.py:190} INFO - [2026-05-21T15:00:49.151+0000] {dag.py:3239} INFO - Sync 1 DAGs
[2026-05-21T15:00:49.174+0000] {logging_mixin.py:190} INFO - [2026-05-21T15:00:49.174+0000] {dag.py:4180} INFO - Setting next_dagrun for create_analytics_mart to 2026-05-21 02:00:00+00:00, run_after=2026-05-22 02:00:00+00:00
[2026-05-21T15:00:49.192+0000] {processor.py:208} INFO - Processing /opt/airflow/dags/create_mart_dag.py took 0.123 seconds
[2026-05-21T15:01:19.569+0000] {processor.py:186} INFO - Started process (PID=281) to work on /opt/airflow/dags/create_mart_dag.py
[2026-05-21T15:01:19.571+0000] {processor.py:914} INFO - Processing file /opt/airflow/dags/create_mart_dag.py for tasks to queue
[2026-05-21T15:01:19.573+0000] {logging_mixin.py:190} INFO - [2026-05-21T15:01:19.573+0000] {dagbag.py:588} INFO - Filling up the DagBag from /opt/airflow/dags/create_mart_dag.py
[2026-05-21T15:01:19.598+0000] {processor.py:925} INFO - DAG(s) 'create_analytics_mart' retrieved from /opt/airflow/dags/create_mart_dag.py
[2026-05-21T15:01:19.623+0000] {logging_mixin.py:190} INFO - [2026-05-21T15:01:19.622+0000] {dag.py:3239} INFO - Sync 1 DAGs
[2026-05-21T15:01:19.646+0000] {logging_mixin.py:190} INFO - [2026-05-21T15:01:19.646+0000] {dag.py:4180} INFO - Setting next_dagrun for create_analytics_mart to 2026-05-21 02:00:00+00:00, run_after=2026-05-22 02:00:00+00:00
[2026-05-21T15:01:19.672+0000] {processor.py:208} INFO - Processing /opt/airflow/dags/create_mart_dag.py took 0.109 seconds
[2026-05-21T15:02:25.551+0000] {processor.py:186} INFO - Started process (PID=183) to work on /opt/airflow/dags/create_mart_dag.py
[2026-05-21T15:02:25.553+0000] {processor.py:914} INFO - Processing file /opt/airflow/dags/create_mart_dag.py for tasks to queue
[2026-05-21T15:02:25.557+0000] {logging_mixin.py:190} INFO - [2026-05-21T15:02:25.556+0000] {dagbag.py:588} INFO - Filling up the DagBag from /opt/airflow/dags/create_mart_dag.py
[2026-05-21T15:02:25.601+0000] {processor.py:925} INFO - DAG(s) 'create_analytics_mart' retrieved from /opt/airflow/dags/create_mart_dag.py
[2026-05-21T15:02:25.672+0000] {logging_mixin.py:190} INFO - [2026-05-21T15:02:25.672+0000] {dag.py:3239} INFO - Sync 1 DAGs
[2026-05-21T15:02:25.734+0000] {logging_mixin.py:190} INFO - [2026-05-21T15:02:25.734+0000] {dag.py:4180} INFO - Setting next_dagrun for create_analytics_mart to 2026-05-21 02:00:00+00:00, run_after=2026-05-22 02:00:00+00:00
[2026-05-21T15:02:25.777+0000] {processor.py:208} INFO - Processing /opt/airflow/dags/create_mart_dag.py took 0.233 seconds
[2026-05-21T15:02:56.146+0000] {processor.py:186} INFO - Started process (PID=200) to work on /opt/airflow/dags/create_mart_dag.py
[2026-05-21T15:02:56.148+0000] {processor.py:914} INFO - Processing file /opt/airflow/dags/create_mart_dag.py for tasks to queue
[2026-05-21T15:02:56.152+0000] {logging_mixin.py:190} INFO - [2026-05-21T15:02:56.151+0000] {dagbag.py:588} INFO - Filling up the DagBag from /opt/airflow/dags/create_mart_dag.py
[2026-05-21T15:02:56.175+0000] {processor.py:925} INFO - DAG(s) 'create_analytics_mart' retrieved from /opt/airflow/dags/create_mart_dag.py
[2026-05-21T15:02:56.203+0000] {logging_mixin.py:190} INFO - [2026-05-21T15:02:56.203+0000] {dag.py:3239} INFO - Sync 1 DAGs
[2026-05-21T15:02:56.230+0000] {logging_mixin.py:190} INFO - [2026-05-21T15:02:56.229+0000] {dag.py:4180} INFO - Setting next_dagrun for create_analytics_mart to 2026-05-21 02:00:00+00:00, run_after=2026-05-22 02:00:00+00:00
[2026-05-21T15:02:56.251+0000] {processor.py:208} INFO - Processing /opt/airflow/dags/create_mart_dag.py took 0.111 seconds
[2026-05-21T15:03:26.550+0000] {processor.py:186} INFO - Started process (PID=216) to work on /opt/airflow/dags/create_mart_dag.py
[2026-05-21T15:03:26.551+0000] {processor.py:914} INFO - Processing file /opt/airflow/dags/create_mart_dag.py for tasks to queue
[2026-05-21T15:03:26.554+0000] {logging_mixin.py:190} INFO - [2026-05-21T15:03:26.553+0000] {dagbag.py:588} INFO - Filling up the DagBag from /opt/airflow/dags/create_mart_dag.py
[2026-05-21T15:03:26.583+0000] {processor.py:925} INFO - DAG(s) 'create_analytics_mart' retrieved from /opt/airflow/dags/create_mart_dag.py
[2026-05-21T15:03:26.799+0000] {logging_mixin.py:190} INFO - [2026-05-21T15:03:26.799+0000] {dag.py:3239} INFO - Sync 1 DAGs
[2026-05-21T15:03:26.811+0000] {logging_mixin.py:190} INFO - [2026-05-21T15:03:26.811+0000] {dag.py:3262} INFO - Creating ORM DAG for create_analytics_mart
[2026-05-21T15:03:26.822+0000] {logging_mixin.py:190} INFO - [2026-05-21T15:03:26.821+0000] {dag.py:4180} INFO - Setting next_dagrun for create_analytics_mart to 2026-05-20 02:00:00+00:00, run_after=2026-05-21 02:00:00+00:00
[2026-05-21T15:03:26.843+0000] {processor.py:208} INFO - Processing /opt/airflow/dags/create_mart_dag.py took 0.299 seconds
[2026-05-21T15:03:57.293+0000] {processor.py:186} INFO - Started process (PID=232) to work on /opt/airflow/dags/create_mart_dag.py
[2026-05-21T15:03:57.295+0000] {processor.py:914} INFO - Processing file /opt/airflow/dags/create_mart_dag.py for tasks to queue
[2026-05-21T15:03:57.300+0000] {logging_mixin.py:190} INFO - [2026-05-21T15:03:57.299+0000] {dagbag.py:588} INFO - Filling up the DagBag from /opt/airflow/dags/create_mart_dag.py
[2026-05-21T15:03:57.363+0000] {processor.py:925} INFO - DAG(s) 'create_analytics_mart' retrieved from /opt/airflow/dags/create_mart_dag.py
[2026-05-21T15:03:57.397+0000] {logging_mixin.py:190} INFO - [2026-05-21T15:03:57.396+0000] {dag.py:3239} INFO - Sync 1 DAGs
[2026-05-21T15:03:57.422+0000] {logging_mixin.py:190} INFO - [2026-05-21T15:03:57.422+0000] {dag.py:4180} INFO - Setting next_dagrun for create_analytics_mart to 2026-05-20 02:00:00+00:00, run_after=2026-05-21 02:00:00+00:00
[2026-05-21T15:03:57.450+0000] {processor.py:208} INFO - Processing /opt/airflow/dags/create_mart_dag.py took 0.167 seconds
[2026-05-21T15:04:15.636+0000] {processor.py:186} INFO - Started process (PID=176) to work on /opt/airflow/dags/create_mart_dag.py
[2026-05-21T15:04:15.638+0000] {processor.py:914} INFO - Processing file /opt/airflow/dags/create_mart_dag.py for tasks to queue
[2026-05-21T15:04:15.640+0000] {logging_mixin.py:190} INFO - [2026-05-21T15:04:15.639+0000] {dagbag.py:588} INFO - Filling up the DagBag from /opt/airflow/dags/create_mart_dag.py
[2026-05-21T15:04:15.668+0000] {processor.py:925} INFO - DAG(s) 'create_analytics_mart' retrieved from /opt/airflow/dags/create_mart_dag.py
[2026-05-21T15:04:15.696+0000] {logging_mixin.py:190} INFO - [2026-05-21T15:04:15.695+0000] {dag.py:3239} INFO - Sync 1 DAGs
[2026-05-21T15:04:15.725+0000] {logging_mixin.py:190} INFO - [2026-05-21T15:04:15.725+0000] {dag.py:4180} INFO - Setting next_dagrun for create_analytics_mart to 2026-05-20 02:00:00+00:00, run_after=2026-05-21 02:00:00+00:00
[2026-05-21T15:04:15.759+0000] {processor.py:208} INFO - Processing /opt/airflow/dags/create_mart_dag.py took 0.128 seconds
[2026-05-21T15:04:46.027+0000] {processor.py:186} INFO - Started process (PID=192) to work on /opt/airflow/dags/create_mart_dag.py
[2026-05-21T15:04:46.028+0000] {processor.py:914} INFO - Processing file /opt/airflow/dags/create_mart_dag.py for tasks to queue
[2026-05-21T15:04:46.031+0000] {logging_mixin.py:190} INFO - [2026-05-21T15:04:46.030+0000] {dagbag.py:588} INFO - Filling up the DagBag from /opt/airflow/dags/create_mart_dag.py
[2026-05-21T15:04:46.058+0000] {processor.py:925} INFO - DAG(s) 'create_analytics_mart' retrieved from /opt/airflow/dags/create_mart_dag.py
[2026-05-21T15:04:46.088+0000] {logging_mixin.py:190} INFO - [2026-05-21T15:04:46.088+0000] {dag.py:3239} INFO - Sync 1 DAGs
[2026-05-21T15:04:46.112+0000] {logging_mixin.py:190} INFO - [2026-05-21T15:04:46.112+0000] {dag.py:4180} INFO - Setting next_dagrun for create_analytics_mart to 2026-05-20 02:00:00+00:00, run_after=2026-05-21 02:00:00+00:00
[2026-05-21T15:04:46.184+0000] {processor.py:208} INFO - Processing /opt/airflow/dags/create_mart_dag.py took 0.163 seconds
[2026-05-21T15:05:16.509+0000] {processor.py:186} INFO - Started process (PID=214) to work on /opt/airflow/dags/create_mart_dag.py
[2026-05-21T15:05:16.511+0000] {processor.py:914} INFO - Processing file /opt/airflow/dags/create_mart_dag.py for tasks to queue
[2026-05-21T15:05:16.514+0000] {logging_mixin.py:190} INFO - [2026-05-21T15:05:16.514+0000] {dagbag.py:588} INFO - Filling up the DagBag from /opt/airflow/dags/create_mart_dag.py
[2026-05-21T15:05:16.562+0000] {processor.py:925} INFO - DAG(s) 'create_analytics_mart' retrieved from /opt/airflow/dags/create_mart_dag.py
[2026-05-21T15:05:16.599+0000] {logging_mixin.py:190} INFO - [2026-05-21T15:05:16.598+0000] {dag.py:3239} INFO - Sync 1 DAGs
[2026-05-21T15:05:16.628+0000] {logging_mixin.py:190} INFO - [2026-05-21T15:05:16.627+0000] {dag.py:4180} INFO - Setting next_dagrun for create_analytics_mart to 2026-05-21 02:00:00+00:00, run_after=2026-05-22 02:00:00+00:00
[2026-05-21T15:05:16.649+0000] {processor.py:208} INFO - Processing /opt/airflow/dags/create_mart_dag.py took 0.154 seconds
[2026-05-21T15:05:46.993+0000] {processor.py:186} INFO - Started process (PID=230) to work on /opt/airflow/dags/create_mart_dag.py
[2026-05-21T15:05:46.995+0000] {processor.py:914} INFO - Processing file /opt/airflow/dags/create_mart_dag.py for tasks to queue
[2026-05-21T15:05:46.998+0000] {logging_mixin.py:190} INFO - [2026-05-21T15:05:46.998+0000] {dagbag.py:588} INFO - Filling up the DagBag from /opt/airflow/dags/create_mart_dag.py
[2026-05-21T15:05:47.122+0000] {processor.py:925} INFO - DAG(s) 'create_analytics_mart' retrieved from /opt/airflow/dags/create_mart_dag.py
[2026-05-21T15:05:47.154+0000] {logging_mixin.py:190} INFO - [2026-05-21T15:05:47.154+0000] {dag.py:3239} INFO - Sync 1 DAGs
[2026-05-21T15:05:47.182+0000] {logging_mixin.py:190} INFO - [2026-05-21T15:05:47.182+0000] {dag.py:4180} INFO - Setting next_dagrun for create_analytics_mart to 2026-05-21 02:00:00+00:00, run_after=2026-05-22 02:00:00+00:00
[2026-05-21T15:05:47.203+0000] {processor.py:208} INFO - Processing /opt/airflow/dags/create_mart_dag.py took 0.218 seconds
[2026-05-21T15:06:17.735+0000] {processor.py:186} INFO - Started process (PID=246) to work on /opt/airflow/dags/create_mart_dag.py
[2026-05-21T15:06:17.736+0000] {processor.py:914} INFO - Processing file /opt/airflow/dags/create_mart_dag.py for tasks to queue
[2026-05-21T15:06:17.740+0000] {logging_mixin.py:190} INFO - [2026-05-21T15:06:17.739+0000] {dagbag.py:588} INFO - Filling up the DagBag from /opt/airflow/dags/create_mart_dag.py
[2026-05-21T15:06:17.773+0000] {processor.py:925} INFO - DAG(s) 'create_analytics_mart' retrieved from /opt/airflow/dags/create_mart_dag.py
[2026-05-21T15:06:17.803+0000] {logging_mixin.py:190} INFO - [2026-05-21T15:06:17.803+0000] {dag.py:3239} INFO - Sync 1 DAGs
[2026-05-21T15:06:17.831+0000] {logging_mixin.py:190} INFO - [2026-05-21T15:06:17.830+0000] {dag.py:4180} INFO - Setting next_dagrun for create_analytics_mart to 2026-05-21 02:00:00+00:00, run_after=2026-05-22 02:00:00+00:00
[2026-05-21T15:06:17.854+0000] {processor.py:208} INFO - Processing /opt/airflow/dags/create_mart_dag.py took 0.126 seconds
[2026-05-21T15:06:48.372+0000] {processor.py:186} INFO - Started process (PID=262) to work on /opt/airflow/dags/create_mart_dag.py
[2026-05-21T15:06:48.374+0000] {processor.py:914} INFO - Processing file /opt/airflow/dags/create_mart_dag.py for tasks to queue
[2026-05-21T15:06:48.380+0000] {logging_mixin.py:190} INFO - [2026-05-21T15:06:48.379+0000] {dagbag.py:588} INFO - Filling up the DagBag from /opt/airflow/dags/create_mart_dag.py
[2026-05-21T15:06:48.424+0000] {processor.py:925} INFO - DAG(s) 'create_analytics_mart' retrieved from /opt/airflow/dags/create_mart_dag.py
[2026-05-21T15:06:48.452+0000] {logging_mixin.py:190} INFO - [2026-05-21T15:06:48.452+0000] {dag.py:3239} INFO - Sync 1 DAGs
[2026-05-21T15:06:48.478+0000] {logging_mixin.py:190} INFO - [2026-05-21T15:06:48.478+0000] {dag.py:4180} INFO - Setting next_dagrun for create_analytics_mart to 2026-05-21 02:00:00+00:00, run_after=2026-05-22 02:00:00+00:00
[2026-05-21T15:06:48.504+0000] {processor.py:208} INFO - Processing /opt/airflow/dags/create_mart_dag.py took 0.145 seconds
[2026-05-21T15:07:19.012+0000] {processor.py:186} INFO - Started process (PID=278) to work on /opt/airflow/dags/create_mart_dag.py
[2026-05-21T15:07:19.014+0000] {processor.py:914} INFO - Processing file /opt/airflow/dags/create_mart_dag.py for tasks to queue
[2026-05-21T15:07:19.017+0000] {logging_mixin.py:190} INFO - [2026-05-21T15:07:19.016+0000] {dagbag.py:588} INFO - Filling up the DagBag from /opt/airflow/dags/create_mart_dag.py
[2026-05-21T15:07:19.057+0000] {processor.py:925} INFO - DAG(s) 'create_analytics_mart' retrieved from /opt/airflow/dags/create_mart_dag.py
[2026-05-21T15:07:19.090+0000] {logging_mixin.py:190} INFO - [2026-05-21T15:07:19.090+0000] {dag.py:3239} INFO - Sync 1 DAGs
[2026-05-21T15:07:19.129+0000] {logging_mixin.py:190} INFO - [2026-05-21T15:07:19.129+0000] {dag.py:4180} INFO - Setting next_dagrun for create_analytics_mart to 2026-05-21 02:00:00+00:00, run_after=2026-05-22 02:00:00+00:00
[2026-05-21T15:07:19.150+0000] {processor.py:208} INFO - Processing /opt/airflow/dags/create_mart_dag.py took 0.145 seconds
[2026-05-21T15:07:49.624+0000] {processor.py:186} INFO - Started process (PID=294) to work on /opt/airflow/dags/create_mart_dag.py
[2026-05-21T15:07:49.626+0000] {processor.py:914} INFO - Processing file /opt/airflow/dags/create_mart_dag.py for tasks to queue
[2026-05-21T15:07:49.630+0000] {logging_mixin.py:190} INFO - [2026-05-21T15:07:49.629+0000] {dagbag.py:588} INFO - Filling up the DagBag from /opt/airflow/dags/create_mart_dag.py
[2026-05-21T15:07:49.675+0000] {processor.py:925} INFO - DAG(s) 'create_analytics_mart' retrieved from /opt/airflow/dags/create_mart_dag.py
[2026-05-21T15:07:49.701+0000] {logging_mixin.py:190} INFO - [2026-05-21T15:07:49.701+0000] {dag.py:3239} INFO - Sync 1 DAGs
[2026-05-21T15:07:49.727+0000] {logging_mixin.py:190} INFO - [2026-05-21T15:07:49.726+0000] {dag.py:4180} INFO - Setting next_dagrun for create_analytics_mart to 2026-05-21 02:00:00+00:00, run_after=2026-05-22 02:00:00+00:00
[2026-05-21T15:07:49.750+0000] {processor.py:208} INFO - Processing /opt/airflow/dags/create_mart_dag.py took 0.138 seconds
[2026-05-21T15:08:20.213+0000] {processor.py:186} INFO - Started process (PID=310) to work on /opt/airflow/dags/create_mart_dag.py
[2026-05-21T15:08:20.215+0000] {processor.py:914} INFO - Processing file /opt/airflow/dags/create_mart_dag.py for tasks to queue
[2026-05-21T15:08:20.218+0000] {logging_mixin.py:190} INFO - [2026-05-21T15:08:20.218+0000] {dagbag.py:588} INFO - Filling up the DagBag from /opt/airflow/dags/create_mart_dag.py
[2026-05-21T15:08:20.287+0000] {processor.py:925} INFO - DAG(s) 'create_analytics_mart' retrieved from /opt/airflow/dags/create_mart_dag.py
[2026-05-21T15:08:20.315+0000] {logging_mixin.py:190} INFO - [2026-05-21T15:08:20.314+0000] {dag.py:3239} INFO - Sync 1 DAGs
[2026-05-21T15:08:20.340+0000] {logging_mixin.py:190} INFO - [2026-05-21T15:08:20.340+0000] {dag.py:4180} INFO - Setting next_dagrun for create_analytics_mart to 2026-05-21 02:00:00+00:00, run_after=2026-05-22 02:00:00+00:00
[2026-05-21T15:08:20.362+0000] {processor.py:208} INFO - Processing /opt/airflow/dags/create_mart_dag.py took 0.157 seconds
[2026-05-21T15:08:50.859+0000] {processor.py:186} INFO - Started process (PID=326) to work on /opt/airflow/dags/create_mart_dag.py
[2026-05-21T15:08:50.860+0000] {processor.py:914} INFO - Processing file /opt/airflow/dags/create_mart_dag.py for tasks to queue
[2026-05-21T15:08:50.863+0000] {logging_mixin.py:190} INFO - [2026-05-21T15:08:50.863+0000] {dagbag.py:588} INFO - Filling up the DagBag from /opt/airflow/dags/create_mart_dag.py
[2026-05-21T15:08:50.898+0000] {processor.py:925} INFO - DAG(s) 'create_analytics_mart' retrieved from /opt/airflow/dags/create_mart_dag.py
[2026-05-21T15:08:50.928+0000] {logging_mixin.py:190} INFO - [2026-05-21T15:08:50.928+0000] {dag.py:3239} INFO - Sync 1 DAGs
[2026-05-21T15:08:50.956+0000] {logging_mixin.py:190} INFO - [2026-05-21T15:08:50.956+0000] {dag.py:4180} INFO - Setting next_dagrun for create_analytics_mart to 2026-05-21 02:00:00+00:00, run_after=2026-05-22 02:00:00+00:00
[2026-05-21T15:08:50.979+0000] {processor.py:208} INFO - Processing /opt/airflow/dags/create_mart_dag.py took 0.127 seconds
[2026-05-21T15:09:21.456+0000] {processor.py:186} INFO - Started process (PID=342) to work on /opt/airflow/dags/create_mart_dag.py
[2026-05-21T15:09:21.457+0000] {processor.py:914} INFO - Processing file /opt/airflow/dags/create_mart_dag.py for tasks to queue
[2026-05-21T15:09:21.459+0000] {logging_mixin.py:190} INFO - [2026-05-21T15:09:21.459+0000] {dagbag.py:588} INFO - Filling up the DagBag from /opt/airflow/dags/create_mart_dag.py
[2026-05-21T15:09:21.482+0000] {processor.py:925} INFO - DAG(s) 'create_analytics_mart' retrieved from /opt/airflow/dags/create_mart_dag.py
[2026-05-21T15:09:21.504+0000] {logging_mixin.py:190} INFO - [2026-05-21T15:09:21.504+0000] {dag.py:3239} INFO - Sync 1 DAGs
[2026-05-21T15:09:21.530+0000] {logging_mixin.py:190} INFO - [2026-05-21T15:09:21.530+0000] {dag.py:4180} INFO - Setting next_dagrun for create_analytics_mart to 2026-05-21 02:00:00+00:00, run_after=2026-05-22 02:00:00+00:00
[2026-05-21T15:09:21.549+0000] {processor.py:208} INFO - Processing /opt/airflow/dags/create_mart_dag.py took 0.099 seconds
[2026-05-21T15:09:51.824+0000] {processor.py:186} INFO - Started process (PID=358) to work on /opt/airflow/dags/create_mart_dag.py
[2026-05-21T15:09:51.826+0000] {processor.py:914} INFO - Processing file /opt/airflow/dags/create_mart_dag.py for tasks to queue
[2026-05-21T15:09:51.828+0000] {logging_mixin.py:190} INFO - [2026-05-21T15:09:51.828+0000] {dagbag.py:588} INFO - Filling up the DagBag from /opt/airflow/dags/create_mart_dag.py
[2026-05-21T15:09:51.864+0000] {processor.py:925} INFO - DAG(s) 'create_analytics_mart' retrieved from /opt/airflow/dags/create_mart_dag.py
[2026-05-21T15:09:51.891+0000] {logging_mixin.py:190} INFO - [2026-05-21T15:09:51.890+0000] {dag.py:3239} INFO - Sync 1 DAGs
[2026-05-21T15:09:51.917+0000] {logging_mixin.py:190} INFO - [2026-05-21T15:09:51.917+0000] {dag.py:4180} INFO - Setting next_dagrun for create_analytics_mart to 2026-05-21 02:00:00+00:00, run_after=2026-05-22 02:00:00+00:00
[2026-05-21T15:09:51.939+0000] {processor.py:208} INFO - Processing /opt/airflow/dags/create_mart_dag.py took 0.122 seconds
[2026-05-21T15:10:22.261+0000] {processor.py:186} INFO - Started process (PID=380) to work on /opt/airflow/dags/create_mart_dag.py
[2026-05-21T15:10:22.262+0000] {processor.py:914} INFO - Processing file /opt/airflow/dags/create_mart_dag.py for tasks to queue
[2026-05-21T15:10:22.264+0000] {logging_mixin.py:190} INFO - [2026-05-21T15:10:22.264+0000] {dagbag.py:588} INFO - Filling up the DagBag from /opt/airflow/dags/create_mart_dag.py
[2026-05-21T15:10:22.292+0000] {processor.py:925} INFO - DAG(s) 'create_analytics_mart' retrieved from /opt/airflow/dags/create_mart_dag.py
[2026-05-21T15:10:22.317+0000] {logging_mixin.py:190} INFO - [2026-05-21T15:10:22.316+0000] {dag.py:3239} INFO - Sync 1 DAGs
[2026-05-21T15:10:22.341+0000] {logging_mixin.py:190} INFO - [2026-05-21T15:10:22.341+0000] {dag.py:4180} INFO - Setting next_dagrun for create_analytics_mart to 2026-05-21 02:00:00+00:00, run_after=2026-05-22 02:00:00+00:00
[2026-05-21T15:10:22.361+0000] {processor.py:208} INFO - Processing /opt/airflow/dags/create_mart_dag.py took 0.105 seconds
[2026-05-21T15:10:52.679+0000] {processor.py:186} INFO - Started process (PID=396) to work on /opt/airflow/dags/create_mart_dag.py
[2026-05-21T15:10:52.680+0000] {processor.py:914} INFO - Processing file /opt/airflow/dags/create_mart_dag.py for tasks to queue
[2026-05-21T15:10:52.683+0000] {logging_mixin.py:190} INFO - [2026-05-21T15:10:52.682+0000] {dagbag.py:588} INFO - Filling up the DagBag from /opt/airflow/dags/create_mart_dag.py
[2026-05-21T15:10:52.705+0000] {processor.py:925} INFO - DAG(s) 'create_analytics_mart' retrieved from /opt/airflow/dags/create_mart_dag.py
[2026-05-21T15:10:52.730+0000] {logging_mixin.py:190} INFO - [2026-05-21T15:10:52.730+0000] {dag.py:3239} INFO - Sync 1 DAGs
[2026-05-21T15:10:52.753+0000] {logging_mixin.py:190} INFO - [2026-05-21T15:10:52.753+0000] {dag.py:4180} INFO - Setting next_dagrun for create_analytics_mart to 2026-05-21 02:00:00+00:00, run_after=2026-05-22 02:00:00+00:00
[2026-05-21T15:10:52.770+0000] {processor.py:208} INFO - Processing /opt/airflow/dags/create_mart_dag.py took 0.096 seconds
[2026-05-21T15:11:23.103+0000] {processor.py:186} INFO - Started process (PID=412) to work on /opt/airflow/dags/create_mart_dag.py
[2026-05-21T15:11:23.104+0000] {processor.py:914} INFO - Processing file /opt/airflow/dags/create_mart_dag.py for tasks to queue
[2026-05-21T15:11:23.108+0000] {logging_mixin.py:190} INFO - [2026-05-21T15:11:23.108+0000] {dagbag.py:588} INFO - Filling up the DagBag from /opt/airflow/dags/create_mart_dag.py
[2026-05-21T15:11:23.141+0000] {processor.py:925} INFO - DAG(s) 'create_analytics_mart' retrieved from /opt/airflow/dags/create_mart_dag.py
[2026-05-21T15:11:23.165+0000] {logging_mixin.py:190} INFO - [2026-05-21T15:11:23.165+0000] {dag.py:3239} INFO - Sync 1 DAGs
[2026-05-21T15:11:23.188+0000] {logging_mixin.py:190} INFO - [2026-05-21T15:11:23.187+0000] {dag.py:4180} INFO - Setting next_dagrun for create_analytics_mart to 2026-05-21 02:00:00+00:00, run_after=2026-05-22 02:00:00+00:00
[2026-05-21T15:11:23.223+0000] {processor.py:208} INFO - Processing /opt/airflow/dags/create_mart_dag.py took 0.127 seconds
[2026-05-21T15:11:53.527+0000] {processor.py:186} INFO - Started process (PID=428) to work on /opt/airflow/dags/create_mart_dag.py
[2026-05-21T15:11:53.529+0000] {processor.py:914} INFO - Processing file /opt/airflow/dags/create_mart_dag.py for tasks to queue
[2026-05-21T15:11:53.531+0000] {logging_mixin.py:190} INFO - [2026-05-21T15:11:53.530+0000] {dagbag.py:588} INFO - Filling up the DagBag from /opt/airflow/dags/create_mart_dag.py
[2026-05-21T15:11:53.569+0000] {processor.py:925} INFO - DAG(s) 'create_analytics_mart' retrieved from /opt/airflow/dags/create_mart_dag.py
[2026-05-21T15:11:53.598+0000] {logging_mixin.py:190} INFO - [2026-05-21T15:11:53.597+0000] {dag.py:3239} INFO - Sync 1 DAGs
[2026-05-21T15:11:53.624+0000] {logging_mixin.py:190} INFO - [2026-05-21T15:11:53.623+0000] {dag.py:4180} INFO - Setting next_dagrun for create_analytics_mart to 2026-05-21 02:00:00+00:00, run_after=2026-05-22 02:00:00+00:00
[2026-05-21T15:11:53.725+0000] {processor.py:208} INFO - Processing /opt/airflow/dags/create_mart_dag.py took 0.204 seconds
[2026-05-21T15:12:24.047+0000] {processor.py:186} INFO - Started process (PID=444) to work on /opt/airflow/dags/create_mart_dag.py
[2026-05-21T15:12:24.048+0000] {processor.py:914} INFO - Processing file /opt/airflow/dags/create_mart_dag.py for tasks to queue
[2026-05-21T15:12:24.050+0000] {logging_mixin.py:190} INFO - [2026-05-21T15:12:24.050+0000] {dagbag.py:588} INFO - Filling up the DagBag from /opt/airflow/dags/create_mart_dag.py
[2026-05-21T15:12:24.082+0000] {processor.py:925} INFO - DAG(s) 'create_analytics_mart' retrieved from /opt/airflow/dags/create_mart_dag.py
[2026-05-21T15:12:24.110+0000] {logging_mixin.py:190} INFO - [2026-05-21T15:12:24.110+0000] {dag.py:3239} INFO - Sync 1 DAGs
[2026-05-21T15:12:24.136+0000] {logging_mixin.py:190} INFO - [2026-05-21T15:12:24.136+0000] {dag.py:4180} INFO - Setting next_dagrun for create_analytics_mart to 2026-05-21 02:00:00+00:00, run_after=2026-05-22 02:00:00+00:00
[2026-05-21T15:12:24.154+0000] {processor.py:208} INFO - Processing /opt/airflow/dags/create_mart_dag.py took 0.115 seconds
[2026-05-21T15:12:54.519+0000] {processor.py:186} INFO - Started process (PID=460) to work on /opt/airflow/dags/create_mart_dag.py
[2026-05-21T15:12:54.520+0000] {processor.py:914} INFO - Processing file /opt/airflow/dags/create_mart_dag.py for tasks to queue
[2026-05-21T15:12:54.523+0000] {logging_mixin.py:190} INFO - [2026-05-21T15:12:54.522+0000] {dagbag.py:588} INFO - Filling up the DagBag from /opt/airflow/dags/create_mart_dag.py
[2026-05-21T15:12:54.552+0000] {processor.py:925} INFO - DAG(s) 'create_analytics_mart' retrieved from /opt/airflow/dags/create_mart_dag.py
[2026-05-21T15:12:54.580+0000] {logging_mixin.py:190} INFO - [2026-05-21T15:12:54.580+0000] {dag.py:3239} INFO - Sync 1 DAGs
[2026-05-21T15:12:54.608+0000] {logging_mixin.py:190} INFO - [2026-05-21T15:12:54.608+0000] {dag.py:4180} INFO - Setting next_dagrun for create_analytics_mart to 2026-05-21 02:00:00+00:00, run_after=2026-05-22 02:00:00+00:00
[2026-05-21T15:12:54.633+0000] {processor.py:208} INFO - Processing /opt/airflow/dags/create_mart_dag.py took 0.120 seconds
[2026-05-21T15:13:24.919+0000] {processor.py:186} INFO - Started process (PID=476) to work on /opt/airflow/dags/create_mart_dag.py
[2026-05-21T15:13:24.922+0000] {processor.py:914} INFO - Processing file /opt/airflow/dags/create_mart_dag.py for tasks to queue
[2026-05-21T15:13:24.928+0000] {logging_mixin.py:190} INFO - [2026-05-21T15:13:24.927+0000] {dagbag.py:588} INFO - Filling up the DagBag from /opt/airflow/dags/create_mart_dag.py
[2026-05-21T15:13:25.001+0000] {processor.py:925} INFO - DAG(s) 'create_analytics_mart' retrieved from /opt/airflow/dags/create_mart_dag.py
[2026-05-21T15:13:25.079+0000] {logging_mixin.py:190} INFO - [2026-05-21T15:13:25.079+0000] {dag.py:3239} INFO - Sync 1 DAGs
[2026-05-21T15:13:25.150+0000] {logging_mixin.py:190} INFO - [2026-05-21T15:13:25.149+0000] {dag.py:4180} INFO - Setting next_dagrun for create_analytics_mart to 2026-05-21 02:00:00+00:00, run_after=2026-05-22 02:00:00+00:00
[2026-05-21T15:13:25.198+0000] {processor.py:208} INFO - Processing /opt/airflow/dags/create_mart_dag.py took 0.295 seconds
[2026-05-21T15:13:55.578+0000] {processor.py:186} INFO - Started process (PID=492) to work on /opt/airflow/dags/create_mart_dag.py
[2026-05-21T15:13:55.580+0000] {processor.py:914} INFO - Processing file /opt/airflow/dags/create_mart_dag.py for tasks to queue
[2026-05-21T15:13:55.582+0000] {logging_mixin.py:190} INFO - [2026-05-21T15:13:55.581+0000] {dagbag.py:588} INFO - Filling up the DagBag from /opt/airflow/dags/create_mart_dag.py
[2026-05-21T15:13:55.609+0000] {processor.py:925} INFO - DAG(s) 'create_analytics_mart' retrieved from /opt/airflow/dags/create_mart_dag.py
[2026-05-21T15:13:55.636+0000] {logging_mixin.py:190} INFO - [2026-05-21T15:13:55.636+0000] {dag.py:3239} INFO - Sync 1 DAGs
[2026-05-21T15:13:55.663+0000] {logging_mixin.py:190} INFO - [2026-05-21T15:13:55.663+0000] {dag.py:4180} INFO - Setting next_dagrun for create_analytics_mart to 2026-05-21 02:00:00+00:00, run_after=2026-05-22 02:00:00+00:00
[2026-05-21T15:13:55.684+0000] {processor.py:208} INFO - Processing /opt/airflow/dags/create_mart_dag.py took 0.112 seconds
[2026-05-21T15:14:26.079+0000] {processor.py:186} INFO - Started process (PID=508) to work on /opt/airflow/dags/create_mart_dag.py
[2026-05-21T15:14:26.083+0000] {processor.py:914} INFO - Processing file /opt/airflow/dags/create_mart_dag.py for tasks to queue
[2026-05-21T15:14:26.086+0000] {logging_mixin.py:190} INFO - [2026-05-21T15:14:26.085+0000] {dagbag.py:588} INFO - Filling up the DagBag from /opt/airflow/dags/create_mart_dag.py
[2026-05-21T15:14:26.111+0000] {processor.py:925} INFO - DAG(s) 'create_analytics_mart' retrieved from /opt/airflow/dags/create_mart_dag.py
[2026-05-21T15:14:26.134+0000] {logging_mixin.py:190} INFO - [2026-05-21T15:14:26.134+0000] {dag.py:3239} INFO - Sync 1 DAGs
[2026-05-21T15:14:26.160+0000] {logging_mixin.py:190} INFO - [2026-05-21T15:14:26.160+0000] {dag.py:4180} INFO - Setting next_dagrun for create_analytics_mart to 2026-05-21 02:00:00+00:00, run_after=2026-05-22 02:00:00+00:00
[2026-05-21T15:14:26.253+0000] {processor.py:208} INFO - Processing /opt/airflow/dags/create_mart_dag.py took 0.179 seconds
[2026-05-21T15:14:56.476+0000] {processor.py:186} INFO - Started process (PID=524) to work on /opt/airflow/dags/create_mart_dag.py
[2026-05-21T15:14:56.477+0000] {processor.py:914} INFO - Processing file /opt/airflow/dags/create_mart_dag.py for tasks to queue
[2026-05-21T15:14:56.481+0000] {logging_mixin.py:190} INFO - [2026-05-21T15:14:56.480+0000] {dagbag.py:588} INFO - Filling up the DagBag from /opt/airflow/dags/create_mart_dag.py
[2026-05-21T15:14:56.519+0000] {processor.py:925} INFO - DAG(s) 'create_analytics_mart' retrieved from /opt/airflow/dags/create_mart_dag.py
[2026-05-21T15:14:56.553+0000] {logging_mixin.py:190} INFO - [2026-05-21T15:14:56.552+0000] {dag.py:3239} INFO - Sync 1 DAGs
[2026-05-21T15:14:56.579+0000] {logging_mixin.py:190} INFO - [2026-05-21T15:14:56.579+0000] {dag.py:4180} INFO - Setting next_dagrun for create_analytics_mart to 2026-05-21 02:00:00+00:00, run_after=2026-05-22 02:00:00+00:00
[2026-05-21T15:14:56.601+0000] {processor.py:208} INFO - Processing /opt/airflow/dags/create_mart_dag.py took 0.131 seconds
[2026-05-21T15:15:26.956+0000] {processor.py:186} INFO - Started process (PID=540) to work on /opt/airflow/dags/create_mart_dag.py
[2026-05-21T15:15:26.957+0000] {processor.py:914} INFO - Processing file /opt/airflow/dags/create_mart_dag.py for tasks to queue
[2026-05-21T15:15:26.959+0000] {logging_mixin.py:190} INFO - [2026-05-21T15:15:26.959+0000] {dagbag.py:588} INFO - Filling up the DagBag from /opt/airflow/dags/create_mart_dag.py
[2026-05-21T15:15:26.982+0000] {processor.py:925} INFO - DAG(s) 'create_analytics_mart' retrieved from /opt/airflow/dags/create_mart_dag.py
[2026-05-21T15:15:27.006+0000] {logging_mixin.py:190} INFO - [2026-05-21T15:15:27.005+0000] {dag.py:3239} INFO - Sync 1 DAGs
[2026-05-21T15:15:27.030+0000] {logging_mixin.py:190} INFO - [2026-05-21T15:15:27.030+0000] {dag.py:4180} INFO - Setting next_dagrun for create_analytics_mart to 2026-05-21 02:00:00+00:00, run_after=2026-05-22 02:00:00+00:00
[2026-05-21T15:15:27.049+0000] {processor.py:208} INFO - Processing /opt/airflow/dags/create_mart_dag.py took 0.098 seconds
[2026-05-21T15:19:19.727+0000] {processor.py:186} INFO - Started process (PID=176) to work on /opt/airflow/dags/create_mart_dag.py
[2026-05-21T15:19:19.728+0000] {processor.py:914} INFO - Processing file /opt/airflow/dags/create_mart_dag.py for tasks to queue
[2026-05-21T15:19:19.732+0000] {logging_mixin.py:190} INFO - [2026-05-21T15:19:19.731+0000] {dagbag.py:588} INFO - Filling up the DagBag from /opt/airflow/dags/create_mart_dag.py
[2026-05-21T15:19:19.776+0000] {processor.py:925} INFO - DAG(s) 'create_analytics_mart' retrieved from /opt/airflow/dags/create_mart_dag.py
[2026-05-21T15:19:20.066+0000] {logging_mixin.py:190} INFO - [2026-05-21T15:19:20.066+0000] {override.py:1911} INFO - Created Permission View: can read on DAG:create_analytics_mart
[2026-05-21T15:19:20.082+0000] {logging_mixin.py:190} INFO - [2026-05-21T15:19:20.082+0000] {override.py:1911} INFO - Created Permission View: can delete on DAG:create_analytics_mart
[2026-05-21T15:19:20.092+0000] {logging_mixin.py:190} INFO - [2026-05-21T15:19:20.091+0000] {override.py:1911} INFO - Created Permission View: can edit on DAG:create_analytics_mart
[2026-05-21T15:19:20.103+0000] {logging_mixin.py:190} INFO - [2026-05-21T15:19:20.102+0000] {override.py:1911} INFO - Created Permission View: can read on DAG Run:create_analytics_mart
[2026-05-21T15:19:20.112+0000] {logging_mixin.py:190} INFO - [2026-05-21T15:19:20.111+0000] {override.py:1911} INFO - Created Permission View: can delete on DAG Run:create_analytics_mart
[2026-05-21T15:19:20.121+0000] {logging_mixin.py:190} INFO - [2026-05-21T15:19:20.121+0000] {override.py:1911} INFO - Created Permission View: can create on DAG Run:create_analytics_mart
[2026-05-21T15:19:20.130+0000] {logging_mixin.py:190} INFO - [2026-05-21T15:19:20.130+0000] {override.py:1911} INFO - Created Permission View: menu access on DAG Run:create_analytics_mart
[2026-05-21T15:19:20.131+0000] {logging_mixin.py:190} INFO - [2026-05-21T15:19:20.131+0000] {dag.py:3239} INFO - Sync 1 DAGs
[2026-05-21T15:19:20.153+0000] {logging_mixin.py:190} INFO - [2026-05-21T15:19:20.153+0000] {dag.py:3262} INFO - Creating ORM DAG for create_analytics_mart
[2026-05-21T15:19:20.171+0000] {logging_mixin.py:190} INFO - [2026-05-21T15:19:20.171+0000] {dag.py:4180} INFO - Setting next_dagrun for create_analytics_mart to 2026-05-20 02:00:00+00:00, run_after=2026-05-21 02:00:00+00:00
[2026-05-21T15:19:20.201+0000] {processor.py:208} INFO - Processing /opt/airflow/dags/create_mart_dag.py took 0.482 seconds
[2026-05-21T15:19:47.314+0000] {processor.py:186} INFO - Started process (PID=176) to work on /opt/airflow/dags/create_mart_dag.py
[2026-05-21T15:19:47.315+0000] {processor.py:914} INFO - Processing file /opt/airflow/dags/create_mart_dag.py for tasks to queue
[2026-05-21T15:19:47.319+0000] {logging_mixin.py:190} INFO - [2026-05-21T15:19:47.318+0000] {dagbag.py:588} INFO - Filling up the DagBag from /opt/airflow/dags/create_mart_dag.py
[2026-05-21T15:19:47.365+0000] {processor.py:925} INFO - DAG(s) 'create_analytics_mart' retrieved from /opt/airflow/dags/create_mart_dag.py
[2026-05-21T15:19:47.390+0000] {logging_mixin.py:190} INFO - [2026-05-21T15:19:47.389+0000] {dag.py:3239} INFO - Sync 1 DAGs
[2026-05-21T15:19:47.456+0000] {logging_mixin.py:190} INFO - [2026-05-21T15:19:47.455+0000] {dag.py:4180} INFO - Setting next_dagrun for create_analytics_mart to 2026-05-20 02:00:00+00:00, run_after=2026-05-21 02:00:00+00:00
[2026-05-21T15:19:47.498+0000] {processor.py:208} INFO - Processing /opt/airflow/dags/create_mart_dag.py took 0.192 seconds
[2026-05-21T15:20:17.868+0000] {processor.py:186} INFO - Started process (PID=192) to work on /opt/airflow/dags/create_mart_dag.py
[2026-05-21T15:20:17.869+0000] {processor.py:914} INFO - Processing file /opt/airflow/dags/create_mart_dag.py for tasks to queue
[2026-05-21T15:20:17.873+0000] {logging_mixin.py:190} INFO - [2026-05-21T15:20:17.872+0000] {dagbag.py:588} INFO - Filling up the DagBag from /opt/airflow/dags/create_mart_dag.py
[2026-05-21T15:20:17.899+0000] {processor.py:925} INFO - DAG(s) 'create_analytics_mart' retrieved from /opt/airflow/dags/create_mart_dag.py
[2026-05-21T15:20:17.945+0000] {logging_mixin.py:190} INFO - [2026-05-21T15:20:17.945+0000] {dag.py:3239} INFO - Sync 1 DAGs
[2026-05-21T15:20:17.969+0000] {logging_mixin.py:190} INFO - [2026-05-21T15:20:17.969+0000] {dag.py:4180} INFO - Setting next_dagrun for create_analytics_mart to 2026-05-20 02:00:00+00:00, run_after=2026-05-21 02:00:00+00:00
[2026-05-21T15:20:17.988+0000] {processor.py:208} INFO - Processing /opt/airflow/dags/create_mart_dag.py took 0.126 seconds
[2026-05-21T15:20:48.364+0000] {processor.py:186} INFO - Started process (PID=214) to work on /opt/airflow/dags/create_mart_dag.py
[2026-05-21T15:20:48.365+0000] {processor.py:914} INFO - Processing file /opt/airflow/dags/create_mart_dag.py for tasks to queue
[2026-05-21T15:20:48.368+0000] {logging_mixin.py:190} INFO - [2026-05-21T15:20:48.368+0000] {dagbag.py:588} INFO - Filling up the DagBag from /opt/airflow/dags/create_mart_dag.py
[2026-05-21T15:20:48.409+0000] {processor.py:925} INFO - DAG(s) 'create_analytics_mart' retrieved from /opt/airflow/dags/create_mart_dag.py
[2026-05-21T15:20:48.438+0000] {logging_mixin.py:190} INFO - [2026-05-21T15:20:48.438+0000] {dag.py:3239} INFO - Sync 1 DAGs
[2026-05-21T15:20:48.464+0000] {logging_mixin.py:190} INFO - [2026-05-21T15:20:48.464+0000] {dag.py:4180} INFO - Setting next_dagrun for create_analytics_mart to 2026-05-21 02:00:00+00:00, run_after=2026-05-22 02:00:00+00:00
[2026-05-21T15:20:48.486+0000] {processor.py:208} INFO - Processing /opt/airflow/dags/create_mart_dag.py took 0.131 seconds
[2026-05-21T15:21:18.751+0000] {processor.py:186} INFO - Started process (PID=230) to work on /opt/airflow/dags/create_mart_dag.py
[2026-05-21T15:21:18.752+0000] {processor.py:914} INFO - Processing file /opt/airflow/dags/create_mart_dag.py for tasks to queue
[2026-05-21T15:21:18.756+0000] {logging_mixin.py:190} INFO - [2026-05-21T15:21:18.755+0000] {dagbag.py:588} INFO - Filling up the DagBag from /opt/airflow/dags/create_mart_dag.py
[2026-05-21T15:21:18.783+0000] {processor.py:925} INFO - DAG(s) 'create_analytics_mart' retrieved from /opt/airflow/dags/create_mart_dag.py
[2026-05-21T15:21:18.809+0000] {logging_mixin.py:190} INFO - [2026-05-21T15:21:18.808+0000] {dag.py:3239} INFO - Sync 1 DAGs
[2026-05-21T15:21:18.839+0000] {logging_mixin.py:190} INFO - [2026-05-21T15:21:18.839+0000] {dag.py:4180} INFO - Setting next_dagrun for create_analytics_mart to 2026-05-21 02:00:00+00:00, run_after=2026-05-22 02:00:00+00:00
[2026-05-21T15:21:18.868+0000] {processor.py:208} INFO - Processing /opt/airflow/dags/create_mart_dag.py took 0.124 seconds
[2026-05-21T15:21:49.206+0000] {processor.py:186} INFO - Started process (PID=246) to work on /opt/airflow/dags/create_mart_dag.py
[2026-05-21T15:21:49.208+0000] {processor.py:914} INFO - Processing file /opt/airflow/dags/create_mart_dag.py for tasks to queue
[2026-05-21T15:21:49.211+0000] {logging_mixin.py:190} INFO - [2026-05-21T15:21:49.210+0000] {dagbag.py:588} INFO - Filling up the DagBag from /opt/airflow/dags/create_mart_dag.py
[2026-05-21T15:21:49.251+0000] {processor.py:925} INFO - DAG(s) 'create_analytics_mart' retrieved from /opt/airflow/dags/create_mart_dag.py
[2026-05-21T15:21:49.280+0000] {logging_mixin.py:190} INFO - [2026-05-21T15:21:49.279+0000] {dag.py:3239} INFO - Sync 1 DAGs
[2026-05-21T15:21:49.308+0000] {logging_mixin.py:190} INFO - [2026-05-21T15:21:49.308+0000] {dag.py:4180} INFO - Setting next_dagrun for create_analytics_mart to 2026-05-21 02:00:00+00:00, run_after=2026-05-22 02:00:00+00:00
[2026-05-21T15:21:49.389+0000] {processor.py:208} INFO - Processing /opt/airflow/dags/create_mart_dag.py took 0.189 seconds
[2026-05-21T15:22:19.596+0000] {processor.py:186} INFO - Started process (PID=262) to work on /opt/airflow/dags/create_mart_dag.py
[2026-05-21T15:22:19.598+0000] {processor.py:914} INFO - Processing file /opt/airflow/dags/create_mart_dag.py for tasks to queue
[2026-05-21T15:22:19.602+0000] {logging_mixin.py:190} INFO - [2026-05-21T15:22:19.601+0000] {dagbag.py:588} INFO - Filling up the DagBag from /opt/airflow/dags/create_mart_dag.py
[2026-05-21T15:22:19.650+0000] {processor.py:925} INFO - DAG(s) 'create_analytics_mart' retrieved from /opt/airflow/dags/create_mart_dag.py
[2026-05-21T15:22:19.677+0000] {logging_mixin.py:190} INFO - [2026-05-21T15:22:19.677+0000] {dag.py:3239} INFO - Sync 1 DAGs
[2026-05-21T15:22:19.704+0000] {logging_mixin.py:190} INFO - [2026-05-21T15:22:19.703+0000] {dag.py:4180} INFO - Setting next_dagrun for create_analytics_mart to 2026-05-21 02:00:00+00:00, run_after=2026-05-22 02:00:00+00:00
[2026-05-21T15:22:19.757+0000] {processor.py:208} INFO - Processing /opt/airflow/dags/create_mart_dag.py took 0.168 seconds
[2026-05-21T15:22:50.170+0000] {processor.py:186} INFO - Started process (PID=284) to work on /opt/airflow/dags/create_mart_dag.py
[2026-05-21T15:22:50.171+0000] {processor.py:914} INFO - Processing file /opt/airflow/dags/create_mart_dag.py for tasks to queue
[2026-05-21T15:22:50.173+0000] {logging_mixin.py:190} INFO - [2026-05-21T15:22:50.173+0000] {dagbag.py:588} INFO - Filling up the DagBag from /opt/airflow/dags/create_mart_dag.py
[2026-05-21T15:22:50.206+0000] {processor.py:925} INFO - DAG(s) 'create_analytics_mart' retrieved from /opt/airflow/dags/create_mart_dag.py
[2026-05-21T15:22:50.230+0000] {logging_mixin.py:190} INFO - [2026-05-21T15:22:50.229+0000] {dag.py:3239} INFO - Sync 1 DAGs
[2026-05-21T15:22:50.255+0000] {logging_mixin.py:190} INFO - [2026-05-21T15:22:50.255+0000] {dag.py:4180} INFO - Setting next_dagrun for create_analytics_mart to 2026-05-21 02:00:00+00:00, run_after=2026-05-22 02:00:00+00:00
[2026-05-21T15:22:50.273+0000] {processor.py:208} INFO - Processing /opt/airflow/dags/create_mart_dag.py took 0.109 seconds
[2026-05-21T15:23:20.590+0000] {processor.py:186} INFO - Started process (PID=300) to work on /opt/airflow/dags/create_mart_dag.py
[2026-05-21T15:23:20.591+0000] {processor.py:914} INFO - Processing file /opt/airflow/dags/create_mart_dag.py for tasks to queue
[2026-05-21T15:23:20.593+0000] {logging_mixin.py:190} INFO - [2026-05-21T15:23:20.592+0000] {dagbag.py:588} INFO - Filling up the DagBag from /opt/airflow/dags/create_mart_dag.py
[2026-05-21T15:23:20.619+0000] {processor.py:925} INFO - DAG(s) 'create_analytics_mart' retrieved from /opt/airflow/dags/create_mart_dag.py
[2026-05-21T15:23:20.648+0000] {logging_mixin.py:190} INFO - [2026-05-21T15:23:20.648+0000] {dag.py:3239} INFO - Sync 1 DAGs
[2026-05-21T15:23:20.672+0000] {logging_mixin.py:190} INFO - [2026-05-21T15:23:20.672+0000] {dag.py:4180} INFO - Setting next_dagrun for create_analytics_mart to 2026-05-21 02:00:00+00:00, run_after=2026-05-22 02:00:00+00:00
[2026-05-21T15:23:20.693+0000] {processor.py:208} INFO - Processing /opt/airflow/dags/create_mart_dag.py took 0.109 seconds
[2026-05-21T15:23:51.038+0000] {processor.py:186} INFO - Started process (PID=319) to work on /opt/airflow/dags/create_mart_dag.py
[2026-05-21T15:23:51.039+0000] {processor.py:914} INFO - Processing file /opt/airflow/dags/create_mart_dag.py for tasks to queue
[2026-05-21T15:23:51.042+0000] {logging_mixin.py:190} INFO - [2026-05-21T15:23:51.041+0000] {dagbag.py:588} INFO - Filling up the DagBag from /opt/airflow/dags/create_mart_dag.py
[2026-05-21T15:23:51.068+0000] {processor.py:925} INFO - DAG(s) 'create_analytics_mart' retrieved from /opt/airflow/dags/create_mart_dag.py
[2026-05-21T15:23:51.091+0000] {logging_mixin.py:190} INFO - [2026-05-21T15:23:51.091+0000] {dag.py:3239} INFO - Sync 1 DAGs
[2026-05-21T15:23:51.118+0000] {logging_mixin.py:190} INFO - [2026-05-21T15:23:51.118+0000] {dag.py:4180} INFO - Setting next_dagrun for create_analytics_mart to 2026-05-21 02:00:00+00:00, run_after=2026-05-22 02:00:00+00:00
[2026-05-21T15:23:51.136+0000] {processor.py:208} INFO - Processing /opt/airflow/dags/create_mart_dag.py took 0.105 seconds
[2026-05-21T15:24:21.386+0000] {processor.py:186} INFO - Started process (PID=335) to work on /opt/airflow/dags/create_mart_dag.py
[2026-05-21T15:24:21.387+0000] {processor.py:914} INFO - Processing file /opt/airflow/dags/create_mart_dag.py for tasks to queue
[2026-05-21T15:24:21.389+0000] {logging_mixin.py:190} INFO - [2026-05-21T15:24:21.389+0000] {dagbag.py:588} INFO - Filling up the DagBag from /opt/airflow/dags/create_mart_dag.py
[2026-05-21T15:24:21.417+0000] {processor.py:925} INFO - DAG(s) 'create_analytics_mart' retrieved from /opt/airflow/dags/create_mart_dag.py
[2026-05-21T15:24:21.448+0000] {logging_mixin.py:190} INFO - [2026-05-21T15:24:21.448+0000] {dag.py:3239} INFO - Sync 1 DAGs
[2026-05-21T15:24:21.476+0000] {logging_mixin.py:190} INFO - [2026-05-21T15:24:21.475+0000] {dag.py:4180} INFO - Setting next_dagrun for create_analytics_mart to 2026-05-21 02:00:00+00:00, run_after=2026-05-22 02:00:00+00:00
[2026-05-21T15:24:21.495+0000] {processor.py:208} INFO - Processing /opt/airflow/dags/create_mart_dag.py took 0.116 seconds
[2026-05-21T15:24:51.776+0000] {processor.py:186} INFO - Started process (PID=351) to work on /opt/airflow/dags/create_mart_dag.py
[2026-05-21T15:24:51.777+0000] {processor.py:914} INFO - Processing file /opt/airflow/dags/create_mart_dag.py for tasks to queue
[2026-05-21T15:24:51.779+0000] {logging_mixin.py:190} INFO - [2026-05-21T15:24:51.779+0000] {dagbag.py:588} INFO - Filling up the DagBag from /opt/airflow/dags/create_mart_dag.py
[2026-05-21T15:24:51.806+0000] {processor.py:925} INFO - DAG(s) 'create_analytics_mart' retrieved from /opt/airflow/dags/create_mart_dag.py
[2026-05-21T15:24:51.831+0000] {logging_mixin.py:190} INFO - [2026-05-21T15:24:51.831+0000] {dag.py:3239} INFO - Sync 1 DAGs
[2026-05-21T15:24:51.858+0000] {logging_mixin.py:190} INFO - [2026-05-21T15:24:51.858+0000] {dag.py:4180} INFO - Setting next_dagrun for create_analytics_mart to 2026-05-21 02:00:00+00:00, run_after=2026-05-22 02:00:00+00:00
[2026-05-21T15:24:51.888+0000] {processor.py:208} INFO - Processing /opt/airflow/dags/create_mart_dag.py took 0.118 seconds
[2026-05-21T15:25:22.264+0000] {processor.py:186} INFO - Started process (PID=375) to work on /opt/airflow/dags/create_mart_dag.py
[2026-05-21T15:25:22.266+0000] {processor.py:914} INFO - Processing file /opt/airflow/dags/create_mart_dag.py for tasks to queue
[2026-05-21T15:25:22.269+0000] {logging_mixin.py:190} INFO - [2026-05-21T15:25:22.268+0000] {dagbag.py:588} INFO - Filling up the DagBag from /opt/airflow/dags/create_mart_dag.py
[2026-05-21T15:25:22.335+0000] {processor.py:925} INFO - DAG(s) 'create_analytics_mart' retrieved from /opt/airflow/dags/create_mart_dag.py
[2026-05-21T15:25:22.362+0000] {logging_mixin.py:190} INFO - [2026-05-21T15:25:22.361+0000] {dag.py:3239} INFO - Sync 1 DAGs
[2026-05-21T15:25:22.385+0000] {logging_mixin.py:190} INFO - [2026-05-21T15:25:22.385+0000] {dag.py:4180} INFO - Setting next_dagrun for create_analytics_mart to 2026-05-21 02:00:00+00:00, run_after=2026-05-22 02:00:00+00:00
[2026-05-21T15:25:22.406+0000] {processor.py:208} INFO - Processing /opt/airflow/dags/create_mart_dag.py took 0.150 seconds
[2026-05-21T15:25:52.826+0000] {processor.py:186} INFO - Started process (PID=403) to work on /opt/airflow/dags/create_mart_dag.py
[2026-05-21T15:25:52.827+0000] {processor.py:914} INFO - Processing file /opt/airflow/dags/create_mart_dag.py for tasks to queue
[2026-05-21T15:25:52.831+0000] {logging_mixin.py:190} INFO - [2026-05-21T15:25:52.830+0000] {dagbag.py:588} INFO - Filling up the DagBag from /opt/airflow/dags/create_mart_dag.py
[2026-05-21T15:25:52.865+0000] {processor.py:925} INFO - DAG(s) 'create_analytics_mart' retrieved from /opt/airflow/dags/create_mart_dag.py
[2026-05-21T15:25:52.896+0000] {logging_mixin.py:190} INFO - [2026-05-21T15:25:52.895+0000] {dag.py:3239} INFO - Sync 1 DAGs
[2026-05-21T15:25:52.920+0000] {logging_mixin.py:190} INFO - [2026-05-21T15:25:52.920+0000] {dag.py:4180} INFO - Setting next_dagrun for create_analytics_mart to 2026-05-21 02:00:00+00:00, run_after=2026-05-22 02:00:00+00:00
[2026-05-21T15:25:52.956+0000] {processor.py:208} INFO - Processing /opt/airflow/dags/create_mart_dag.py took 0.141 seconds
[2026-05-21T15:26:23.407+0000] {processor.py:186} INFO - Started process (PID=419) to work on /opt/airflow/dags/create_mart_dag.py
[2026-05-21T15:26:23.408+0000] {processor.py:914} INFO - Processing file /opt/airflow/dags/create_mart_dag.py for tasks to queue
[2026-05-21T15:26:23.410+0000] {logging_mixin.py:190} INFO - [2026-05-21T15:26:23.410+0000] {dagbag.py:588} INFO - Filling up the DagBag from /opt/airflow/dags/create_mart_dag.py
[2026-05-21T15:26:23.432+0000] {processor.py:925} INFO - DAG(s) 'create_analytics_mart' retrieved from /opt/airflow/dags/create_mart_dag.py
[2026-05-21T15:26:23.455+0000] {logging_mixin.py:190} INFO - [2026-05-21T15:26:23.454+0000] {dag.py:3239} INFO - Sync 1 DAGs
[2026-05-21T15:26:23.476+0000] {logging_mixin.py:190} INFO - [2026-05-21T15:26:23.476+0000] {dag.py:4180} INFO - Setting next_dagrun for create_analytics_mart to 2026-05-21 02:00:00+00:00, run_after=2026-05-22 02:00:00+00:00
[2026-05-21T15:26:23.497+0000] {processor.py:208} INFO - Processing /opt/airflow/dags/create_mart_dag.py took 0.096 seconds
[2026-05-21T15:26:53.973+0000] {processor.py:186} INFO - Started process (PID=435) to work on /opt/airflow/dags/create_mart_dag.py
[2026-05-21T15:26:53.975+0000] {processor.py:914} INFO - Processing file /opt/airflow/dags/create_mart_dag.py for tasks to queue
[2026-05-21T15:26:53.977+0000] {logging_mixin.py:190} INFO - [2026-05-21T15:26:53.977+0000] {dagbag.py:588} INFO - Filling up the DagBag from /opt/airflow/dags/create_mart_dag.py
[2026-05-21T15:26:54.002+0000] {processor.py:925} INFO - DAG(s) 'create_analytics_mart' retrieved from /opt/airflow/dags/create_mart_dag.py
[2026-05-21T15:26:54.024+0000] {logging_mixin.py:190} INFO - [2026-05-21T15:26:54.024+0000] {dag.py:3239} INFO - Sync 1 DAGs
[2026-05-21T15:26:54.049+0000] {logging_mixin.py:190} INFO - [2026-05-21T15:26:54.049+0000] {dag.py:4180} INFO - Setting next_dagrun for create_analytics_mart to 2026-05-21 02:00:00+00:00, run_after=2026-05-22 02:00:00+00:00
[2026-05-21T15:26:54.067+0000] {processor.py:208} INFO - Processing /opt/airflow/dags/create_mart_dag.py took 0.101 seconds
[2026-05-21T15:27:24.539+0000] {processor.py:186} INFO - Started process (PID=451) to work on /opt/airflow/dags/create_mart_dag.py
[2026-05-21T15:27:24.540+0000] {processor.py:914} INFO - Processing file /opt/airflow/dags/create_mart_dag.py for tasks to queue
[2026-05-21T15:27:24.544+0000] {logging_mixin.py:190} INFO - [2026-05-21T15:27:24.543+0000] {dagbag.py:588} INFO - Filling up the DagBag from /opt/airflow/dags/create_mart_dag.py
[2026-05-21T15:27:24.580+0000] {processor.py:925} INFO - DAG(s) 'create_analytics_mart' retrieved from /opt/airflow/dags/create_mart_dag.py
[2026-05-21T15:27:24.608+0000] {logging_mixin.py:190} INFO - [2026-05-21T15:27:24.607+0000] {dag.py:3239} INFO - Sync 1 DAGs
[2026-05-21T15:27:24.634+0000] {logging_mixin.py:190} INFO - [2026-05-21T15:27:24.634+0000] {dag.py:4180} INFO - Setting next_dagrun for create_analytics_mart to 2026-05-21 02:00:00+00:00, run_after=2026-05-22 02:00:00+00:00
[2026-05-21T15:27:24.655+0000] {processor.py:208} INFO - Processing /opt/airflow/dags/create_mart_dag.py took 0.124 seconds
[2026-05-21T15:27:55.008+0000] {processor.py:186} INFO - Started process (PID=467) to work on /opt/airflow/dags/create_mart_dag.py
[2026-05-21T15:27:55.009+0000] {processor.py:914} INFO - Processing file /opt/airflow/dags/create_mart_dag.py for tasks to queue
[2026-05-21T15:27:55.011+0000] {logging_mixin.py:190} INFO - [2026-05-21T15:27:55.011+0000] {dagbag.py:588} INFO - Filling up the DagBag from /opt/airflow/dags/create_mart_dag.py
[2026-05-21T15:27:55.035+0000] {processor.py:925} INFO - DAG(s) 'create_analytics_mart' retrieved from /opt/airflow/dags/create_mart_dag.py
[2026-05-21T15:27:55.058+0000] {logging_mixin.py:190} INFO - [2026-05-21T15:27:55.058+0000] {dag.py:3239} INFO - Sync 1 DAGs
[2026-05-21T15:27:55.084+0000] {logging_mixin.py:190} INFO - [2026-05-21T15:27:55.084+0000] {dag.py:4180} INFO - Setting next_dagrun for create_analytics_mart to 2026-05-21 02:00:00+00:00, run_after=2026-05-22 02:00:00+00:00
[2026-05-21T15:27:55.105+0000] {processor.py:208} INFO - Processing /opt/airflow/dags/create_mart_dag.py took 0.103 seconds
[2026-05-21T15:28:25.515+0000] {processor.py:186} INFO - Started process (PID=483) to work on /opt/airflow/dags/create_mart_dag.py
[2026-05-21T15:28:25.516+0000] {processor.py:914} INFO - Processing file /opt/airflow/dags/create_mart_dag.py for tasks to queue
[2026-05-21T15:28:25.518+0000] {logging_mixin.py:190} INFO - [2026-05-21T15:28:25.518+0000] {dagbag.py:588} INFO - Filling up the DagBag from /opt/airflow/dags/create_mart_dag.py
[2026-05-21T15:28:25.541+0000] {processor.py:925} INFO - DAG(s) 'create_analytics_mart' retrieved from /opt/airflow/dags/create_mart_dag.py
[2026-05-21T15:28:25.566+0000] {logging_mixin.py:190} INFO - [2026-05-21T15:28:25.566+0000] {dag.py:3239} INFO - Sync 1 DAGs
[2026-05-21T15:28:25.591+0000] {logging_mixin.py:190} INFO - [2026-05-21T15:28:25.590+0000] {dag.py:4180} INFO - Setting next_dagrun for create_analytics_mart to 2026-05-21 02:00:00+00:00, run_after=2026-05-22 02:00:00+00:00
[2026-05-21T15:28:25.609+0000] {processor.py:208} INFO - Processing /opt/airflow/dags/create_mart_dag.py took 0.100 seconds
[2026-05-21T15:28:56.036+0000] {processor.py:186} INFO - Started process (PID=499) to work on /opt/airflow/dags/create_mart_dag.py
[2026-05-21T15:28:56.037+0000] {processor.py:914} INFO - Processing file /opt/airflow/dags/create_mart_dag.py for tasks to queue
[2026-05-21T15:28:56.040+0000] {logging_mixin.py:190} INFO - [2026-05-21T15:28:56.040+0000] {dagbag.py:588} INFO - Filling up the DagBag from /opt/airflow/dags/create_mart_dag.py
[2026-05-21T15:28:56.077+0000] {processor.py:925} INFO - DAG(s) 'create_analytics_mart' retrieved from /opt/airflow/dags/create_mart_dag.py
[2026-05-21T15:28:56.101+0000] {logging_mixin.py:190} INFO - [2026-05-21T15:28:56.101+0000] {dag.py:3239} INFO - Sync 1 DAGs
[2026-05-21T15:28:56.125+0000] {logging_mixin.py:190} INFO - [2026-05-21T15:28:56.125+0000] {dag.py:4180} INFO - Setting next_dagrun for create_analytics_mart to 2026-05-21 02:00:00+00:00, run_after=2026-05-22 02:00:00+00:00
[2026-05-21T15:28:56.148+0000] {processor.py:208} INFO - Processing /opt/airflow/dags/create_mart_dag.py took 0.118 seconds
[2026-05-21T15:29:26.541+0000] {processor.py:186} INFO - Started process (PID=515) to work on /opt/airflow/dags/create_mart_dag.py
[2026-05-21T15:29:26.542+0000] {processor.py:914} INFO - Processing file /opt/airflow/dags/create_mart_dag.py for tasks to queue
[2026-05-21T15:29:26.544+0000] {logging_mixin.py:190} INFO - [2026-05-21T15:29:26.544+0000] {dagbag.py:588} INFO - Filling up the DagBag from /opt/airflow/dags/create_mart_dag.py
[2026-05-21T15:29:26.579+0000] {processor.py:925} INFO - DAG(s) 'create_analytics_mart' retrieved from /opt/airflow/dags/create_mart_dag.py
[2026-05-21T15:29:26.609+0000] {logging_mixin.py:190} INFO - [2026-05-21T15:29:26.609+0000] {dag.py:3239} INFO - Sync 1 DAGs
[2026-05-21T15:29:26.637+0000] {logging_mixin.py:190} INFO - [2026-05-21T15:29:26.636+0000] {dag.py:4180} INFO - Setting next_dagrun for create_analytics_mart to 2026-05-21 02:00:00+00:00, run_after=2026-05-22 02:00:00+00:00
[2026-05-21T15:29:26.660+0000] {processor.py:208} INFO - Processing /opt/airflow/dags/create_mart_dag.py took 0.125 seconds
[2026-05-21T15:29:57.087+0000] {processor.py:186} INFO - Started process (PID=531) to work on /opt/airflow/dags/create_mart_dag.py
[2026-05-21T15:29:57.088+0000] {processor.py:914} INFO - Processing file /opt/airflow/dags/create_mart_dag.py for tasks to queue
[2026-05-21T15:29:57.091+0000] {logging_mixin.py:190} INFO - [2026-05-21T15:29:57.091+0000] {dagbag.py:588} INFO - Filling up the DagBag from /opt/airflow/dags/create_mart_dag.py
[2026-05-21T15:29:57.125+0000] {processor.py:925} INFO - DAG(s) 'create_analytics_mart' retrieved from /opt/airflow/dags/create_mart_dag.py
[2026-05-21T15:29:57.150+0000] {logging_mixin.py:190} INFO - [2026-05-21T15:29:57.150+0000] {dag.py:3239} INFO - Sync 1 DAGs
[2026-05-21T15:29:57.176+0000] {logging_mixin.py:190} INFO - [2026-05-21T15:29:57.176+0000] {dag.py:4180} INFO - Setting next_dagrun for create_analytics_mart to 2026-05-21 02:00:00+00:00, run_after=2026-05-22 02:00:00+00:00
[2026-05-21T15:29:57.209+0000] {processor.py:208} INFO - Processing /opt/airflow/dags/create_mart_dag.py took 0.128 seconds
[2026-05-21T15:30:27.473+0000] {processor.py:186} INFO - Started process (PID=547) to work on /opt/airflow/dags/create_mart_dag.py
[2026-05-21T15:30:27.474+0000] {processor.py:914} INFO - Processing file /opt/airflow/dags/create_mart_dag.py for tasks to queue
[2026-05-21T15:30:27.477+0000] {logging_mixin.py:190} INFO - [2026-05-21T15:30:27.477+0000] {dagbag.py:588} INFO - Filling up the DagBag from /opt/airflow/dags/create_mart_dag.py
[2026-05-21T15:30:27.511+0000] {processor.py:925} INFO - DAG(s) 'create_analytics_mart' retrieved from /opt/airflow/dags/create_mart_dag.py
[2026-05-21T15:30:27.543+0000] {logging_mixin.py:190} INFO - [2026-05-21T15:30:27.542+0000] {dag.py:3239} INFO - Sync 1 DAGs
[2026-05-21T15:30:27.572+0000] {logging_mixin.py:190} INFO - [2026-05-21T15:30:27.571+0000] {dag.py:4180} INFO - Setting next_dagrun for create_analytics_mart to 2026-05-21 02:00:00+00:00, run_after=2026-05-22 02:00:00+00:00
[2026-05-21T15:30:27.596+0000] {processor.py:208} INFO - Processing /opt/airflow/dags/create_mart_dag.py took 0.130 seconds
[2026-05-21T15:30:58.048+0000] {processor.py:186} INFO - Started process (PID=563) to work on /opt/airflow/dags/create_mart_dag.py
[2026-05-21T15:30:58.049+0000] {processor.py:914} INFO - Processing file /opt/airflow/dags/create_mart_dag.py for tasks to queue
[2026-05-21T15:30:58.051+0000] {logging_mixin.py:190} INFO - [2026-05-21T15:30:58.051+0000] {dagbag.py:588} INFO - Filling up the DagBag from /opt/airflow/dags/create_mart_dag.py
[2026-05-21T15:30:58.073+0000] {processor.py:925} INFO - DAG(s) 'create_analytics_mart' retrieved from /opt/airflow/dags/create_mart_dag.py
[2026-05-21T15:30:58.096+0000] {logging_mixin.py:190} INFO - [2026-05-21T15:30:58.096+0000] {dag.py:3239} INFO - Sync 1 DAGs
[2026-05-21T15:30:58.121+0000] {logging_mixin.py:190} INFO - [2026-05-21T15:30:58.121+0000] {dag.py:4180} INFO - Setting next_dagrun for create_analytics_mart to 2026-05-21 02:00:00+00:00, run_after=2026-05-22 02:00:00+00:00
[2026-05-21T15:30:58.157+0000] {processor.py:208} INFO - Processing /opt/airflow/dags/create_mart_dag.py took 0.115 seconds
[2026-05-21T15:31:28.428+0000] {processor.py:186} INFO - Started process (PID=579) to work on /opt/airflow/dags/create_mart_dag.py
[2026-05-21T15:31:28.429+0000] {processor.py:914} INFO - Processing file /opt/airflow/dags/create_mart_dag.py for tasks to queue
[2026-05-21T15:31:28.431+0000] {logging_mixin.py:190} INFO - [2026-05-21T15:31:28.431+0000] {dagbag.py:588} INFO - Filling up the DagBag from /opt/airflow/dags/create_mart_dag.py
[2026-05-21T15:31:28.454+0000] {processor.py:925} INFO - DAG(s) 'create_analytics_mart' retrieved from /opt/airflow/dags/create_mart_dag.py
[2026-05-21T15:31:28.481+0000] {logging_mixin.py:190} INFO - [2026-05-21T15:31:28.481+0000] {dag.py:3239} INFO - Sync 1 DAGs
[2026-05-21T15:31:28.506+0000] {logging_mixin.py:190} INFO - [2026-05-21T15:31:28.506+0000] {dag.py:4180} INFO - Setting next_dagrun for create_analytics_mart to 2026-05-21 02:00:00+00:00, run_after=2026-05-22 02:00:00+00:00
[2026-05-21T15:31:28.530+0000] {processor.py:208} INFO - Processing /opt/airflow/dags/create_mart_dag.py took 0.109 seconds
[2026-05-21T15:31:58.987+0000] {processor.py:186} INFO - Started process (PID=595) to work on /opt/airflow/dags/create_mart_dag.py
[2026-05-21T15:31:58.988+0000] {processor.py:914} INFO - Processing file /opt/airflow/dags/create_mart_dag.py for tasks to queue
[2026-05-21T15:31:58.992+0000] {logging_mixin.py:190} INFO - [2026-05-21T15:31:58.992+0000] {dagbag.py:588} INFO - Filling up the DagBag from /opt/airflow/dags/create_mart_dag.py
[2026-05-21T15:31:59.036+0000] {processor.py:925} INFO - DAG(s) 'create_analytics_mart' retrieved from /opt/airflow/dags/create_mart_dag.py
[2026-05-21T15:31:59.064+0000] {logging_mixin.py:190} INFO - [2026-05-21T15:31:59.063+0000] {dag.py:3239} INFO - Sync 1 DAGs
[2026-05-21T15:31:59.091+0000] {logging_mixin.py:190} INFO - [2026-05-21T15:31:59.090+0000] {dag.py:4180} INFO - Setting next_dagrun for create_analytics_mart to 2026-05-21 02:00:00+00:00, run_after=2026-05-22 02:00:00+00:00
[2026-05-21T15:31:59.119+0000] {processor.py:208} INFO - Processing /opt/airflow/dags/create_mart_dag.py took 0.143 seconds
[2026-05-21T15:32:29.680+0000] {processor.py:186} INFO - Started process (PID=611) to work on /opt/airflow/dags/create_mart_dag.py
[2026-05-21T15:32:29.681+0000] {processor.py:914} INFO - Processing file /opt/airflow/dags/create_mart_dag.py for tasks to queue
[2026-05-21T15:32:29.686+0000] {logging_mixin.py:190} INFO - [2026-05-21T15:32:29.685+0000] {dagbag.py:588} INFO - Filling up the DagBag from /opt/airflow/dags/create_mart_dag.py
[2026-05-21T15:32:29.730+0000] {processor.py:925} INFO - DAG(s) 'create_analytics_mart' retrieved from /opt/airflow/dags/create_mart_dag.py
[2026-05-21T15:32:29.762+0000] {logging_mixin.py:190} INFO - [2026-05-21T15:32:29.762+0000] {dag.py:3239} INFO - Sync 1 DAGs
[2026-05-21T15:32:29.792+0000] {logging_mixin.py:190} INFO - [2026-05-21T15:32:29.792+0000] {dag.py:4180} INFO - Setting next_dagrun for create_analytics_mart to 2026-05-21 02:00:00+00:00, run_after=2026-05-22 02:00:00+00:00
[2026-05-21T15:32:29.821+0000] {processor.py:208} INFO - Processing /opt/airflow/dags/create_mart_dag.py took 0.151 seconds
[2026-05-21T15:33:00.593+0000] {processor.py:186} INFO - Started process (PID=627) to work on /opt/airflow/dags/create_mart_dag.py
[2026-05-21T15:33:00.597+0000] {processor.py:914} INFO - Processing file /opt/airflow/dags/create_mart_dag.py for tasks to queue
[2026-05-21T15:33:00.602+0000] {logging_mixin.py:190} INFO - [2026-05-21T15:33:00.602+0000] {dagbag.py:588} INFO - Filling up the DagBag from /opt/airflow/dags/create_mart_dag.py
[2026-05-21T15:33:00.753+0000] {processor.py:925} INFO - DAG(s) 'create_analytics_mart' retrieved from /opt/airflow/dags/create_mart_dag.py
[2026-05-21T15:33:00.797+0000] {logging_mixin.py:190} INFO - [2026-05-21T15:33:00.797+0000] {dag.py:3239} INFO - Sync 1 DAGs
[2026-05-21T15:33:00.823+0000] {logging_mixin.py:190} INFO - [2026-05-21T15:33:00.823+0000] {dag.py:4180} INFO - Setting next_dagrun for create_analytics_mart to 2026-05-21 02:00:00+00:00, run_after=2026-05-22 02:00:00+00:00
[2026-05-21T15:33:00.850+0000] {processor.py:208} INFO - Processing /opt/airflow/dags/create_mart_dag.py took 0.268 seconds
[2026-05-21T15:33:31.624+0000] {processor.py:186} INFO - Started process (PID=649) to work on /opt/airflow/dags/create_mart_dag.py
[2026-05-21T15:33:31.627+0000] {processor.py:914} INFO - Processing file /opt/airflow/dags/create_mart_dag.py for tasks to queue
[2026-05-21T15:33:31.632+0000] {logging_mixin.py:190} INFO - [2026-05-21T15:33:31.631+0000] {dagbag.py:588} INFO - Filling up the DagBag from /opt/airflow/dags/create_mart_dag.py
[2026-05-21T15:33:31.775+0000] {processor.py:925} INFO - DAG(s) 'create_analytics_mart' retrieved from /opt/airflow/dags/create_mart_dag.py
[2026-05-21T15:33:31.805+0000] {logging_mixin.py:190} INFO - [2026-05-21T15:33:31.805+0000] {dag.py:3239} INFO - Sync 1 DAGs
[2026-05-21T15:33:31.830+0000] {logging_mixin.py:190} INFO - [2026-05-21T15:33:31.830+0000] {dag.py:4180} INFO - Setting next_dagrun for create_analytics_mart to 2026-05-21 02:00:00+00:00, run_after=2026-05-22 02:00:00+00:00
[2026-05-21T15:33:31.862+0000] {processor.py:208} INFO - Processing /opt/airflow/dags/create_mart_dag.py took 0.247 seconds
[2026-05-21T15:34:02.171+0000] {processor.py:186} INFO - Started process (PID=665) to work on /opt/airflow/dags/create_mart_dag.py
[2026-05-21T15:34:02.173+0000] {processor.py:914} INFO - Processing file /opt/airflow/dags/create_mart_dag.py for tasks to queue
[2026-05-21T15:34:02.177+0000] {logging_mixin.py:190} INFO - [2026-05-21T15:34:02.176+0000] {dagbag.py:588} INFO - Filling up the DagBag from /opt/airflow/dags/create_mart_dag.py
[2026-05-21T15:34:02.215+0000] {processor.py:925} INFO - DAG(s) 'create_analytics_mart' retrieved from /opt/airflow/dags/create_mart_dag.py
[2026-05-21T15:34:02.250+0000] {logging_mixin.py:190} INFO - [2026-05-21T15:34:02.249+0000] {dag.py:3239} INFO - Sync 1 DAGs
[2026-05-21T15:34:02.277+0000] {logging_mixin.py:190} INFO - [2026-05-21T15:34:02.277+0000] {dag.py:4180} INFO - Setting next_dagrun for create_analytics_mart to 2026-05-21 02:00:00+00:00, run_after=2026-05-22 02:00:00+00:00
[2026-05-21T15:34:02.298+0000] {processor.py:208} INFO - Processing /opt/airflow/dags/create_mart_dag.py took 0.136 seconds
[2026-05-21T15:34:33.028+0000] {processor.py:186} INFO - Started process (PID=681) to work on /opt/airflow/dags/create_mart_dag.py
[2026-05-21T15:34:33.030+0000] {processor.py:914} INFO - Processing file /opt/airflow/dags/create_mart_dag.py for tasks to queue
[2026-05-21T15:34:33.034+0000] {logging_mixin.py:190} INFO - [2026-05-21T15:34:33.034+0000] {dagbag.py:588} INFO - Filling up the DagBag from /opt/airflow/dags/create_mart_dag.py
[2026-05-21T15:34:33.080+0000] {processor.py:925} INFO - DAG(s) 'create_analytics_mart' retrieved from /opt/airflow/dags/create_mart_dag.py
[2026-05-21T15:34:33.107+0000] {logging_mixin.py:190} INFO - [2026-05-21T15:34:33.107+0000] {dag.py:3239} INFO - Sync 1 DAGs
[2026-05-21T15:34:33.131+0000] {logging_mixin.py:190} INFO - [2026-05-21T15:34:33.130+0000] {dag.py:4180} INFO - Setting next_dagrun for create_analytics_mart to 2026-05-21 02:00:00+00:00, run_after=2026-05-22 02:00:00+00:00
[2026-05-21T15:34:33.157+0000] {processor.py:208} INFO - Processing /opt/airflow/dags/create_mart_dag.py took 0.138 seconds
[2026-05-21T15:35:03.900+0000] {processor.py:186} INFO - Started process (PID=697) to work on /opt/airflow/dags/create_mart_dag.py
[2026-05-21T15:35:03.901+0000] {processor.py:914} INFO - Processing file /opt/airflow/dags/create_mart_dag.py for tasks to queue
[2026-05-21T15:35:03.904+0000] {logging_mixin.py:190} INFO - [2026-05-21T15:35:03.903+0000] {dagbag.py:588} INFO - Filling up the DagBag from /opt/airflow/dags/create_mart_dag.py
[2026-05-21T15:35:03.929+0000] {processor.py:925} INFO - DAG(s) 'create_analytics_mart' retrieved from /opt/airflow/dags/create_mart_dag.py
[2026-05-21T15:35:03.951+0000] {logging_mixin.py:190} INFO - [2026-05-21T15:35:03.951+0000] {dag.py:3239} INFO - Sync 1 DAGs
[2026-05-21T15:35:03.976+0000] {logging_mixin.py:190} INFO - [2026-05-21T15:35:03.976+0000] {dag.py:4180} INFO - Setting next_dagrun for create_analytics_mart to 2026-05-21 02:00:00+00:00, run_after=2026-05-22 02:00:00+00:00
[2026-05-21T15:35:04.003+0000] {processor.py:208} INFO - Processing /opt/airflow/dags/create_mart_dag.py took 0.110 seconds
[2026-05-21T15:35:34.411+0000] {processor.py:186} INFO - Started process (PID=713) to work on /opt/airflow/dags/create_mart_dag.py
[2026-05-21T15:35:34.412+0000] {processor.py:914} INFO - Processing file /opt/airflow/dags/create_mart_dag.py for tasks to queue
[2026-05-21T15:35:34.414+0000] {logging_mixin.py:190} INFO - [2026-05-21T15:35:34.414+0000] {dagbag.py:588} INFO - Filling up the DagBag from /opt/airflow/dags/create_mart_dag.py
[2026-05-21T15:35:34.457+0000] {processor.py:925} INFO - DAG(s) 'create_analytics_mart' retrieved from /opt/airflow/dags/create_mart_dag.py
[2026-05-21T15:35:34.486+0000] {logging_mixin.py:190} INFO - [2026-05-21T15:35:34.485+0000] {dag.py:3239} INFO - Sync 1 DAGs
[2026-05-21T15:35:34.514+0000] {logging_mixin.py:190} INFO - [2026-05-21T15:35:34.514+0000] {dag.py:4180} INFO - Setting next_dagrun for create_analytics_mart to 2026-05-21 02:00:00+00:00, run_after=2026-05-22 02:00:00+00:00
[2026-05-21T15:35:34.538+0000] {processor.py:208} INFO - Processing /opt/airflow/dags/create_mart_dag.py took 0.132 seconds
[2026-05-21T15:36:04.916+0000] {processor.py:186} INFO - Started process (PID=729) to work on /opt/airflow/dags/create_mart_dag.py
[2026-05-21T15:36:04.918+0000] {processor.py:914} INFO - Processing file /opt/airflow/dags/create_mart_dag.py for tasks to queue
[2026-05-21T15:36:04.922+0000] {logging_mixin.py:190} INFO - [2026-05-21T15:36:04.922+0000] {dagbag.py:588} INFO - Filling up the DagBag from /opt/airflow/dags/create_mart_dag.py
[2026-05-21T15:36:04.979+0000] {processor.py:925} INFO - DAG(s) 'create_analytics_mart' retrieved from /opt/airflow/dags/create_mart_dag.py
[2026-05-21T15:36:05.011+0000] {logging_mixin.py:190} INFO - [2026-05-21T15:36:05.011+0000] {dag.py:3239} INFO - Sync 1 DAGs
[2026-05-21T15:36:05.037+0000] {logging_mixin.py:190} INFO - [2026-05-21T15:36:05.036+0000] {dag.py:4180} INFO - Setting next_dagrun for create_analytics_mart to 2026-05-21 02:00:00+00:00, run_after=2026-05-22 02:00:00+00:00
[2026-05-21T15:36:05.057+0000] {processor.py:208} INFO - Processing /opt/airflow/dags/create_mart_dag.py took 0.151 seconds
[2026-05-21T15:36:35.418+0000] {processor.py:186} INFO - Started process (PID=745) to work on /opt/airflow/dags/create_mart_dag.py
[2026-05-21T15:36:35.419+0000] {processor.py:914} INFO - Processing file /opt/airflow/dags/create_mart_dag.py for tasks to queue
[2026-05-21T15:36:35.422+0000] {logging_mixin.py:190} INFO - [2026-05-21T15:36:35.422+0000] {dagbag.py:588} INFO - Filling up the DagBag from /opt/airflow/dags/create_mart_dag.py
[2026-05-21T15:36:35.461+0000] {processor.py:925} INFO - DAG(s) 'create_analytics_mart' retrieved from /opt/airflow/dags/create_mart_dag.py
[2026-05-21T15:36:35.498+0000] {logging_mixin.py:190} INFO - [2026-05-21T15:36:35.497+0000] {dag.py:3239} INFO - Sync 1 DAGs
[2026-05-21T15:36:35.529+0000] {logging_mixin.py:190} INFO - [2026-05-21T15:36:35.528+0000] {dag.py:4180} INFO - Setting next_dagrun for create_analytics_mart to 2026-05-21 02:00:00+00:00, run_after=2026-05-22 02:00:00+00:00
[2026-05-21T15:36:35.554+0000] {processor.py:208} INFO - Processing /opt/airflow/dags/create_mart_dag.py took 0.143 seconds
[2026-05-21T15:37:05.702+0000] {processor.py:186} INFO - Started process (PID=766) to work on /opt/airflow/dags/create_mart_dag.py
[2026-05-21T15:37:05.704+0000] {processor.py:914} INFO - Processing file /opt/airflow/dags/create_mart_dag.py for tasks to queue
[2026-05-21T15:37:05.709+0000] {logging_mixin.py:190} INFO - [2026-05-21T15:37:05.708+0000] {dagbag.py:588} INFO - Filling up the DagBag from /opt/airflow/dags/create_mart_dag.py
[2026-05-21T15:37:05.801+0000] {processor.py:925} INFO - DAG(s) 'create_analytics_mart' retrieved from /opt/airflow/dags/create_mart_dag.py
[2026-05-21T15:37:05.835+0000] {logging_mixin.py:190} INFO - [2026-05-21T15:37:05.835+0000] {dag.py:3239} INFO - Sync 1 DAGs
[2026-05-21T15:37:05.860+0000] {logging_mixin.py:190} INFO - [2026-05-21T15:37:05.860+0000] {dag.py:4180} INFO - Setting next_dagrun for create_analytics_mart to 2026-05-21 02:00:00+00:00, run_after=2026-05-22 02:00:00+00:00
[2026-05-21T15:37:05.893+0000] {processor.py:208} INFO - Processing /opt/airflow/dags/create_mart_dag.py took 0.203 seconds
[2026-05-21T15:37:36.378+0000] {processor.py:186} INFO - Started process (PID=782) to work on /opt/airflow/dags/create_mart_dag.py
[2026-05-21T15:37:36.379+0000] {processor.py:914} INFO - Processing file /opt/airflow/dags/create_mart_dag.py for tasks to queue
[2026-05-21T15:37:36.382+0000] {logging_mixin.py:190} INFO - [2026-05-21T15:37:36.382+0000] {dagbag.py:588} INFO - Filling up the DagBag from /opt/airflow/dags/create_mart_dag.py
[2026-05-21T15:37:36.437+0000] {processor.py:925} INFO - DAG(s) 'create_analytics_mart' retrieved from /opt/airflow/dags/create_mart_dag.py
[2026-05-21T15:37:36.468+0000] {logging_mixin.py:190} INFO - [2026-05-21T15:37:36.468+0000] {dag.py:3239} INFO - Sync 1 DAGs
[2026-05-21T15:37:36.496+0000] {logging_mixin.py:190} INFO - [2026-05-21T15:37:36.496+0000] {dag.py:4180} INFO - Setting next_dagrun for create_analytics_mart to 2026-05-21 02:00:00+00:00, run_after=2026-05-22 02:00:00+00:00
[2026-05-21T15:37:36.521+0000] {processor.py:208} INFO - Processing /opt/airflow/dags/create_mart_dag.py took 0.151 seconds
[2026-05-21T15:38:06.922+0000] {processor.py:186} INFO - Started process (PID=798) to work on /opt/airflow/dags/create_mart_dag.py
[2026-05-21T15:38:06.924+0000] {processor.py:914} INFO - Processing file /opt/airflow/dags/create_mart_dag.py for tasks to queue
[2026-05-21T15:38:06.928+0000] {logging_mixin.py:190} INFO - [2026-05-21T15:38:06.927+0000] {dagbag.py:588} INFO - Filling up the DagBag from /opt/airflow/dags/create_mart_dag.py
[2026-05-21T15:38:06.963+0000] {processor.py:925} INFO - DAG(s) 'create_analytics_mart' retrieved from /opt/airflow/dags/create_mart_dag.py
[2026-05-21T15:38:06.993+0000] {logging_mixin.py:190} INFO - [2026-05-21T15:38:06.993+0000] {dag.py:3239} INFO - Sync 1 DAGs
[2026-05-21T15:38:07.023+0000] {logging_mixin.py:190} INFO - [2026-05-21T15:38:07.022+0000] {dag.py:4180} INFO - Setting next_dagrun for create_analytics_mart to 2026-05-21 02:00:00+00:00, run_after=2026-05-22 02:00:00+00:00
[2026-05-21T15:38:07.050+0000] {processor.py:208} INFO - Processing /opt/airflow/dags/create_mart_dag.py took 0.136 seconds
[2026-05-21T15:38:37.445+0000] {processor.py:186} INFO - Started process (PID=814) to work on /opt/airflow/dags/create_mart_dag.py
[2026-05-21T15:38:37.446+0000] {processor.py:914} INFO - Processing file /opt/airflow/dags/create_mart_dag.py for tasks to queue
[2026-05-21T15:38:37.451+0000] {logging_mixin.py:190} INFO - [2026-05-21T15:38:37.450+0000] {dagbag.py:588} INFO - Filling up the DagBag from /opt/airflow/dags/create_mart_dag.py
[2026-05-21T15:38:37.568+0000] {processor.py:925} INFO - DAG(s) 'create_analytics_mart' retrieved from /opt/airflow/dags/create_mart_dag.py
[2026-05-21T15:38:37.606+0000] {logging_mixin.py:190} INFO - [2026-05-21T15:38:37.605+0000] {dag.py:3239} INFO - Sync 1 DAGs
[2026-05-21T15:38:37.635+0000] {logging_mixin.py:190} INFO - [2026-05-21T15:38:37.635+0000] {dag.py:4180} INFO - Setting next_dagrun for create_analytics_mart to 2026-05-21 02:00:00+00:00, run_after=2026-05-22 02:00:00+00:00
[2026-05-21T15:38:37.657+0000] {processor.py:208} INFO - Processing /opt/airflow/dags/create_mart_dag.py took 0.222 seconds
[2026-05-21T15:39:58.169+0000] {processor.py:186} INFO - Started process (PID=179) to work on /opt/airflow/dags/create_mart_dag.py
[2026-05-21T15:39:58.171+0000] {processor.py:914} INFO - Processing file /opt/airflow/dags/create_mart_dag.py for tasks to queue
[2026-05-21T15:39:58.174+0000] {logging_mixin.py:190} INFO - [2026-05-21T15:39:58.173+0000] {dagbag.py:588} INFO - Filling up the DagBag from /opt/airflow/dags/create_mart_dag.py
[2026-05-21T15:39:58.213+0000] {processor.py:925} INFO - DAG(s) 'create_analytics_mart' retrieved from /opt/airflow/dags/create_mart_dag.py
[2026-05-21T15:39:58.521+0000] {logging_mixin.py:190} INFO - [2026-05-21T15:39:58.520+0000] {override.py:1911} INFO - Created Permission View: can delete on DAG:create_analytics_mart
[2026-05-21T15:39:58.533+0000] {logging_mixin.py:190} INFO - [2026-05-21T15:39:58.532+0000] {override.py:1911} INFO - Created Permission View: can edit on DAG:create_analytics_mart
[2026-05-21T15:39:58.541+0000] {logging_mixin.py:190} INFO - [2026-05-21T15:39:58.540+0000] {override.py:1911} INFO - Created Permission View: can read on DAG:create_analytics_mart
[2026-05-21T15:39:58.549+0000] {logging_mixin.py:190} INFO - [2026-05-21T15:39:58.549+0000] {override.py:1911} INFO - Created Permission View: can create on DAG Run:create_analytics_mart
[2026-05-21T15:39:58.558+0000] {logging_mixin.py:190} INFO - [2026-05-21T15:39:58.558+0000] {override.py:1911} INFO - Created Permission View: can delete on DAG Run:create_analytics_mart
[2026-05-21T15:39:58.566+0000] {logging_mixin.py:190} INFO - [2026-05-21T15:39:58.566+0000] {override.py:1911} INFO - Created Permission View: can read on DAG Run:create_analytics_mart
[2026-05-21T15:39:58.576+0000] {logging_mixin.py:190} INFO - [2026-05-21T15:39:58.575+0000] {override.py:1911} INFO - Created Permission View: menu access on DAG Run:create_analytics_mart
[2026-05-21T15:39:58.579+0000] {logging_mixin.py:190} INFO - [2026-05-21T15:39:58.578+0000] {dag.py:3239} INFO - Sync 1 DAGs
[2026-05-21T15:39:58.600+0000] {logging_mixin.py:190} INFO - [2026-05-21T15:39:58.599+0000] {dag.py:3262} INFO - Creating ORM DAG for create_analytics_mart
[2026-05-21T15:39:58.620+0000] {logging_mixin.py:190} INFO - [2026-05-21T15:39:58.619+0000] {dag.py:4180} INFO - Setting next_dagrun for create_analytics_mart to 2026-05-20 02:00:00+00:00, run_after=2026-05-21 02:00:00+00:00
[2026-05-21T15:39:58.649+0000] {processor.py:208} INFO - Processing /opt/airflow/dags/create_mart_dag.py took 0.489 seconds
[2026-05-21T15:40:29.039+0000] {processor.py:186} INFO - Started process (PID=195) to work on /opt/airflow/dags/create_mart_dag.py
[2026-05-21T15:40:29.040+0000] {processor.py:914} INFO - Processing file /opt/airflow/dags/create_mart_dag.py for tasks to queue
[2026-05-21T15:40:29.043+0000] {logging_mixin.py:190} INFO - [2026-05-21T15:40:29.042+0000] {dagbag.py:588} INFO - Filling up the DagBag from /opt/airflow/dags/create_mart_dag.py
[2026-05-21T15:40:29.082+0000] {processor.py:925} INFO - DAG(s) 'create_analytics_mart' retrieved from /opt/airflow/dags/create_mart_dag.py
[2026-05-21T15:40:29.108+0000] {logging_mixin.py:190} INFO - [2026-05-21T15:40:29.108+0000] {dag.py:3239} INFO - Sync 1 DAGs
[2026-05-21T15:40:29.138+0000] {logging_mixin.py:190} INFO - [2026-05-21T15:40:29.138+0000] {dag.py:4180} INFO - Setting next_dagrun for create_analytics_mart to 2026-05-20 02:00:00+00:00, run_after=2026-05-21 02:00:00+00:00
[2026-05-21T15:40:29.158+0000] {processor.py:208} INFO - Processing /opt/airflow/dags/create_mart_dag.py took 0.125 seconds
[2026-05-21T15:40:59.532+0000] {processor.py:186} INFO - Started process (PID=217) to work on /opt/airflow/dags/create_mart_dag.py
[2026-05-21T15:40:59.533+0000] {processor.py:914} INFO - Processing file /opt/airflow/dags/create_mart_dag.py for tasks to queue
[2026-05-21T15:40:59.535+0000] {logging_mixin.py:190} INFO - [2026-05-21T15:40:59.535+0000] {dagbag.py:588} INFO - Filling up the DagBag from /opt/airflow/dags/create_mart_dag.py
[2026-05-21T15:40:59.570+0000] {processor.py:925} INFO - DAG(s) 'create_analytics_mart' retrieved from /opt/airflow/dags/create_mart_dag.py
[2026-05-21T15:40:59.605+0000] {logging_mixin.py:190} INFO - [2026-05-21T15:40:59.604+0000] {dag.py:3239} INFO - Sync 1 DAGs
[2026-05-21T15:40:59.631+0000] {logging_mixin.py:190} INFO - [2026-05-21T15:40:59.631+0000] {dag.py:4180} INFO - Setting next_dagrun for create_analytics_mart to 2026-05-21 02:00:00+00:00, run_after=2026-05-22 02:00:00+00:00
[2026-05-21T15:40:59.652+0000] {processor.py:208} INFO - Processing /opt/airflow/dags/create_mart_dag.py took 0.125 seconds
[2026-05-21T15:41:30.056+0000] {processor.py:186} INFO - Started process (PID=236) to work on /opt/airflow/dags/create_mart_dag.py
[2026-05-21T15:41:30.067+0000] {processor.py:914} INFO - Processing file /opt/airflow/dags/create_mart_dag.py for tasks to queue
[2026-05-21T15:41:30.072+0000] {logging_mixin.py:190} INFO - [2026-05-21T15:41:30.072+0000] {dagbag.py:588} INFO - Filling up the DagBag from /opt/airflow/dags/create_mart_dag.py
[2026-05-21T15:41:30.314+0000] {processor.py:925} INFO - DAG(s) 'create_analytics_mart' retrieved from /opt/airflow/dags/create_mart_dag.py
[2026-05-21T15:41:30.343+0000] {logging_mixin.py:190} INFO - [2026-05-21T15:41:30.343+0000] {dag.py:3239} INFO - Sync 1 DAGs
[2026-05-21T15:41:30.368+0000] {logging_mixin.py:190} INFO - [2026-05-21T15:41:30.368+0000] {dag.py:4180} INFO - Setting next_dagrun for create_analytics_mart to 2026-05-21 02:00:00+00:00, run_after=2026-05-22 02:00:00+00:00
[2026-05-21T15:41:30.394+0000] {processor.py:208} INFO - Processing /opt/airflow/dags/create_mart_dag.py took 0.343 seconds
[2026-05-21T15:42:00.730+0000] {processor.py:186} INFO - Started process (PID=252) to work on /opt/airflow/dags/create_mart_dag.py
[2026-05-21T15:42:00.731+0000] {processor.py:914} INFO - Processing file /opt/airflow/dags/create_mart_dag.py for tasks to queue
[2026-05-21T15:42:00.733+0000] {logging_mixin.py:190} INFO - [2026-05-21T15:42:00.733+0000] {dagbag.py:588} INFO - Filling up the DagBag from /opt/airflow/dags/create_mart_dag.py
[2026-05-21T15:42:00.756+0000] {processor.py:925} INFO - DAG(s) 'create_analytics_mart' retrieved from /opt/airflow/dags/create_mart_dag.py
[2026-05-21T15:42:00.781+0000] {logging_mixin.py:190} INFO - [2026-05-21T15:42:00.781+0000] {dag.py:3239} INFO - Sync 1 DAGs
[2026-05-21T15:42:00.806+0000] {logging_mixin.py:190} INFO - [2026-05-21T15:42:00.806+0000] {dag.py:4180} INFO - Setting next_dagrun for create_analytics_mart to 2026-05-21 02:00:00+00:00, run_after=2026-05-22 02:00:00+00:00
[2026-05-21T15:42:00.824+0000] {processor.py:208} INFO - Processing /opt/airflow/dags/create_mart_dag.py took 0.100 seconds
[2026-05-21T15:42:31.224+0000] {processor.py:186} INFO - Started process (PID=268) to work on /opt/airflow/dags/create_mart_dag.py
[2026-05-21T15:42:31.225+0000] {processor.py:914} INFO - Processing file /opt/airflow/dags/create_mart_dag.py for tasks to queue
[2026-05-21T15:42:31.228+0000] {logging_mixin.py:190} INFO - [2026-05-21T15:42:31.228+0000] {dagbag.py:588} INFO - Filling up the DagBag from /opt/airflow/dags/create_mart_dag.py
[2026-05-21T15:42:31.257+0000] {processor.py:925} INFO - DAG(s) 'create_analytics_mart' retrieved from /opt/airflow/dags/create_mart_dag.py
[2026-05-21T15:42:31.285+0000] {logging_mixin.py:190} INFO - [2026-05-21T15:42:31.285+0000] {dag.py:3239} INFO - Sync 1 DAGs
[2026-05-21T15:42:31.316+0000] {logging_mixin.py:190} INFO - [2026-05-21T15:42:31.316+0000] {dag.py:4180} INFO - Setting next_dagrun for create_analytics_mart to 2026-05-21 02:00:00+00:00, run_after=2026-05-22 02:00:00+00:00
[2026-05-21T15:42:31.346+0000] {processor.py:208} INFO - Processing /opt/airflow/dags/create_mart_dag.py took 0.128 seconds
