[2026-05-21T14:58:16.687+0000] {processor.py:186} INFO - Started process (PID=181) to work on /opt/airflow/dags/dag_student_performance.py
[2026-05-21T14:58:16.689+0000] {processor.py:914} INFO - Processing file /opt/airflow/dags/dag_student_performance.py for tasks to queue
[2026-05-21T14:58:16.693+0000] {logging_mixin.py:190} INFO - [2026-05-21T14:58:16.693+0000] {dagbag.py:588} INFO - Filling up the DagBag from /opt/airflow/dags/dag_student_performance.py
[2026-05-21T14:58:16.778+0000] {processor.py:925} INFO - DAG(s) 'create_student_performance_mart' retrieved from /opt/airflow/dags/dag_student_performance.py
[2026-05-21T14:58:17.123+0000] {logging_mixin.py:190} INFO - [2026-05-21T14:58:17.123+0000] {override.py:1911} INFO - Created Permission View: can delete on DAG:create_student_performance_mart
[2026-05-21T14:58:17.137+0000] {logging_mixin.py:190} INFO - [2026-05-21T14:58:17.137+0000] {override.py:1911} INFO - Created Permission View: can read on DAG:create_student_performance_mart
[2026-05-21T14:58:17.146+0000] {logging_mixin.py:190} INFO - [2026-05-21T14:58:17.146+0000] {override.py:1911} INFO - Created Permission View: can edit on DAG:create_student_performance_mart
[2026-05-21T14:58:17.157+0000] {logging_mixin.py:190} INFO - [2026-05-21T14:58:17.157+0000] {override.py:1911} INFO - Created Permission View: can create on DAG Run:create_student_performance_mart
[2026-05-21T14:58:17.167+0000] {logging_mixin.py:190} INFO - [2026-05-21T14:58:17.166+0000] {override.py:1911} INFO - Created Permission View: can delete on DAG Run:create_student_performance_mart
[2026-05-21T14:58:17.177+0000] {logging_mixin.py:190} INFO - [2026-05-21T14:58:17.176+0000] {override.py:1911} INFO - Created Permission View: menu access on DAG Run:create_student_performance_mart
[2026-05-21T14:58:17.186+0000] {logging_mixin.py:190} INFO - [2026-05-21T14:58:17.186+0000] {override.py:1911} INFO - Created Permission View: can read on DAG Run:create_student_performance_mart
[2026-05-21T14:58:17.187+0000] {logging_mixin.py:190} INFO - [2026-05-21T14:58:17.187+0000] {dag.py:3239} INFO - Sync 1 DAGs
[2026-05-21T14:58:17.206+0000] {logging_mixin.py:190} INFO - [2026-05-21T14:58:17.206+0000] {dag.py:3262} INFO - Creating ORM DAG for create_student_performance_mart
[2026-05-21T14:58:17.207+0000] {logging_mixin.py:190} INFO - [2026-05-21T14:58:17.207+0000] {dag.py:4180} INFO - Setting next_dagrun for create_student_performance_mart to None, run_after=None
[2026-05-21T14:58:17.233+0000] {processor.py:208} INFO - Processing /opt/airflow/dags/dag_student_performance.py took 0.554 seconds
[2026-05-21T14:58:47.436+0000] {processor.py:186} INFO - Started process (PID=203) to work on /opt/airflow/dags/dag_student_performance.py
[2026-05-21T14:58:47.437+0000] {processor.py:914} INFO - Processing file /opt/airflow/dags/dag_student_performance.py for tasks to queue
[2026-05-21T14:58:47.439+0000] {logging_mixin.py:190} INFO - [2026-05-21T14:58:47.438+0000] {dagbag.py:588} INFO - Filling up the DagBag from /opt/airflow/dags/dag_student_performance.py
[2026-05-21T14:58:47.462+0000] {processor.py:925} INFO - DAG(s) 'create_student_performance_mart' retrieved from /opt/airflow/dags/dag_student_performance.py
[2026-05-21T14:58:47.490+0000] {logging_mixin.py:190} INFO - [2026-05-21T14:58:47.490+0000] {dag.py:3239} INFO - Sync 1 DAGs
[2026-05-21T14:58:47.505+0000] {logging_mixin.py:190} INFO - [2026-05-21T14:58:47.505+0000] {dag.py:4180} INFO - Setting next_dagrun for create_student_performance_mart to None, run_after=None
[2026-05-21T14:58:47.523+0000] {processor.py:208} INFO - Processing /opt/airflow/dags/dag_student_performance.py took 0.095 seconds
[2026-05-21T14:59:17.834+0000] {processor.py:186} INFO - Started process (PID=220) to work on /opt/airflow/dags/dag_student_performance.py
[2026-05-21T14:59:17.835+0000] {processor.py:914} INFO - Processing file /opt/airflow/dags/dag_student_performance.py for tasks to queue
[2026-05-21T14:59:17.837+0000] {logging_mixin.py:190} INFO - [2026-05-21T14:59:17.837+0000] {dagbag.py:588} INFO - Filling up the DagBag from /opt/airflow/dags/dag_student_performance.py
[2026-05-21T14:59:17.868+0000] {processor.py:925} INFO - DAG(s) 'create_student_performance_mart' retrieved from /opt/airflow/dags/dag_student_performance.py
[2026-05-21T14:59:17.895+0000] {logging_mixin.py:190} INFO - [2026-05-21T14:59:17.895+0000] {dag.py:3239} INFO - Sync 1 DAGs
[2026-05-21T14:59:17.910+0000] {logging_mixin.py:190} INFO - [2026-05-21T14:59:17.910+0000] {dag.py:4180} INFO - Setting next_dagrun for create_student_performance_mart to None, run_after=None
[2026-05-21T14:59:17.934+0000] {processor.py:208} INFO - Processing /opt/airflow/dags/dag_student_performance.py took 0.107 seconds
[2026-05-21T14:59:48.273+0000] {processor.py:186} INFO - Started process (PID=236) to work on /opt/airflow/dags/dag_student_performance.py
[2026-05-21T14:59:48.274+0000] {processor.py:914} INFO - Processing file /opt/airflow/dags/dag_student_performance.py for tasks to queue
[2026-05-21T14:59:48.276+0000] {logging_mixin.py:190} INFO - [2026-05-21T14:59:48.275+0000] {dagbag.py:588} INFO - Filling up the DagBag from /opt/airflow/dags/dag_student_performance.py
[2026-05-21T14:59:48.305+0000] {processor.py:925} INFO - DAG(s) 'create_student_performance_mart' retrieved from /opt/airflow/dags/dag_student_performance.py
[2026-05-21T14:59:48.328+0000] {logging_mixin.py:190} INFO - [2026-05-21T14:59:48.328+0000] {dag.py:3239} INFO - Sync 1 DAGs
[2026-05-21T14:59:48.342+0000] {logging_mixin.py:190} INFO - [2026-05-21T14:59:48.342+0000] {dag.py:4180} INFO - Setting next_dagrun for create_student_performance_mart to None, run_after=None
[2026-05-21T14:59:48.363+0000] {processor.py:208} INFO - Processing /opt/airflow/dags/dag_student_performance.py took 0.097 seconds
[2026-05-21T15:00:18.639+0000] {processor.py:186} INFO - Started process (PID=252) to work on /opt/airflow/dags/dag_student_performance.py
[2026-05-21T15:00:18.640+0000] {processor.py:914} INFO - Processing file /opt/airflow/dags/dag_student_performance.py for tasks to queue
[2026-05-21T15:00:18.642+0000] {logging_mixin.py:190} INFO - [2026-05-21T15:00:18.642+0000] {dagbag.py:588} INFO - Filling up the DagBag from /opt/airflow/dags/dag_student_performance.py
[2026-05-21T15:00:18.674+0000] {processor.py:925} INFO - DAG(s) 'create_student_performance_mart' retrieved from /opt/airflow/dags/dag_student_performance.py
[2026-05-21T15:00:18.700+0000] {logging_mixin.py:190} INFO - [2026-05-21T15:00:18.700+0000] {dag.py:3239} INFO - Sync 1 DAGs
[2026-05-21T15:00:18.715+0000] {logging_mixin.py:190} INFO - [2026-05-21T15:00:18.714+0000] {dag.py:4180} INFO - Setting next_dagrun for create_student_performance_mart to None, run_after=None
[2026-05-21T15:00:18.739+0000] {processor.py:208} INFO - Processing /opt/airflow/dags/dag_student_performance.py took 0.105 seconds
[2026-05-21T15:00:49.080+0000] {processor.py:186} INFO - Started process (PID=268) to work on /opt/airflow/dags/dag_student_performance.py
[2026-05-21T15:00:49.082+0000] {processor.py:914} INFO - Processing file /opt/airflow/dags/dag_student_performance.py for tasks to queue
[2026-05-21T15:00:49.085+0000] {logging_mixin.py:190} INFO - [2026-05-21T15:00:49.085+0000] {dagbag.py:588} INFO - Filling up the DagBag from /opt/airflow/dags/dag_student_performance.py
[2026-05-21T15:00:49.125+0000] {processor.py:925} INFO - DAG(s) 'create_student_performance_mart' retrieved from /opt/airflow/dags/dag_student_performance.py
[2026-05-21T15:00:49.151+0000] {logging_mixin.py:190} INFO - [2026-05-21T15:00:49.151+0000] {dag.py:3239} INFO - Sync 1 DAGs
[2026-05-21T15:00:49.164+0000] {logging_mixin.py:190} INFO - [2026-05-21T15:00:49.164+0000] {dag.py:4180} INFO - Setting next_dagrun for create_student_performance_mart to None, run_after=None
[2026-05-21T15:00:49.182+0000] {processor.py:208} INFO - Processing /opt/airflow/dags/dag_student_performance.py took 0.108 seconds
[2026-05-21T15:01:19.579+0000] {processor.py:186} INFO - Started process (PID=284) to work on /opt/airflow/dags/dag_student_performance.py
[2026-05-21T15:01:19.580+0000] {processor.py:914} INFO - Processing file /opt/airflow/dags/dag_student_performance.py for tasks to queue
[2026-05-21T15:01:19.582+0000] {logging_mixin.py:190} INFO - [2026-05-21T15:01:19.581+0000] {dagbag.py:588} INFO - Filling up the DagBag from /opt/airflow/dags/dag_student_performance.py
[2026-05-21T15:01:19.607+0000] {processor.py:925} INFO - DAG(s) 'create_student_performance_mart' retrieved from /opt/airflow/dags/dag_student_performance.py
[2026-05-21T15:01:19.630+0000] {logging_mixin.py:190} INFO - [2026-05-21T15:01:19.630+0000] {dag.py:3239} INFO - Sync 1 DAGs
[2026-05-21T15:01:19.645+0000] {logging_mixin.py:190} INFO - [2026-05-21T15:01:19.644+0000] {dag.py:4180} INFO - Setting next_dagrun for create_student_performance_mart to None, run_after=None
[2026-05-21T15:01:19.671+0000] {processor.py:208} INFO - Processing /opt/airflow/dags/dag_student_performance.py took 0.097 seconds
[2026-05-21T15:02:25.565+0000] {processor.py:186} INFO - Started process (PID=186) to work on /opt/airflow/dags/dag_student_performance.py
[2026-05-21T15:02:25.566+0000] {processor.py:914} INFO - Processing file /opt/airflow/dags/dag_student_performance.py for tasks to queue
[2026-05-21T15:02:25.569+0000] {logging_mixin.py:190} INFO - [2026-05-21T15:02:25.569+0000] {dagbag.py:588} INFO - Filling up the DagBag from /opt/airflow/dags/dag_student_performance.py
[2026-05-21T15:02:25.618+0000] {processor.py:925} INFO - DAG(s) 'create_student_performance_mart' retrieved from /opt/airflow/dags/dag_student_performance.py
[2026-05-21T15:02:25.675+0000] {logging_mixin.py:190} INFO - [2026-05-21T15:02:25.674+0000] {dag.py:3239} INFO - Sync 1 DAGs
[2026-05-21T15:02:25.714+0000] {logging_mixin.py:190} INFO - [2026-05-21T15:02:25.713+0000] {dag.py:4180} INFO - Setting next_dagrun for create_student_performance_mart to None, run_after=None
[2026-05-21T15:02:25.760+0000] {processor.py:208} INFO - Processing /opt/airflow/dags/dag_student_performance.py took 0.203 seconds
[2026-05-21T15:02:56.159+0000] {processor.py:186} INFO - Started process (PID=203) to work on /opt/airflow/dags/dag_student_performance.py
[2026-05-21T15:02:56.160+0000] {processor.py:914} INFO - Processing file /opt/airflow/dags/dag_student_performance.py for tasks to queue
[2026-05-21T15:02:56.162+0000] {logging_mixin.py:190} INFO - [2026-05-21T15:02:56.162+0000] {dagbag.py:588} INFO - Filling up the DagBag from /opt/airflow/dags/dag_student_performance.py
[2026-05-21T15:02:56.187+0000] {processor.py:925} INFO - DAG(s) 'create_student_performance_mart' retrieved from /opt/airflow/dags/dag_student_performance.py
[2026-05-21T15:02:56.215+0000] {logging_mixin.py:190} INFO - [2026-05-21T15:02:56.214+0000] {dag.py:3239} INFO - Sync 1 DAGs
[2026-05-21T15:02:56.230+0000] {logging_mixin.py:190} INFO - [2026-05-21T15:02:56.230+0000] {dag.py:4180} INFO - Setting next_dagrun for create_student_performance_mart to None, run_after=None
[2026-05-21T15:02:56.250+0000] {processor.py:208} INFO - Processing /opt/airflow/dags/dag_student_performance.py took 0.096 seconds
[2026-05-21T15:03:26.561+0000] {processor.py:186} INFO - Started process (PID=219) to work on /opt/airflow/dags/dag_student_performance.py
[2026-05-21T15:03:26.562+0000] {processor.py:914} INFO - Processing file /opt/airflow/dags/dag_student_performance.py for tasks to queue
[2026-05-21T15:03:26.565+0000] {logging_mixin.py:190} INFO - [2026-05-21T15:03:26.564+0000] {dagbag.py:588} INFO - Filling up the DagBag from /opt/airflow/dags/dag_student_performance.py
[2026-05-21T15:03:26.589+0000] {processor.py:925} INFO - DAG(s) 'create_student_performance_mart' retrieved from /opt/airflow/dags/dag_student_performance.py
[2026-05-21T15:03:26.800+0000] {logging_mixin.py:190} INFO - [2026-05-21T15:03:26.800+0000] {dag.py:3239} INFO - Sync 1 DAGs
[2026-05-21T15:03:26.812+0000] {logging_mixin.py:190} INFO - [2026-05-21T15:03:26.812+0000] {dag.py:3262} INFO - Creating ORM DAG for create_student_performance_mart
[2026-05-21T15:03:26.813+0000] {logging_mixin.py:190} INFO - [2026-05-21T15:03:26.813+0000] {dag.py:4180} INFO - Setting next_dagrun for create_student_performance_mart to None, run_after=None
[2026-05-21T15:03:26.830+0000] {processor.py:208} INFO - Processing /opt/airflow/dags/dag_student_performance.py took 0.276 seconds
[2026-05-21T15:03:57.306+0000] {processor.py:186} INFO - Started process (PID=235) to work on /opt/airflow/dags/dag_student_performance.py
[2026-05-21T15:03:57.308+0000] {processor.py:914} INFO - Processing file /opt/airflow/dags/dag_student_performance.py for tasks to queue
[2026-05-21T15:03:57.314+0000] {logging_mixin.py:190} INFO - [2026-05-21T15:03:57.313+0000] {dagbag.py:588} INFO - Filling up the DagBag from /opt/airflow/dags/dag_student_performance.py
[2026-05-21T15:03:57.367+0000] {processor.py:925} INFO - DAG(s) 'create_student_performance_mart' retrieved from /opt/airflow/dags/dag_student_performance.py
[2026-05-21T15:03:57.397+0000] {logging_mixin.py:190} INFO - [2026-05-21T15:03:57.396+0000] {dag.py:3239} INFO - Sync 1 DAGs
[2026-05-21T15:03:57.412+0000] {logging_mixin.py:190} INFO - [2026-05-21T15:03:57.412+0000] {dag.py:4180} INFO - Setting next_dagrun for create_student_performance_mart to None, run_after=None
[2026-05-21T15:03:57.448+0000] {processor.py:208} INFO - Processing /opt/airflow/dags/dag_student_performance.py took 0.153 seconds
[2026-05-21T15:04:15.649+0000] {processor.py:186} INFO - Started process (PID=179) to work on /opt/airflow/dags/dag_student_performance.py
[2026-05-21T15:04:15.651+0000] {processor.py:914} INFO - Processing file /opt/airflow/dags/dag_student_performance.py for tasks to queue
[2026-05-21T15:04:15.653+0000] {logging_mixin.py:190} INFO - [2026-05-21T15:04:15.653+0000] {dagbag.py:588} INFO - Filling up the DagBag from /opt/airflow/dags/dag_student_performance.py
[2026-05-21T15:04:15.680+0000] {processor.py:925} INFO - DAG(s) 'create_student_performance_mart' retrieved from /opt/airflow/dags/dag_student_performance.py
[2026-05-21T15:04:15.708+0000] {logging_mixin.py:190} INFO - [2026-05-21T15:04:15.708+0000] {dag.py:3239} INFO - Sync 1 DAGs
[2026-05-21T15:04:15.727+0000] {logging_mixin.py:190} INFO - [2026-05-21T15:04:15.726+0000] {dag.py:4180} INFO - Setting next_dagrun for create_student_performance_mart to None, run_after=None
[2026-05-21T15:04:15.759+0000] {processor.py:208} INFO - Processing /opt/airflow/dags/dag_student_performance.py took 0.116 seconds
[2026-05-21T15:04:46.039+0000] {processor.py:186} INFO - Started process (PID=195) to work on /opt/airflow/dags/dag_student_performance.py
[2026-05-21T15:04:46.040+0000] {processor.py:914} INFO - Processing file /opt/airflow/dags/dag_student_performance.py for tasks to queue
[2026-05-21T15:04:46.042+0000] {logging_mixin.py:190} INFO - [2026-05-21T15:04:46.042+0000] {dagbag.py:588} INFO - Filling up the DagBag from /opt/airflow/dags/dag_student_performance.py
[2026-05-21T15:04:46.069+0000] {processor.py:925} INFO - DAG(s) 'create_student_performance_mart' retrieved from /opt/airflow/dags/dag_student_performance.py
[2026-05-21T15:04:46.099+0000] {logging_mixin.py:190} INFO - [2026-05-21T15:04:46.099+0000] {dag.py:3239} INFO - Sync 1 DAGs
[2026-05-21T15:04:46.113+0000] {logging_mixin.py:190} INFO - [2026-05-21T15:04:46.113+0000] {dag.py:4180} INFO - Setting next_dagrun for create_student_performance_mart to None, run_after=None
[2026-05-21T15:04:46.185+0000] {processor.py:208} INFO - Processing /opt/airflow/dags/dag_student_performance.py took 0.152 seconds
[2026-05-21T15:05:16.524+0000] {processor.py:186} INFO - Started process (PID=217) to work on /opt/airflow/dags/dag_student_performance.py
[2026-05-21T15:05:16.525+0000] {processor.py:914} INFO - Processing file /opt/airflow/dags/dag_student_performance.py for tasks to queue
[2026-05-21T15:05:16.529+0000] {logging_mixin.py:190} INFO - [2026-05-21T15:05:16.528+0000] {dagbag.py:588} INFO - Filling up the DagBag from /opt/airflow/dags/dag_student_performance.py
[2026-05-21T15:05:16.574+0000] {processor.py:925} INFO - DAG(s) 'create_student_performance_mart' retrieved from /opt/airflow/dags/dag_student_performance.py
[2026-05-21T15:05:16.606+0000] {logging_mixin.py:190} INFO - [2026-05-21T15:05:16.606+0000] {dag.py:3239} INFO - Sync 1 DAGs
[2026-05-21T15:05:16.622+0000] {logging_mixin.py:190} INFO - [2026-05-21T15:05:16.622+0000] {dag.py:4180} INFO - Setting next_dagrun for create_student_performance_mart to None, run_after=None
[2026-05-21T15:05:16.644+0000] {processor.py:208} INFO - Processing /opt/airflow/dags/dag_student_performance.py took 0.129 seconds
[2026-05-21T15:05:47.057+0000] {processor.py:186} INFO - Started process (PID=233) to work on /opt/airflow/dags/dag_student_performance.py
[2026-05-21T15:05:47.060+0000] {processor.py:914} INFO - Processing file /opt/airflow/dags/dag_student_performance.py for tasks to queue
[2026-05-21T15:05:47.074+0000] {logging_mixin.py:190} INFO - [2026-05-21T15:05:47.074+0000] {dagbag.py:588} INFO - Filling up the DagBag from /opt/airflow/dags/dag_student_performance.py
[2026-05-21T15:05:47.131+0000] {processor.py:925} INFO - DAG(s) 'create_student_performance_mart' retrieved from /opt/airflow/dags/dag_student_performance.py
[2026-05-21T15:05:47.161+0000] {logging_mixin.py:190} INFO - [2026-05-21T15:05:47.160+0000] {dag.py:3239} INFO - Sync 1 DAGs
[2026-05-21T15:05:47.178+0000] {logging_mixin.py:190} INFO - [2026-05-21T15:05:47.177+0000] {dag.py:4180} INFO - Setting next_dagrun for create_student_performance_mart to None, run_after=None
[2026-05-21T15:05:47.200+0000] {processor.py:208} INFO - Processing /opt/airflow/dags/dag_student_performance.py took 0.155 seconds
[2026-05-21T15:06:17.749+0000] {processor.py:186} INFO - Started process (PID=249) to work on /opt/airflow/dags/dag_student_performance.py
[2026-05-21T15:06:17.750+0000] {processor.py:914} INFO - Processing file /opt/airflow/dags/dag_student_performance.py for tasks to queue
[2026-05-21T15:06:17.753+0000] {logging_mixin.py:190} INFO - [2026-05-21T15:06:17.753+0000] {dagbag.py:588} INFO - Filling up the DagBag from /opt/airflow/dags/dag_student_performance.py
[2026-05-21T15:06:17.785+0000] {processor.py:925} INFO - DAG(s) 'create_student_performance_mart' retrieved from /opt/airflow/dags/dag_student_performance.py
[2026-05-21T15:06:17.816+0000] {logging_mixin.py:190} INFO - [2026-05-21T15:06:17.816+0000] {dag.py:3239} INFO - Sync 1 DAGs
[2026-05-21T15:06:17.833+0000] {logging_mixin.py:190} INFO - [2026-05-21T15:06:17.833+0000] {dag.py:4180} INFO - Setting next_dagrun for create_student_performance_mart to None, run_after=None
[2026-05-21T15:06:17.855+0000] {processor.py:208} INFO - Processing /opt/airflow/dags/dag_student_performance.py took 0.114 seconds
[2026-05-21T15:06:48.377+0000] {processor.py:186} INFO - Started process (PID=265) to work on /opt/airflow/dags/dag_student_performance.py
[2026-05-21T15:06:48.378+0000] {processor.py:914} INFO - Processing file /opt/airflow/dags/dag_student_performance.py for tasks to queue
[2026-05-21T15:06:48.382+0000] {logging_mixin.py:190} INFO - [2026-05-21T15:06:48.382+0000] {dagbag.py:588} INFO - Filling up the DagBag from /opt/airflow/dags/dag_student_performance.py
[2026-05-21T15:06:48.423+0000] {processor.py:925} INFO - DAG(s) 'create_student_performance_mart' retrieved from /opt/airflow/dags/dag_student_performance.py
[2026-05-21T15:06:48.450+0000] {logging_mixin.py:190} INFO - [2026-05-21T15:06:48.450+0000] {dag.py:3239} INFO - Sync 1 DAGs
[2026-05-21T15:06:48.466+0000] {logging_mixin.py:190} INFO - [2026-05-21T15:06:48.466+0000] {dag.py:4180} INFO - Setting next_dagrun for create_student_performance_mart to None, run_after=None
[2026-05-21T15:06:48.486+0000] {processor.py:208} INFO - Processing /opt/airflow/dags/dag_student_performance.py took 0.120 seconds
[2026-05-21T15:07:19.026+0000] {processor.py:186} INFO - Started process (PID=281) to work on /opt/airflow/dags/dag_student_performance.py
[2026-05-21T15:07:19.027+0000] {processor.py:914} INFO - Processing file /opt/airflow/dags/dag_student_performance.py for tasks to queue
[2026-05-21T15:07:19.030+0000] {logging_mixin.py:190} INFO - [2026-05-21T15:07:19.030+0000] {dagbag.py:588} INFO - Filling up the DagBag from /opt/airflow/dags/dag_student_performance.py
[2026-05-21T15:07:19.065+0000] {processor.py:925} INFO - DAG(s) 'create_student_performance_mart' retrieved from /opt/airflow/dags/dag_student_performance.py
[2026-05-21T15:07:19.106+0000] {logging_mixin.py:190} INFO - [2026-05-21T15:07:19.106+0000] {dag.py:3239} INFO - Sync 1 DAGs
[2026-05-21T15:07:19.124+0000] {logging_mixin.py:190} INFO - [2026-05-21T15:07:19.124+0000] {dag.py:4180} INFO - Setting next_dagrun for create_student_performance_mart to None, run_after=None
[2026-05-21T15:07:19.146+0000] {processor.py:208} INFO - Processing /opt/airflow/dags/dag_student_performance.py took 0.125 seconds
[2026-05-21T15:07:49.635+0000] {processor.py:186} INFO - Started process (PID=297) to work on /opt/airflow/dags/dag_student_performance.py
[2026-05-21T15:07:49.636+0000] {processor.py:914} INFO - Processing file /opt/airflow/dags/dag_student_performance.py for tasks to queue
[2026-05-21T15:07:49.638+0000] {logging_mixin.py:190} INFO - [2026-05-21T15:07:49.638+0000] {dagbag.py:588} INFO - Filling up the DagBag from /opt/airflow/dags/dag_student_performance.py
[2026-05-21T15:07:49.678+0000] {processor.py:925} INFO - DAG(s) 'create_student_performance_mart' retrieved from /opt/airflow/dags/dag_student_performance.py
[2026-05-21T15:07:49.702+0000] {logging_mixin.py:190} INFO - [2026-05-21T15:07:49.702+0000] {dag.py:3239} INFO - Sync 1 DAGs
[2026-05-21T15:07:49.716+0000] {logging_mixin.py:190} INFO - [2026-05-21T15:07:49.716+0000] {dag.py:4180} INFO - Setting next_dagrun for create_student_performance_mart to None, run_after=None
[2026-05-21T15:07:49.743+0000] {processor.py:208} INFO - Processing /opt/airflow/dags/dag_student_performance.py took 0.114 seconds
[2026-05-21T15:08:20.225+0000] {processor.py:186} INFO - Started process (PID=313) to work on /opt/airflow/dags/dag_student_performance.py
[2026-05-21T15:08:20.227+0000] {processor.py:914} INFO - Processing file /opt/airflow/dags/dag_student_performance.py for tasks to queue
[2026-05-21T15:08:20.231+0000] {logging_mixin.py:190} INFO - [2026-05-21T15:08:20.230+0000] {dagbag.py:588} INFO - Filling up the DagBag from /opt/airflow/dags/dag_student_performance.py
[2026-05-21T15:08:20.285+0000] {processor.py:925} INFO - DAG(s) 'create_student_performance_mart' retrieved from /opt/airflow/dags/dag_student_performance.py
[2026-05-21T15:08:20.315+0000] {logging_mixin.py:190} INFO - [2026-05-21T15:08:20.314+0000] {dag.py:3239} INFO - Sync 1 DAGs
[2026-05-21T15:08:20.330+0000] {logging_mixin.py:190} INFO - [2026-05-21T15:08:20.330+0000] {dag.py:4180} INFO - Setting next_dagrun for create_student_performance_mart to None, run_after=None
[2026-05-21T15:08:20.353+0000] {processor.py:208} INFO - Processing /opt/airflow/dags/dag_student_performance.py took 0.134 seconds
[2026-05-21T15:08:50.869+0000] {processor.py:186} INFO - Started process (PID=329) to work on /opt/airflow/dags/dag_student_performance.py
[2026-05-21T15:08:50.870+0000] {processor.py:914} INFO - Processing file /opt/airflow/dags/dag_student_performance.py for tasks to queue
[2026-05-21T15:08:50.872+0000] {logging_mixin.py:190} INFO - [2026-05-21T15:08:50.872+0000] {dagbag.py:588} INFO - Filling up the DagBag from /opt/airflow/dags/dag_student_performance.py
[2026-05-21T15:08:50.903+0000] {processor.py:925} INFO - DAG(s) 'create_student_performance_mart' retrieved from /opt/airflow/dags/dag_student_performance.py
[2026-05-21T15:08:50.931+0000] {logging_mixin.py:190} INFO - [2026-05-21T15:08:50.931+0000] {dag.py:3239} INFO - Sync 1 DAGs
[2026-05-21T15:08:50.947+0000] {logging_mixin.py:190} INFO - [2026-05-21T15:08:50.947+0000] {dag.py:4180} INFO - Setting next_dagrun for create_student_performance_mart to None, run_after=None
[2026-05-21T15:08:50.971+0000] {processor.py:208} INFO - Processing /opt/airflow/dags/dag_student_performance.py took 0.108 seconds
[2026-05-21T15:09:21.468+0000] {processor.py:186} INFO - Started process (PID=345) to work on /opt/airflow/dags/dag_student_performance.py
[2026-05-21T15:09:21.468+0000] {processor.py:914} INFO - Processing file /opt/airflow/dags/dag_student_performance.py for tasks to queue
[2026-05-21T15:09:21.470+0000] {logging_mixin.py:190} INFO - [2026-05-21T15:09:21.470+0000] {dagbag.py:588} INFO - Filling up the DagBag from /opt/airflow/dags/dag_student_performance.py
[2026-05-21T15:09:21.491+0000] {processor.py:925} INFO - DAG(s) 'create_student_performance_mart' retrieved from /opt/airflow/dags/dag_student_performance.py
[2026-05-21T15:09:21.514+0000] {logging_mixin.py:190} INFO - [2026-05-21T15:09:21.514+0000] {dag.py:3239} INFO - Sync 1 DAGs
[2026-05-21T15:09:21.529+0000] {logging_mixin.py:190} INFO - [2026-05-21T15:09:21.529+0000] {dag.py:4180} INFO - Setting next_dagrun for create_student_performance_mart to None, run_after=None
[2026-05-21T15:09:21.548+0000] {processor.py:208} INFO - Processing /opt/airflow/dags/dag_student_performance.py took 0.086 seconds
[2026-05-21T15:09:51.837+0000] {processor.py:186} INFO - Started process (PID=361) to work on /opt/airflow/dags/dag_student_performance.py
[2026-05-21T15:09:51.838+0000] {processor.py:914} INFO - Processing file /opt/airflow/dags/dag_student_performance.py for tasks to queue
[2026-05-21T15:09:51.841+0000] {logging_mixin.py:190} INFO - [2026-05-21T15:09:51.840+0000] {dagbag.py:588} INFO - Filling up the DagBag from /opt/airflow/dags/dag_student_performance.py
[2026-05-21T15:09:51.872+0000] {processor.py:925} INFO - DAG(s) 'create_student_performance_mart' retrieved from /opt/airflow/dags/dag_student_performance.py
[2026-05-21T15:09:51.898+0000] {logging_mixin.py:190} INFO - [2026-05-21T15:09:51.897+0000] {dag.py:3239} INFO - Sync 1 DAGs
[2026-05-21T15:09:51.913+0000] {logging_mixin.py:190} INFO - [2026-05-21T15:09:51.913+0000] {dag.py:4180} INFO - Setting next_dagrun for create_student_performance_mart to None, run_after=None
[2026-05-21T15:09:51.937+0000] {processor.py:208} INFO - Processing /opt/airflow/dags/dag_student_performance.py took 0.106 seconds
[2026-05-21T15:10:22.270+0000] {processor.py:186} INFO - Started process (PID=383) to work on /opt/airflow/dags/dag_student_performance.py
[2026-05-21T15:10:22.270+0000] {processor.py:914} INFO - Processing file /opt/airflow/dags/dag_student_performance.py for tasks to queue
[2026-05-21T15:10:22.273+0000] {logging_mixin.py:190} INFO - [2026-05-21T15:10:22.272+0000] {dagbag.py:588} INFO - Filling up the DagBag from /opt/airflow/dags/dag_student_performance.py
[2026-05-21T15:10:22.299+0000] {processor.py:925} INFO - DAG(s) 'create_student_performance_mart' retrieved from /opt/airflow/dags/dag_student_performance.py
[2026-05-21T15:10:22.323+0000] {logging_mixin.py:190} INFO - [2026-05-21T15:10:22.322+0000] {dag.py:3239} INFO - Sync 1 DAGs
[2026-05-21T15:10:22.338+0000] {logging_mixin.py:190} INFO - [2026-05-21T15:10:22.337+0000] {dag.py:4180} INFO - Setting next_dagrun for create_student_performance_mart to None, run_after=None
[2026-05-21T15:10:22.358+0000] {processor.py:208} INFO - Processing /opt/airflow/dags/dag_student_performance.py took 0.093 seconds
[2026-05-21T15:10:52.688+0000] {processor.py:186} INFO - Started process (PID=399) to work on /opt/airflow/dags/dag_student_performance.py
[2026-05-21T15:10:52.689+0000] {processor.py:914} INFO - Processing file /opt/airflow/dags/dag_student_performance.py for tasks to queue
[2026-05-21T15:10:52.691+0000] {logging_mixin.py:190} INFO - [2026-05-21T15:10:52.691+0000] {dagbag.py:588} INFO - Filling up the DagBag from /opt/airflow/dags/dag_student_performance.py
[2026-05-21T15:10:52.713+0000] {processor.py:925} INFO - DAG(s) 'create_student_performance_mart' retrieved from /opt/airflow/dags/dag_student_performance.py
[2026-05-21T15:10:52.736+0000] {logging_mixin.py:190} INFO - [2026-05-21T15:10:52.735+0000] {dag.py:3239} INFO - Sync 1 DAGs
[2026-05-21T15:10:52.749+0000] {logging_mixin.py:190} INFO - [2026-05-21T15:10:52.748+0000] {dag.py:4180} INFO - Setting next_dagrun for create_student_performance_mart to None, run_after=None
[2026-05-21T15:10:52.767+0000] {processor.py:208} INFO - Processing /opt/airflow/dags/dag_student_performance.py took 0.084 seconds
[2026-05-21T15:11:23.119+0000] {processor.py:186} INFO - Started process (PID=415) to work on /opt/airflow/dags/dag_student_performance.py
[2026-05-21T15:11:23.120+0000] {processor.py:914} INFO - Processing file /opt/airflow/dags/dag_student_performance.py for tasks to queue
[2026-05-21T15:11:23.122+0000] {logging_mixin.py:190} INFO - [2026-05-21T15:11:23.122+0000] {dagbag.py:588} INFO - Filling up the DagBag from /opt/airflow/dags/dag_student_performance.py
[2026-05-21T15:11:23.146+0000] {processor.py:925} INFO - DAG(s) 'create_student_performance_mart' retrieved from /opt/airflow/dags/dag_student_performance.py
[2026-05-21T15:11:23.170+0000] {logging_mixin.py:190} INFO - [2026-05-21T15:11:23.169+0000] {dag.py:3239} INFO - Sync 1 DAGs
[2026-05-21T15:11:23.183+0000] {logging_mixin.py:190} INFO - [2026-05-21T15:11:23.182+0000] {dag.py:4180} INFO - Setting next_dagrun for create_student_performance_mart to None, run_after=None
[2026-05-21T15:11:23.222+0000] {processor.py:208} INFO - Processing /opt/airflow/dags/dag_student_performance.py took 0.108 seconds
[2026-05-21T15:11:53.536+0000] {processor.py:186} INFO - Started process (PID=431) to work on /opt/airflow/dags/dag_student_performance.py
[2026-05-21T15:11:53.537+0000] {processor.py:914} INFO - Processing file /opt/airflow/dags/dag_student_performance.py for tasks to queue
[2026-05-21T15:11:53.539+0000] {logging_mixin.py:190} INFO - [2026-05-21T15:11:53.539+0000] {dagbag.py:588} INFO - Filling up the DagBag from /opt/airflow/dags/dag_student_performance.py
[2026-05-21T15:11:53.576+0000] {processor.py:925} INFO - DAG(s) 'create_student_performance_mart' retrieved from /opt/airflow/dags/dag_student_performance.py
[2026-05-21T15:11:53.601+0000] {logging_mixin.py:190} INFO - [2026-05-21T15:11:53.601+0000] {dag.py:3239} INFO - Sync 1 DAGs
[2026-05-21T15:11:53.616+0000] {logging_mixin.py:190} INFO - [2026-05-21T15:11:53.616+0000] {dag.py:4180} INFO - Setting next_dagrun for create_student_performance_mart to None, run_after=None
[2026-05-21T15:11:53.641+0000] {processor.py:208} INFO - Processing /opt/airflow/dags/dag_student_performance.py took 0.111 seconds
[2026-05-21T15:12:24.062+0000] {processor.py:186} INFO - Started process (PID=447) to work on /opt/airflow/dags/dag_student_performance.py
[2026-05-21T15:12:24.063+0000] {processor.py:914} INFO - Processing file /opt/airflow/dags/dag_student_performance.py for tasks to queue
[2026-05-21T15:12:24.065+0000] {logging_mixin.py:190} INFO - [2026-05-21T15:12:24.065+0000] {dagbag.py:588} INFO - Filling up the DagBag from /opt/airflow/dags/dag_student_performance.py
[2026-05-21T15:12:24.088+0000] {processor.py:925} INFO - DAG(s) 'create_student_performance_mart' retrieved from /opt/airflow/dags/dag_student_performance.py
[2026-05-21T15:12:24.117+0000] {logging_mixin.py:190} INFO - [2026-05-21T15:12:24.117+0000] {dag.py:3239} INFO - Sync 1 DAGs
[2026-05-21T15:12:24.133+0000] {logging_mixin.py:190} INFO - [2026-05-21T15:12:24.133+0000] {dag.py:4180} INFO - Setting next_dagrun for create_student_performance_mart to None, run_after=None
[2026-05-21T15:12:24.153+0000] {processor.py:208} INFO - Processing /opt/airflow/dags/dag_student_performance.py took 0.095 seconds
[2026-05-21T15:12:54.530+0000] {processor.py:186} INFO - Started process (PID=463) to work on /opt/airflow/dags/dag_student_performance.py
[2026-05-21T15:12:54.531+0000] {processor.py:914} INFO - Processing file /opt/airflow/dags/dag_student_performance.py for tasks to queue
[2026-05-21T15:12:54.533+0000] {logging_mixin.py:190} INFO - [2026-05-21T15:12:54.533+0000] {dagbag.py:588} INFO - Filling up the DagBag from /opt/airflow/dags/dag_student_performance.py
[2026-05-21T15:12:54.556+0000] {processor.py:925} INFO - DAG(s) 'create_student_performance_mart' retrieved from /opt/airflow/dags/dag_student_performance.py
[2026-05-21T15:12:54.581+0000] {logging_mixin.py:190} INFO - [2026-05-21T15:12:54.581+0000] {dag.py:3239} INFO - Sync 1 DAGs
[2026-05-21T15:12:54.597+0000] {logging_mixin.py:190} INFO - [2026-05-21T15:12:54.597+0000] {dag.py:4180} INFO - Setting next_dagrun for create_student_performance_mart to None, run_after=None
[2026-05-21T15:12:54.624+0000] {processor.py:208} INFO - Processing /opt/airflow/dags/dag_student_performance.py took 0.099 seconds
[2026-05-21T15:13:24.933+0000] {processor.py:186} INFO - Started process (PID=479) to work on /opt/airflow/dags/dag_student_performance.py
[2026-05-21T15:13:24.934+0000] {processor.py:914} INFO - Processing file /opt/airflow/dags/dag_student_performance.py for tasks to queue
[2026-05-21T15:13:24.939+0000] {logging_mixin.py:190} INFO - [2026-05-21T15:13:24.939+0000] {dagbag.py:588} INFO - Filling up the DagBag from /opt/airflow/dags/dag_student_performance.py
[2026-05-21T15:13:25.009+0000] {processor.py:925} INFO - DAG(s) 'create_student_performance_mart' retrieved from /opt/airflow/dags/dag_student_performance.py
[2026-05-21T15:13:25.090+0000] {logging_mixin.py:190} INFO - [2026-05-21T15:13:25.090+0000] {dag.py:3239} INFO - Sync 1 DAGs
[2026-05-21T15:13:25.131+0000] {logging_mixin.py:190} INFO - [2026-05-21T15:13:25.130+0000] {dag.py:4180} INFO - Setting next_dagrun for create_student_performance_mart to None, run_after=None
[2026-05-21T15:13:25.184+0000] {processor.py:208} INFO - Processing /opt/airflow/dags/dag_student_performance.py took 0.266 seconds
[2026-05-21T15:13:55.586+0000] {processor.py:186} INFO - Started process (PID=495) to work on /opt/airflow/dags/dag_student_performance.py
[2026-05-21T15:13:55.587+0000] {processor.py:914} INFO - Processing file /opt/airflow/dags/dag_student_performance.py for tasks to queue
[2026-05-21T15:13:55.589+0000] {logging_mixin.py:190} INFO - [2026-05-21T15:13:55.589+0000] {dagbag.py:588} INFO - Filling up the DagBag from /opt/airflow/dags/dag_student_performance.py
[2026-05-21T15:13:55.614+0000] {processor.py:925} INFO - DAG(s) 'create_student_performance_mart' retrieved from /opt/airflow/dags/dag_student_performance.py
[2026-05-21T15:13:55.637+0000] {logging_mixin.py:190} INFO - [2026-05-21T15:13:55.637+0000] {dag.py:3239} INFO - Sync 1 DAGs
[2026-05-21T15:13:55.652+0000] {logging_mixin.py:190} INFO - [2026-05-21T15:13:55.652+0000] {dag.py:4180} INFO - Setting next_dagrun for create_student_performance_mart to None, run_after=None
[2026-05-21T15:13:55.673+0000] {processor.py:208} INFO - Processing /opt/airflow/dags/dag_student_performance.py took 0.092 seconds
[2026-05-21T15:14:26.098+0000] {processor.py:186} INFO - Started process (PID=511) to work on /opt/airflow/dags/dag_student_performance.py
[2026-05-21T15:14:26.099+0000] {processor.py:914} INFO - Processing file /opt/airflow/dags/dag_student_performance.py for tasks to queue
[2026-05-21T15:14:26.101+0000] {logging_mixin.py:190} INFO - [2026-05-21T15:14:26.101+0000] {dagbag.py:588} INFO - Filling up the DagBag from /opt/airflow/dags/dag_student_performance.py
[2026-05-21T15:14:26.141+0000] {processor.py:925} INFO - DAG(s) 'create_student_performance_mart' retrieved from /opt/airflow/dags/dag_student_performance.py
[2026-05-21T15:14:26.166+0000] {logging_mixin.py:190} INFO - [2026-05-21T15:14:26.166+0000] {dag.py:3239} INFO - Sync 1 DAGs
[2026-05-21T15:14:26.181+0000] {logging_mixin.py:190} INFO - [2026-05-21T15:14:26.180+0000] {dag.py:4180} INFO - Setting next_dagrun for create_student_performance_mart to None, run_after=None
[2026-05-21T15:14:26.254+0000] {processor.py:208} INFO - Processing /opt/airflow/dags/dag_student_performance.py took 0.160 seconds
[2026-05-21T15:14:56.490+0000] {processor.py:186} INFO - Started process (PID=527) to work on /opt/airflow/dags/dag_student_performance.py
[2026-05-21T15:14:56.492+0000] {processor.py:914} INFO - Processing file /opt/airflow/dags/dag_student_performance.py for tasks to queue
[2026-05-21T15:14:56.494+0000] {logging_mixin.py:190} INFO - [2026-05-21T15:14:56.494+0000] {dagbag.py:588} INFO - Filling up the DagBag from /opt/airflow/dags/dag_student_performance.py
[2026-05-21T15:14:56.529+0000] {processor.py:925} INFO - DAG(s) 'create_student_performance_mart' retrieved from /opt/airflow/dags/dag_student_performance.py
[2026-05-21T15:14:56.560+0000] {logging_mixin.py:190} INFO - [2026-05-21T15:14:56.560+0000] {dag.py:3239} INFO - Sync 1 DAGs
[2026-05-21T15:14:56.576+0000] {logging_mixin.py:190} INFO - [2026-05-21T15:14:56.576+0000] {dag.py:4180} INFO - Setting next_dagrun for create_student_performance_mart to None, run_after=None
[2026-05-21T15:14:56.600+0000] {processor.py:208} INFO - Processing /opt/airflow/dags/dag_student_performance.py took 0.119 seconds
[2026-05-21T15:15:26.965+0000] {processor.py:186} INFO - Started process (PID=543) to work on /opt/airflow/dags/dag_student_performance.py
[2026-05-21T15:15:26.966+0000] {processor.py:914} INFO - Processing file /opt/airflow/dags/dag_student_performance.py for tasks to queue
[2026-05-21T15:15:26.968+0000] {logging_mixin.py:190} INFO - [2026-05-21T15:15:26.968+0000] {dagbag.py:588} INFO - Filling up the DagBag from /opt/airflow/dags/dag_student_performance.py
[2026-05-21T15:15:26.989+0000] {processor.py:925} INFO - DAG(s) 'create_student_performance_mart' retrieved from /opt/airflow/dags/dag_student_performance.py
[2026-05-21T15:15:27.013+0000] {logging_mixin.py:190} INFO - [2026-05-21T15:15:27.012+0000] {dag.py:3239} INFO - Sync 1 DAGs
[2026-05-21T15:15:27.026+0000] {logging_mixin.py:190} INFO - [2026-05-21T15:15:27.026+0000] {dag.py:4180} INFO - Setting next_dagrun for create_student_performance_mart to None, run_after=None
[2026-05-21T15:15:27.048+0000] {processor.py:208} INFO - Processing /opt/airflow/dags/dag_student_performance.py took 0.088 seconds
[2026-05-21T15:19:19.736+0000] {processor.py:186} INFO - Started process (PID=179) to work on /opt/airflow/dags/dag_student_performance.py
[2026-05-21T15:19:19.737+0000] {processor.py:914} INFO - Processing file /opt/airflow/dags/dag_student_performance.py for tasks to queue
[2026-05-21T15:19:19.740+0000] {logging_mixin.py:190} INFO - [2026-05-21T15:19:19.739+0000] {dagbag.py:588} INFO - Filling up the DagBag from /opt/airflow/dags/dag_student_performance.py
[2026-05-21T15:19:19.779+0000] {processor.py:925} INFO - DAG(s) 'create_student_performance_mart' retrieved from /opt/airflow/dags/dag_student_performance.py
[2026-05-21T15:19:20.066+0000] {logging_mixin.py:190} INFO - [2026-05-21T15:19:20.066+0000] {override.py:1911} INFO - Created Permission View: can read on DAG:create_student_performance_mart
[2026-05-21T15:19:20.081+0000] {logging_mixin.py:190} INFO - [2026-05-21T15:19:20.080+0000] {override.py:1911} INFO - Created Permission View: can delete on DAG:create_student_performance_mart
[2026-05-21T15:19:20.090+0000] {logging_mixin.py:190} INFO - [2026-05-21T15:19:20.090+0000] {override.py:1911} INFO - Created Permission View: can edit on DAG:create_student_performance_mart
[2026-05-21T15:19:20.101+0000] {logging_mixin.py:190} INFO - [2026-05-21T15:19:20.101+0000] {override.py:1911} INFO - Created Permission View: can read on DAG Run:create_student_performance_mart
[2026-05-21T15:19:20.110+0000] {logging_mixin.py:190} INFO - [2026-05-21T15:19:20.110+0000] {override.py:1911} INFO - Created Permission View: can delete on DAG Run:create_student_performance_mart
[2026-05-21T15:19:20.120+0000] {logging_mixin.py:190} INFO - [2026-05-21T15:19:20.119+0000] {override.py:1911} INFO - Created Permission View: can create on DAG Run:create_student_performance_mart
[2026-05-21T15:19:20.129+0000] {logging_mixin.py:190} INFO - [2026-05-21T15:19:20.129+0000] {override.py:1911} INFO - Created Permission View: menu access on DAG Run:create_student_performance_mart
[2026-05-21T15:19:20.130+0000] {logging_mixin.py:190} INFO - [2026-05-21T15:19:20.130+0000] {dag.py:3239} INFO - Sync 1 DAGs
[2026-05-21T15:19:20.153+0000] {logging_mixin.py:190} INFO - [2026-05-21T15:19:20.153+0000] {dag.py:3262} INFO - Creating ORM DAG for create_student_performance_mart
[2026-05-21T15:19:20.154+0000] {logging_mixin.py:190} INFO - [2026-05-21T15:19:20.154+0000] {dag.py:4180} INFO - Setting next_dagrun for create_student_performance_mart to None, run_after=None
[2026-05-21T15:19:20.181+0000] {processor.py:208} INFO - Processing /opt/airflow/dags/dag_student_performance.py took 0.452 seconds
[2026-05-21T15:19:47.323+0000] {processor.py:186} INFO - Started process (PID=179) to work on /opt/airflow/dags/dag_student_performance.py
[2026-05-21T15:19:47.324+0000] {processor.py:914} INFO - Processing file /opt/airflow/dags/dag_student_performance.py for tasks to queue
[2026-05-21T15:19:47.326+0000] {logging_mixin.py:190} INFO - [2026-05-21T15:19:47.326+0000] {dagbag.py:588} INFO - Filling up the DagBag from /opt/airflow/dags/dag_student_performance.py
[2026-05-21T15:19:47.375+0000] {processor.py:925} INFO - DAG(s) 'create_student_performance_mart' retrieved from /opt/airflow/dags/dag_student_performance.py
[2026-05-21T15:19:47.393+0000] {logging_mixin.py:190} INFO - [2026-05-21T15:19:47.393+0000] {dag.py:3239} INFO - Sync 1 DAGs
[2026-05-21T15:19:47.434+0000] {logging_mixin.py:190} INFO - [2026-05-21T15:19:47.434+0000] {dag.py:4180} INFO - Setting next_dagrun for create_student_performance_mart to None, run_after=None
[2026-05-21T15:19:47.483+0000] {processor.py:208} INFO - Processing /opt/airflow/dags/dag_student_performance.py took 0.167 seconds
[2026-05-21T15:20:17.874+0000] {processor.py:186} INFO - Started process (PID=195) to work on /opt/airflow/dags/dag_student_performance.py
[2026-05-21T15:20:17.875+0000] {processor.py:914} INFO - Processing file /opt/airflow/dags/dag_student_performance.py for tasks to queue
[2026-05-21T15:20:17.877+0000] {logging_mixin.py:190} INFO - [2026-05-21T15:20:17.877+0000] {dagbag.py:588} INFO - Filling up the DagBag from /opt/airflow/dags/dag_student_performance.py
[2026-05-21T15:20:17.902+0000] {processor.py:925} INFO - DAG(s) 'create_student_performance_mart' retrieved from /opt/airflow/dags/dag_student_performance.py
[2026-05-21T15:20:17.944+0000] {logging_mixin.py:190} INFO - [2026-05-21T15:20:17.944+0000] {dag.py:3239} INFO - Sync 1 DAGs
[2026-05-21T15:20:17.959+0000] {logging_mixin.py:190} INFO - [2026-05-21T15:20:17.959+0000] {dag.py:4180} INFO - Setting next_dagrun for create_student_performance_mart to None, run_after=None
[2026-05-21T15:20:17.978+0000] {processor.py:208} INFO - Processing /opt/airflow/dags/dag_student_performance.py took 0.110 seconds
[2026-05-21T15:20:48.372+0000] {processor.py:186} INFO - Started process (PID=217) to work on /opt/airflow/dags/dag_student_performance.py
[2026-05-21T15:20:48.373+0000] {processor.py:914} INFO - Processing file /opt/airflow/dags/dag_student_performance.py for tasks to queue
[2026-05-21T15:20:48.376+0000] {logging_mixin.py:190} INFO - [2026-05-21T15:20:48.376+0000] {dagbag.py:588} INFO - Filling up the DagBag from /opt/airflow/dags/dag_student_performance.py
[2026-05-21T15:20:48.409+0000] {processor.py:925} INFO - DAG(s) 'create_student_performance_mart' retrieved from /opt/airflow/dags/dag_student_performance.py
[2026-05-21T15:20:48.436+0000] {logging_mixin.py:190} INFO - [2026-05-21T15:20:48.435+0000] {dag.py:3239} INFO - Sync 1 DAGs
[2026-05-21T15:20:48.451+0000] {logging_mixin.py:190} INFO - [2026-05-21T15:20:48.450+0000] {dag.py:4180} INFO - Setting next_dagrun for create_student_performance_mart to None, run_after=None
[2026-05-21T15:20:48.479+0000] {processor.py:208} INFO - Processing /opt/airflow/dags/dag_student_performance.py took 0.113 seconds
[2026-05-21T15:21:18.767+0000] {processor.py:186} INFO - Started process (PID=233) to work on /opt/airflow/dags/dag_student_performance.py
[2026-05-21T15:21:18.768+0000] {processor.py:914} INFO - Processing file /opt/airflow/dags/dag_student_performance.py for tasks to queue
[2026-05-21T15:21:18.771+0000] {logging_mixin.py:190} INFO - [2026-05-21T15:21:18.770+0000] {dagbag.py:588} INFO - Filling up the DagBag from /opt/airflow/dags/dag_student_performance.py
[2026-05-21T15:21:18.795+0000] {processor.py:925} INFO - DAG(s) 'create_student_performance_mart' retrieved from /opt/airflow/dags/dag_student_performance.py
[2026-05-21T15:21:18.825+0000] {logging_mixin.py:190} INFO - [2026-05-21T15:21:18.825+0000] {dag.py:3239} INFO - Sync 1 DAGs
[2026-05-21T15:21:18.842+0000] {logging_mixin.py:190} INFO - [2026-05-21T15:21:18.842+0000] {dag.py:4180} INFO - Setting next_dagrun for create_student_performance_mart to None, run_after=None
[2026-05-21T15:21:18.868+0000] {processor.py:208} INFO - Processing /opt/airflow/dags/dag_student_performance.py took 0.108 seconds
[2026-05-21T15:21:49.214+0000] {processor.py:186} INFO - Started process (PID=249) to work on /opt/airflow/dags/dag_student_performance.py
[2026-05-21T15:21:49.215+0000] {processor.py:914} INFO - Processing file /opt/airflow/dags/dag_student_performance.py for tasks to queue
[2026-05-21T15:21:49.218+0000] {logging_mixin.py:190} INFO - [2026-05-21T15:21:49.217+0000] {dagbag.py:588} INFO - Filling up the DagBag from /opt/airflow/dags/dag_student_performance.py
[2026-05-21T15:21:49.255+0000] {processor.py:925} INFO - DAG(s) 'create_student_performance_mart' retrieved from /opt/airflow/dags/dag_student_performance.py
[2026-05-21T15:21:49.284+0000] {logging_mixin.py:190} INFO - [2026-05-21T15:21:49.283+0000] {dag.py:3239} INFO - Sync 1 DAGs
[2026-05-21T15:21:49.300+0000] {logging_mixin.py:190} INFO - [2026-05-21T15:21:49.299+0000] {dag.py:4180} INFO - Setting next_dagrun for create_student_performance_mart to None, run_after=None
[2026-05-21T15:21:49.387+0000] {processor.py:208} INFO - Processing /opt/airflow/dags/dag_student_performance.py took 0.179 seconds
[2026-05-21T15:22:19.619+0000] {processor.py:186} INFO - Started process (PID=265) to work on /opt/airflow/dags/dag_student_performance.py
[2026-05-21T15:22:19.620+0000] {processor.py:914} INFO - Processing file /opt/airflow/dags/dag_student_performance.py for tasks to queue
[2026-05-21T15:22:19.623+0000] {logging_mixin.py:190} INFO - [2026-05-21T15:22:19.622+0000] {dagbag.py:588} INFO - Filling up the DagBag from /opt/airflow/dags/dag_student_performance.py
[2026-05-21T15:22:19.656+0000] {processor.py:925} INFO - DAG(s) 'create_student_performance_mart' retrieved from /opt/airflow/dags/dag_student_performance.py
[2026-05-21T15:22:19.683+0000] {logging_mixin.py:190} INFO - [2026-05-21T15:22:19.682+0000] {dag.py:3239} INFO - Sync 1 DAGs
[2026-05-21T15:22:19.697+0000] {logging_mixin.py:190} INFO - [2026-05-21T15:22:19.697+0000] {dag.py:4180} INFO - Setting next_dagrun for create_student_performance_mart to None, run_after=None
[2026-05-21T15:22:19.722+0000] {processor.py:208} INFO - Processing /opt/airflow/dags/dag_student_performance.py took 0.114 seconds
[2026-05-21T15:22:50.179+0000] {processor.py:186} INFO - Started process (PID=287) to work on /opt/airflow/dags/dag_student_performance.py
[2026-05-21T15:22:50.180+0000] {processor.py:914} INFO - Processing file /opt/airflow/dags/dag_student_performance.py for tasks to queue
[2026-05-21T15:22:50.182+0000] {logging_mixin.py:190} INFO - [2026-05-21T15:22:50.182+0000] {dagbag.py:588} INFO - Filling up the DagBag from /opt/airflow/dags/dag_student_performance.py
[2026-05-21T15:22:50.211+0000] {processor.py:925} INFO - DAG(s) 'create_student_performance_mart' retrieved from /opt/airflow/dags/dag_student_performance.py
[2026-05-21T15:22:50.234+0000] {logging_mixin.py:190} INFO - [2026-05-21T15:22:50.234+0000] {dag.py:3239} INFO - Sync 1 DAGs
[2026-05-21T15:22:50.249+0000] {logging_mixin.py:190} INFO - [2026-05-21T15:22:50.248+0000] {dag.py:4180} INFO - Setting next_dagrun for create_student_performance_mart to None, run_after=None
[2026-05-21T15:22:50.269+0000] {processor.py:208} INFO - Processing /opt/airflow/dags/dag_student_performance.py took 0.095 seconds
[2026-05-21T15:23:20.600+0000] {processor.py:186} INFO - Started process (PID=303) to work on /opt/airflow/dags/dag_student_performance.py
[2026-05-21T15:23:20.601+0000] {processor.py:914} INFO - Processing file /opt/airflow/dags/dag_student_performance.py for tasks to queue
[2026-05-21T15:23:20.603+0000] {logging_mixin.py:190} INFO - [2026-05-21T15:23:20.602+0000] {dagbag.py:588} INFO - Filling up the DagBag from /opt/airflow/dags/dag_student_performance.py
[2026-05-21T15:23:20.631+0000] {processor.py:925} INFO - DAG(s) 'create_student_performance_mart' retrieved from /opt/airflow/dags/dag_student_performance.py
[2026-05-21T15:23:20.658+0000] {logging_mixin.py:190} INFO - [2026-05-21T15:23:20.658+0000] {dag.py:3239} INFO - Sync 1 DAGs
[2026-05-21T15:23:20.672+0000] {logging_mixin.py:190} INFO - [2026-05-21T15:23:20.672+0000] {dag.py:4180} INFO - Setting next_dagrun for create_student_performance_mart to None, run_after=None
[2026-05-21T15:23:20.692+0000] {processor.py:208} INFO - Processing /opt/airflow/dags/dag_student_performance.py took 0.097 seconds
[2026-05-21T15:23:51.049+0000] {processor.py:186} INFO - Started process (PID=322) to work on /opt/airflow/dags/dag_student_performance.py
[2026-05-21T15:23:51.050+0000] {processor.py:914} INFO - Processing file /opt/airflow/dags/dag_student_performance.py for tasks to queue
[2026-05-21T15:23:51.052+0000] {logging_mixin.py:190} INFO - [2026-05-21T15:23:51.052+0000] {dagbag.py:588} INFO - Filling up the DagBag from /opt/airflow/dags/dag_student_performance.py
[2026-05-21T15:23:51.075+0000] {processor.py:925} INFO - DAG(s) 'create_student_performance_mart' retrieved from /opt/airflow/dags/dag_student_performance.py
[2026-05-21T15:23:51.098+0000] {logging_mixin.py:190} INFO - [2026-05-21T15:23:51.097+0000] {dag.py:3239} INFO - Sync 1 DAGs
[2026-05-21T15:23:51.114+0000] {logging_mixin.py:190} INFO - [2026-05-21T15:23:51.114+0000] {dag.py:4180} INFO - Setting next_dagrun for create_student_performance_mart to None, run_after=None
[2026-05-21T15:23:51.134+0000] {processor.py:208} INFO - Processing /opt/airflow/dags/dag_student_performance.py took 0.090 seconds
[2026-05-21T15:24:21.392+0000] {processor.py:186} INFO - Started process (PID=338) to work on /opt/airflow/dags/dag_student_performance.py
[2026-05-21T15:24:21.393+0000] {processor.py:914} INFO - Processing file /opt/airflow/dags/dag_student_performance.py for tasks to queue
[2026-05-21T15:24:21.395+0000] {logging_mixin.py:190} INFO - [2026-05-21T15:24:21.395+0000] {dagbag.py:588} INFO - Filling up the DagBag from /opt/airflow/dags/dag_student_performance.py
[2026-05-21T15:24:21.421+0000] {processor.py:925} INFO - DAG(s) 'create_student_performance_mart' retrieved from /opt/airflow/dags/dag_student_performance.py
[2026-05-21T15:24:21.453+0000] {logging_mixin.py:190} INFO - [2026-05-21T15:24:21.453+0000] {dag.py:3239} INFO - Sync 1 DAGs
[2026-05-21T15:24:21.468+0000] {logging_mixin.py:190} INFO - [2026-05-21T15:24:21.468+0000] {dag.py:4180} INFO - Setting next_dagrun for create_student_performance_mart to None, run_after=None
[2026-05-21T15:24:21.492+0000] {processor.py:208} INFO - Processing /opt/airflow/dags/dag_student_performance.py took 0.105 seconds
[2026-05-21T15:24:51.787+0000] {processor.py:186} INFO - Started process (PID=354) to work on /opt/airflow/dags/dag_student_performance.py
[2026-05-21T15:24:51.787+0000] {processor.py:914} INFO - Processing file /opt/airflow/dags/dag_student_performance.py for tasks to queue
[2026-05-21T15:24:51.789+0000] {logging_mixin.py:190} INFO - [2026-05-21T15:24:51.789+0000] {dagbag.py:588} INFO - Filling up the DagBag from /opt/airflow/dags/dag_student_performance.py
[2026-05-21T15:24:51.812+0000] {processor.py:925} INFO - DAG(s) 'create_student_performance_mart' retrieved from /opt/airflow/dags/dag_student_performance.py
[2026-05-21T15:24:51.837+0000] {logging_mixin.py:190} INFO - [2026-05-21T15:24:51.836+0000] {dag.py:3239} INFO - Sync 1 DAGs
[2026-05-21T15:24:51.852+0000] {logging_mixin.py:190} INFO - [2026-05-21T15:24:51.852+0000] {dag.py:4180} INFO - Setting next_dagrun for create_student_performance_mart to None, run_after=None
[2026-05-21T15:24:51.887+0000] {processor.py:208} INFO - Processing /opt/airflow/dags/dag_student_performance.py took 0.106 seconds
[2026-05-21T15:25:00.949+0000] {processor.py:186} INFO - Started process (PID=367) to work on /opt/airflow/dags/dag_student_performance.py
[2026-05-21T15:25:00.950+0000] {processor.py:914} INFO - Processing file /opt/airflow/dags/dag_student_performance.py for tasks to queue
[2026-05-21T15:25:00.952+0000] {logging_mixin.py:190} INFO - [2026-05-21T15:25:00.952+0000] {dagbag.py:588} INFO - Filling up the DagBag from /opt/airflow/dags/dag_student_performance.py
[2026-05-21T15:25:00.998+0000] {processor.py:925} INFO - DAG(s) 'create_student_performance_mart' retrieved from /opt/airflow/dags/dag_student_performance.py
[2026-05-21T15:25:01.374+0000] {logging_mixin.py:190} INFO - [2026-05-21T15:25:01.374+0000] {dag.py:3239} INFO - Sync 1 DAGs
[2026-05-21T15:25:01.384+0000] {logging_mixin.py:190} INFO - [2026-05-21T15:25:01.384+0000] {dag.py:4180} INFO - Setting next_dagrun for create_student_performance_mart to None, run_after=None
[2026-05-21T15:25:01.420+0000] {processor.py:208} INFO - Processing /opt/airflow/dags/dag_student_performance.py took 0.477 seconds
[2026-05-21T15:25:31.519+0000] {processor.py:186} INFO - Started process (PID=398) to work on /opt/airflow/dags/dag_student_performance.py
[2026-05-21T15:25:31.520+0000] {processor.py:914} INFO - Processing file /opt/airflow/dags/dag_student_performance.py for tasks to queue
[2026-05-21T15:25:31.523+0000] {logging_mixin.py:190} INFO - [2026-05-21T15:25:31.522+0000] {dagbag.py:588} INFO - Filling up the DagBag from /opt/airflow/dags/dag_student_performance.py
[2026-05-21T15:25:31.584+0000] {processor.py:925} INFO - DAG(s) 'create_student_performance_mart' retrieved from /opt/airflow/dags/dag_student_performance.py
[2026-05-21T15:25:31.618+0000] {logging_mixin.py:190} INFO - [2026-05-21T15:25:31.618+0000] {dag.py:3239} INFO - Sync 1 DAGs
[2026-05-21T15:25:31.632+0000] {logging_mixin.py:190} INFO - [2026-05-21T15:25:31.632+0000] {dag.py:4180} INFO - Setting next_dagrun for create_student_performance_mart to None, run_after=None
[2026-05-21T15:25:31.652+0000] {processor.py:208} INFO - Processing /opt/airflow/dags/dag_student_performance.py took 0.138 seconds
[2026-05-21T15:26:02.116+0000] {processor.py:186} INFO - Started process (PID=414) to work on /opt/airflow/dags/dag_student_performance.py
[2026-05-21T15:26:02.117+0000] {processor.py:914} INFO - Processing file /opt/airflow/dags/dag_student_performance.py for tasks to queue
[2026-05-21T15:26:02.120+0000] {logging_mixin.py:190} INFO - [2026-05-21T15:26:02.120+0000] {dagbag.py:588} INFO - Filling up the DagBag from /opt/airflow/dags/dag_student_performance.py
[2026-05-21T15:26:02.145+0000] {processor.py:925} INFO - DAG(s) 'create_student_performance_mart' retrieved from /opt/airflow/dags/dag_student_performance.py
[2026-05-21T15:26:02.169+0000] {logging_mixin.py:190} INFO - [2026-05-21T15:26:02.168+0000] {dag.py:3239} INFO - Sync 1 DAGs
[2026-05-21T15:26:02.182+0000] {logging_mixin.py:190} INFO - [2026-05-21T15:26:02.182+0000] {dag.py:4180} INFO - Setting next_dagrun for create_student_performance_mart to None, run_after=None
[2026-05-21T15:26:02.203+0000] {processor.py:208} INFO - Processing /opt/airflow/dags/dag_student_performance.py took 0.092 seconds
[2026-05-21T15:26:32.648+0000] {processor.py:186} INFO - Started process (PID=430) to work on /opt/airflow/dags/dag_student_performance.py
[2026-05-21T15:26:32.649+0000] {processor.py:914} INFO - Processing file /opt/airflow/dags/dag_student_performance.py for tasks to queue
[2026-05-21T15:26:32.651+0000] {logging_mixin.py:190} INFO - [2026-05-21T15:26:32.651+0000] {dagbag.py:588} INFO - Filling up the DagBag from /opt/airflow/dags/dag_student_performance.py
[2026-05-21T15:26:32.673+0000] {processor.py:925} INFO - DAG(s) 'create_student_performance_mart' retrieved from /opt/airflow/dags/dag_student_performance.py
[2026-05-21T15:26:32.696+0000] {logging_mixin.py:190} INFO - [2026-05-21T15:26:32.696+0000] {dag.py:3239} INFO - Sync 1 DAGs
[2026-05-21T15:26:32.709+0000] {logging_mixin.py:190} INFO - [2026-05-21T15:26:32.709+0000] {dag.py:4180} INFO - Setting next_dagrun for create_student_performance_mart to None, run_after=None
[2026-05-21T15:26:32.728+0000] {processor.py:208} INFO - Processing /opt/airflow/dags/dag_student_performance.py took 0.085 seconds
[2026-05-21T15:27:03.228+0000] {processor.py:186} INFO - Started process (PID=446) to work on /opt/airflow/dags/dag_student_performance.py
[2026-05-21T15:27:03.230+0000] {processor.py:914} INFO - Processing file /opt/airflow/dags/dag_student_performance.py for tasks to queue
[2026-05-21T15:27:03.233+0000] {logging_mixin.py:190} INFO - [2026-05-21T15:27:03.233+0000] {dagbag.py:588} INFO - Filling up the DagBag from /opt/airflow/dags/dag_student_performance.py
[2026-05-21T15:27:03.273+0000] {processor.py:925} INFO - DAG(s) 'create_student_performance_mart' retrieved from /opt/airflow/dags/dag_student_performance.py
[2026-05-21T15:27:03.298+0000] {logging_mixin.py:190} INFO - [2026-05-21T15:27:03.298+0000] {dag.py:3239} INFO - Sync 1 DAGs
[2026-05-21T15:27:03.312+0000] {logging_mixin.py:190} INFO - [2026-05-21T15:27:03.311+0000] {dag.py:4180} INFO - Setting next_dagrun for create_student_performance_mart to None, run_after=None
[2026-05-21T15:27:03.335+0000] {processor.py:208} INFO - Processing /opt/airflow/dags/dag_student_performance.py took 0.112 seconds
[2026-05-21T15:27:33.738+0000] {processor.py:186} INFO - Started process (PID=462) to work on /opt/airflow/dags/dag_student_performance.py
[2026-05-21T15:27:33.739+0000] {processor.py:914} INFO - Processing file /opt/airflow/dags/dag_student_performance.py for tasks to queue
[2026-05-21T15:27:33.743+0000] {logging_mixin.py:190} INFO - [2026-05-21T15:27:33.742+0000] {dagbag.py:588} INFO - Filling up the DagBag from /opt/airflow/dags/dag_student_performance.py
[2026-05-21T15:27:33.781+0000] {processor.py:925} INFO - DAG(s) 'create_student_performance_mart' retrieved from /opt/airflow/dags/dag_student_performance.py
[2026-05-21T15:27:33.809+0000] {logging_mixin.py:190} INFO - [2026-05-21T15:27:33.809+0000] {dag.py:3239} INFO - Sync 1 DAGs
[2026-05-21T15:27:33.825+0000] {logging_mixin.py:190} INFO - [2026-05-21T15:27:33.825+0000] {dag.py:4180} INFO - Setting next_dagrun for create_student_performance_mart to None, run_after=None
[2026-05-21T15:27:33.849+0000] {processor.py:208} INFO - Processing /opt/airflow/dags/dag_student_performance.py took 0.118 seconds
[2026-05-21T15:28:04.237+0000] {processor.py:186} INFO - Started process (PID=478) to work on /opt/airflow/dags/dag_student_performance.py
[2026-05-21T15:28:04.239+0000] {processor.py:914} INFO - Processing file /opt/airflow/dags/dag_student_performance.py for tasks to queue
[2026-05-21T15:28:04.241+0000] {logging_mixin.py:190} INFO - [2026-05-21T15:28:04.240+0000] {dagbag.py:588} INFO - Filling up the DagBag from /opt/airflow/dags/dag_student_performance.py
[2026-05-21T15:28:04.263+0000] {processor.py:925} INFO - DAG(s) 'create_student_performance_mart' retrieved from /opt/airflow/dags/dag_student_performance.py
[2026-05-21T15:28:04.287+0000] {logging_mixin.py:190} INFO - [2026-05-21T15:28:04.287+0000] {dag.py:3239} INFO - Sync 1 DAGs
[2026-05-21T15:28:04.302+0000] {logging_mixin.py:190} INFO - [2026-05-21T15:28:04.302+0000] {dag.py:4180} INFO - Setting next_dagrun for create_student_performance_mart to None, run_after=None
[2026-05-21T15:28:04.329+0000] {processor.py:208} INFO - Processing /opt/airflow/dags/dag_student_performance.py took 0.097 seconds
[2026-05-21T15:28:34.694+0000] {processor.py:186} INFO - Started process (PID=494) to work on /opt/airflow/dags/dag_student_performance.py
[2026-05-21T15:28:34.695+0000] {processor.py:914} INFO - Processing file /opt/airflow/dags/dag_student_performance.py for tasks to queue
[2026-05-21T15:28:34.698+0000] {logging_mixin.py:190} INFO - [2026-05-21T15:28:34.698+0000] {dagbag.py:588} INFO - Filling up the DagBag from /opt/airflow/dags/dag_student_performance.py
[2026-05-21T15:28:34.724+0000] {processor.py:925} INFO - DAG(s) 'create_student_performance_mart' retrieved from /opt/airflow/dags/dag_student_performance.py
[2026-05-21T15:28:34.749+0000] {logging_mixin.py:190} INFO - [2026-05-21T15:28:34.749+0000] {dag.py:3239} INFO - Sync 1 DAGs
[2026-05-21T15:28:34.762+0000] {logging_mixin.py:190} INFO - [2026-05-21T15:28:34.762+0000] {dag.py:4180} INFO - Setting next_dagrun for create_student_performance_mart to None, run_after=None
[2026-05-21T15:28:34.783+0000] {processor.py:208} INFO - Processing /opt/airflow/dags/dag_student_performance.py took 0.095 seconds
[2026-05-21T15:29:05.182+0000] {processor.py:186} INFO - Started process (PID=510) to work on /opt/airflow/dags/dag_student_performance.py
[2026-05-21T15:29:05.183+0000] {processor.py:914} INFO - Processing file /opt/airflow/dags/dag_student_performance.py for tasks to queue
[2026-05-21T15:29:05.186+0000] {logging_mixin.py:190} INFO - [2026-05-21T15:29:05.185+0000] {dagbag.py:588} INFO - Filling up the DagBag from /opt/airflow/dags/dag_student_performance.py
[2026-05-21T15:29:05.209+0000] {processor.py:925} INFO - DAG(s) 'create_student_performance_mart' retrieved from /opt/airflow/dags/dag_student_performance.py
[2026-05-21T15:29:05.235+0000] {logging_mixin.py:190} INFO - [2026-05-21T15:29:05.234+0000] {dag.py:3239} INFO - Sync 1 DAGs
[2026-05-21T15:29:05.249+0000] {logging_mixin.py:190} INFO - [2026-05-21T15:29:05.249+0000] {dag.py:4180} INFO - Setting next_dagrun for create_student_performance_mart to None, run_after=None
[2026-05-21T15:29:05.270+0000] {processor.py:208} INFO - Processing /opt/airflow/dags/dag_student_performance.py took 0.094 seconds
[2026-05-21T15:29:35.703+0000] {processor.py:186} INFO - Started process (PID=526) to work on /opt/airflow/dags/dag_student_performance.py
[2026-05-21T15:29:35.705+0000] {processor.py:914} INFO - Processing file /opt/airflow/dags/dag_student_performance.py for tasks to queue
[2026-05-21T15:29:35.707+0000] {logging_mixin.py:190} INFO - [2026-05-21T15:29:35.707+0000] {dagbag.py:588} INFO - Filling up the DagBag from /opt/airflow/dags/dag_student_performance.py
[2026-05-21T15:29:35.736+0000] {processor.py:925} INFO - DAG(s) 'create_student_performance_mart' retrieved from /opt/airflow/dags/dag_student_performance.py
[2026-05-21T15:29:35.762+0000] {logging_mixin.py:190} INFO - [2026-05-21T15:29:35.762+0000] {dag.py:3239} INFO - Sync 1 DAGs
[2026-05-21T15:29:35.777+0000] {logging_mixin.py:190} INFO - [2026-05-21T15:29:35.777+0000] {dag.py:4180} INFO - Setting next_dagrun for create_student_performance_mart to None, run_after=None
[2026-05-21T15:29:35.797+0000] {processor.py:208} INFO - Processing /opt/airflow/dags/dag_student_performance.py took 0.100 seconds
[2026-05-21T15:30:06.199+0000] {processor.py:186} INFO - Started process (PID=542) to work on /opt/airflow/dags/dag_student_performance.py
[2026-05-21T15:30:06.200+0000] {processor.py:914} INFO - Processing file /opt/airflow/dags/dag_student_performance.py for tasks to queue
[2026-05-21T15:30:06.202+0000] {logging_mixin.py:190} INFO - [2026-05-21T15:30:06.202+0000] {dagbag.py:588} INFO - Filling up the DagBag from /opt/airflow/dags/dag_student_performance.py
[2026-05-21T15:30:06.228+0000] {processor.py:925} INFO - DAG(s) 'create_student_performance_mart' retrieved from /opt/airflow/dags/dag_student_performance.py
[2026-05-21T15:30:06.258+0000] {logging_mixin.py:190} INFO - [2026-05-21T15:30:06.257+0000] {dag.py:3239} INFO - Sync 1 DAGs
[2026-05-21T15:30:06.275+0000] {logging_mixin.py:190} INFO - [2026-05-21T15:30:06.275+0000] {dag.py:4180} INFO - Setting next_dagrun for create_student_performance_mart to None, run_after=None
[2026-05-21T15:30:06.301+0000] {processor.py:208} INFO - Processing /opt/airflow/dags/dag_student_performance.py took 0.109 seconds
[2026-05-21T15:30:36.662+0000] {processor.py:186} INFO - Started process (PID=558) to work on /opt/airflow/dags/dag_student_performance.py
[2026-05-21T15:30:36.663+0000] {processor.py:914} INFO - Processing file /opt/airflow/dags/dag_student_performance.py for tasks to queue
[2026-05-21T15:30:36.665+0000] {logging_mixin.py:190} INFO - [2026-05-21T15:30:36.665+0000] {dagbag.py:588} INFO - Filling up the DagBag from /opt/airflow/dags/dag_student_performance.py
[2026-05-21T15:30:36.694+0000] {processor.py:925} INFO - DAG(s) 'create_student_performance_mart' retrieved from /opt/airflow/dags/dag_student_performance.py
[2026-05-21T15:30:36.720+0000] {logging_mixin.py:190} INFO - [2026-05-21T15:30:36.720+0000] {dag.py:3239} INFO - Sync 1 DAGs
[2026-05-21T15:30:36.737+0000] {logging_mixin.py:190} INFO - [2026-05-21T15:30:36.737+0000] {dag.py:4180} INFO - Setting next_dagrun for create_student_performance_mart to None, run_after=None
[2026-05-21T15:30:36.759+0000] {processor.py:208} INFO - Processing /opt/airflow/dags/dag_student_performance.py took 0.103 seconds
[2026-05-21T15:31:07.170+0000] {processor.py:186} INFO - Started process (PID=574) to work on /opt/airflow/dags/dag_student_performance.py
[2026-05-21T15:31:07.171+0000] {processor.py:914} INFO - Processing file /opt/airflow/dags/dag_student_performance.py for tasks to queue
[2026-05-21T15:31:07.174+0000] {logging_mixin.py:190} INFO - [2026-05-21T15:31:07.173+0000] {dagbag.py:588} INFO - Filling up the DagBag from /opt/airflow/dags/dag_student_performance.py
[2026-05-21T15:31:07.197+0000] {processor.py:925} INFO - DAG(s) 'create_student_performance_mart' retrieved from /opt/airflow/dags/dag_student_performance.py
[2026-05-21T15:31:07.221+0000] {logging_mixin.py:190} INFO - [2026-05-21T15:31:07.221+0000] {dag.py:3239} INFO - Sync 1 DAGs
[2026-05-21T15:31:07.234+0000] {logging_mixin.py:190} INFO - [2026-05-21T15:31:07.234+0000] {dag.py:4180} INFO - Setting next_dagrun for create_student_performance_mart to None, run_after=None
[2026-05-21T15:31:07.256+0000] {processor.py:208} INFO - Processing /opt/airflow/dags/dag_student_performance.py took 0.092 seconds
[2026-05-21T15:31:37.635+0000] {processor.py:186} INFO - Started process (PID=590) to work on /opt/airflow/dags/dag_student_performance.py
[2026-05-21T15:31:37.637+0000] {processor.py:914} INFO - Processing file /opt/airflow/dags/dag_student_performance.py for tasks to queue
[2026-05-21T15:31:37.639+0000] {logging_mixin.py:190} INFO - [2026-05-21T15:31:37.639+0000] {dagbag.py:588} INFO - Filling up the DagBag from /opt/airflow/dags/dag_student_performance.py
[2026-05-21T15:31:37.673+0000] {processor.py:925} INFO - DAG(s) 'create_student_performance_mart' retrieved from /opt/airflow/dags/dag_student_performance.py
[2026-05-21T15:31:37.696+0000] {logging_mixin.py:190} INFO - [2026-05-21T15:31:37.696+0000] {dag.py:3239} INFO - Sync 1 DAGs
[2026-05-21T15:31:37.710+0000] {logging_mixin.py:190} INFO - [2026-05-21T15:31:37.710+0000] {dag.py:4180} INFO - Setting next_dagrun for create_student_performance_mart to None, run_after=None
[2026-05-21T15:31:37.761+0000] {processor.py:208} INFO - Processing /opt/airflow/dags/dag_student_performance.py took 0.131 seconds
[2026-05-21T15:32:08.338+0000] {processor.py:186} INFO - Started process (PID=606) to work on /opt/airflow/dags/dag_student_performance.py
[2026-05-21T15:32:08.340+0000] {processor.py:914} INFO - Processing file /opt/airflow/dags/dag_student_performance.py for tasks to queue
[2026-05-21T15:32:08.343+0000] {logging_mixin.py:190} INFO - [2026-05-21T15:32:08.343+0000] {dagbag.py:588} INFO - Filling up the DagBag from /opt/airflow/dags/dag_student_performance.py
[2026-05-21T15:32:08.402+0000] {processor.py:925} INFO - DAG(s) 'create_student_performance_mart' retrieved from /opt/airflow/dags/dag_student_performance.py
[2026-05-21T15:32:08.428+0000] {logging_mixin.py:190} INFO - [2026-05-21T15:32:08.428+0000] {dag.py:3239} INFO - Sync 1 DAGs
[2026-05-21T15:32:08.446+0000] {logging_mixin.py:190} INFO - [2026-05-21T15:32:08.446+0000] {dag.py:4180} INFO - Setting next_dagrun for create_student_performance_mart to None, run_after=None
[2026-05-21T15:32:08.470+0000] {processor.py:208} INFO - Processing /opt/airflow/dags/dag_student_performance.py took 0.141 seconds
[2026-05-21T15:32:39.013+0000] {processor.py:186} INFO - Started process (PID=622) to work on /opt/airflow/dags/dag_student_performance.py
[2026-05-21T15:32:39.015+0000] {processor.py:914} INFO - Processing file /opt/airflow/dags/dag_student_performance.py for tasks to queue
[2026-05-21T15:32:39.021+0000] {logging_mixin.py:190} INFO - [2026-05-21T15:32:39.020+0000] {dagbag.py:588} INFO - Filling up the DagBag from /opt/airflow/dags/dag_student_performance.py
[2026-05-21T15:32:39.142+0000] {processor.py:925} INFO - DAG(s) 'create_student_performance_mart' retrieved from /opt/airflow/dags/dag_student_performance.py
[2026-05-21T15:32:39.192+0000] {logging_mixin.py:190} INFO - [2026-05-21T15:32:39.192+0000] {dag.py:3239} INFO - Sync 1 DAGs
[2026-05-21T15:32:39.208+0000] {logging_mixin.py:190} INFO - [2026-05-21T15:32:39.208+0000] {dag.py:4180} INFO - Setting next_dagrun for create_student_performance_mart to None, run_after=None
[2026-05-21T15:32:39.381+0000] {processor.py:208} INFO - Processing /opt/airflow/dags/dag_student_performance.py took 0.376 seconds
[2026-05-21T15:33:10.004+0000] {processor.py:186} INFO - Started process (PID=638) to work on /opt/airflow/dags/dag_student_performance.py
[2026-05-21T15:33:10.006+0000] {processor.py:914} INFO - Processing file /opt/airflow/dags/dag_student_performance.py for tasks to queue
[2026-05-21T15:33:10.011+0000] {logging_mixin.py:190} INFO - [2026-05-21T15:33:10.010+0000] {dagbag.py:588} INFO - Filling up the DagBag from /opt/airflow/dags/dag_student_performance.py
[2026-05-21T15:33:10.065+0000] {processor.py:925} INFO - DAG(s) 'create_student_performance_mart' retrieved from /opt/airflow/dags/dag_student_performance.py
[2026-05-21T15:33:10.090+0000] {logging_mixin.py:190} INFO - [2026-05-21T15:33:10.090+0000] {dag.py:3239} INFO - Sync 1 DAGs
[2026-05-21T15:33:10.105+0000] {logging_mixin.py:190} INFO - [2026-05-21T15:33:10.105+0000] {dag.py:4180} INFO - Setting next_dagrun for create_student_performance_mart to None, run_after=None
[2026-05-21T15:33:10.129+0000] {processor.py:208} INFO - Processing /opt/airflow/dags/dag_student_performance.py took 0.138 seconds
[2026-05-21T15:33:40.883+0000] {processor.py:186} INFO - Started process (PID=654) to work on /opt/airflow/dags/dag_student_performance.py
[2026-05-21T15:33:40.885+0000] {processor.py:914} INFO - Processing file /opt/airflow/dags/dag_student_performance.py for tasks to queue
[2026-05-21T15:33:40.889+0000] {logging_mixin.py:190} INFO - [2026-05-21T15:33:40.889+0000] {dagbag.py:588} INFO - Filling up the DagBag from /opt/airflow/dags/dag_student_performance.py
[2026-05-21T15:33:40.937+0000] {processor.py:925} INFO - DAG(s) 'create_student_performance_mart' retrieved from /opt/airflow/dags/dag_student_performance.py
[2026-05-21T15:33:40.962+0000] {logging_mixin.py:190} INFO - [2026-05-21T15:33:40.962+0000] {dag.py:3239} INFO - Sync 1 DAGs
[2026-05-21T15:33:40.978+0000] {logging_mixin.py:190} INFO - [2026-05-21T15:33:40.977+0000] {dag.py:4180} INFO - Setting next_dagrun for create_student_performance_mart to None, run_after=None
[2026-05-21T15:33:41.011+0000] {processor.py:208} INFO - Processing /opt/airflow/dags/dag_student_performance.py took 0.140 seconds
[2026-05-21T15:34:11.363+0000] {processor.py:186} INFO - Started process (PID=670) to work on /opt/airflow/dags/dag_student_performance.py
[2026-05-21T15:34:11.364+0000] {processor.py:914} INFO - Processing file /opt/airflow/dags/dag_student_performance.py for tasks to queue
[2026-05-21T15:34:11.368+0000] {logging_mixin.py:190} INFO - [2026-05-21T15:34:11.367+0000] {dagbag.py:588} INFO - Filling up the DagBag from /opt/airflow/dags/dag_student_performance.py
[2026-05-21T15:34:11.474+0000] {processor.py:925} INFO - DAG(s) 'create_student_performance_mart' retrieved from /opt/airflow/dags/dag_student_performance.py
[2026-05-21T15:34:11.504+0000] {logging_mixin.py:190} INFO - [2026-05-21T15:34:11.504+0000] {dag.py:3239} INFO - Sync 1 DAGs
[2026-05-21T15:34:11.523+0000] {logging_mixin.py:190} INFO - [2026-05-21T15:34:11.523+0000] {dag.py:4180} INFO - Setting next_dagrun for create_student_performance_mart to None, run_after=None
[2026-05-21T15:34:11.552+0000] {processor.py:208} INFO - Processing /opt/airflow/dags/dag_student_performance.py took 0.197 seconds
[2026-05-21T15:34:42.151+0000] {processor.py:186} INFO - Started process (PID=686) to work on /opt/airflow/dags/dag_student_performance.py
[2026-05-21T15:34:42.154+0000] {processor.py:914} INFO - Processing file /opt/airflow/dags/dag_student_performance.py for tasks to queue
[2026-05-21T15:34:42.160+0000] {logging_mixin.py:190} INFO - [2026-05-21T15:34:42.159+0000] {dagbag.py:588} INFO - Filling up the DagBag from /opt/airflow/dags/dag_student_performance.py
[2026-05-21T15:34:42.262+0000] {processor.py:925} INFO - DAG(s) 'create_student_performance_mart' retrieved from /opt/airflow/dags/dag_student_performance.py
[2026-05-21T15:34:42.292+0000] {logging_mixin.py:190} INFO - [2026-05-21T15:34:42.291+0000] {dag.py:3239} INFO - Sync 1 DAGs
[2026-05-21T15:34:42.307+0000] {logging_mixin.py:190} INFO - [2026-05-21T15:34:42.306+0000] {dag.py:4180} INFO - Setting next_dagrun for create_student_performance_mart to None, run_after=None
[2026-05-21T15:34:42.330+0000] {processor.py:208} INFO - Processing /opt/airflow/dags/dag_student_performance.py took 0.188 seconds
[2026-05-21T15:35:13.068+0000] {processor.py:186} INFO - Started process (PID=702) to work on /opt/airflow/dags/dag_student_performance.py
[2026-05-21T15:35:13.070+0000] {processor.py:914} INFO - Processing file /opt/airflow/dags/dag_student_performance.py for tasks to queue
[2026-05-21T15:35:13.074+0000] {logging_mixin.py:190} INFO - [2026-05-21T15:35:13.073+0000] {dagbag.py:588} INFO - Filling up the DagBag from /opt/airflow/dags/dag_student_performance.py
[2026-05-21T15:35:13.111+0000] {processor.py:925} INFO - DAG(s) 'create_student_performance_mart' retrieved from /opt/airflow/dags/dag_student_performance.py
[2026-05-21T15:35:13.136+0000] {logging_mixin.py:190} INFO - [2026-05-21T15:35:13.136+0000] {dag.py:3239} INFO - Sync 1 DAGs
[2026-05-21T15:35:13.150+0000] {logging_mixin.py:190} INFO - [2026-05-21T15:35:13.150+0000] {dag.py:4180} INFO - Setting next_dagrun for create_student_performance_mart to None, run_after=None
[2026-05-21T15:35:13.181+0000] {processor.py:208} INFO - Processing /opt/airflow/dags/dag_student_performance.py took 0.123 seconds
[2026-05-21T15:35:43.548+0000] {processor.py:186} INFO - Started process (PID=718) to work on /opt/airflow/dags/dag_student_performance.py
[2026-05-21T15:35:43.550+0000] {processor.py:914} INFO - Processing file /opt/airflow/dags/dag_student_performance.py for tasks to queue
[2026-05-21T15:35:43.553+0000] {logging_mixin.py:190} INFO - [2026-05-21T15:35:43.553+0000] {dagbag.py:588} INFO - Filling up the DagBag from /opt/airflow/dags/dag_student_performance.py
[2026-05-21T15:35:43.595+0000] {processor.py:925} INFO - DAG(s) 'create_student_performance_mart' retrieved from /opt/airflow/dags/dag_student_performance.py
[2026-05-21T15:35:43.626+0000] {logging_mixin.py:190} INFO - [2026-05-21T15:35:43.626+0000] {dag.py:3239} INFO - Sync 1 DAGs
[2026-05-21T15:35:43.642+0000] {logging_mixin.py:190} INFO - [2026-05-21T15:35:43.641+0000] {dag.py:4180} INFO - Setting next_dagrun for create_student_performance_mart to None, run_after=None
[2026-05-21T15:35:43.663+0000] {processor.py:208} INFO - Processing /opt/airflow/dags/dag_student_performance.py took 0.125 seconds
[2026-05-21T15:36:14.072+0000] {processor.py:186} INFO - Started process (PID=734) to work on /opt/airflow/dags/dag_student_performance.py
[2026-05-21T15:36:14.074+0000] {processor.py:914} INFO - Processing file /opt/airflow/dags/dag_student_performance.py for tasks to queue
[2026-05-21T15:36:14.079+0000] {logging_mixin.py:190} INFO - [2026-05-21T15:36:14.078+0000] {dagbag.py:588} INFO - Filling up the DagBag from /opt/airflow/dags/dag_student_performance.py
[2026-05-21T15:36:14.139+0000] {processor.py:925} INFO - DAG(s) 'create_student_performance_mart' retrieved from /opt/airflow/dags/dag_student_performance.py
[2026-05-21T15:36:14.172+0000] {logging_mixin.py:190} INFO - [2026-05-21T15:36:14.172+0000] {dag.py:3239} INFO - Sync 1 DAGs
[2026-05-21T15:36:14.188+0000] {logging_mixin.py:190} INFO - [2026-05-21T15:36:14.188+0000] {dag.py:4180} INFO - Setting next_dagrun for create_student_performance_mart to None, run_after=None
[2026-05-21T15:36:14.210+0000] {processor.py:208} INFO - Processing /opt/airflow/dags/dag_student_performance.py took 0.148 seconds
[2026-05-21T15:36:44.608+0000] {processor.py:186} INFO - Started process (PID=750) to work on /opt/airflow/dags/dag_student_performance.py
[2026-05-21T15:36:44.612+0000] {processor.py:914} INFO - Processing file /opt/airflow/dags/dag_student_performance.py for tasks to queue
[2026-05-21T15:36:44.617+0000] {logging_mixin.py:190} INFO - [2026-05-21T15:36:44.616+0000] {dagbag.py:588} INFO - Filling up the DagBag from /opt/airflow/dags/dag_student_performance.py
[2026-05-21T15:36:44.694+0000] {processor.py:925} INFO - DAG(s) 'create_student_performance_mart' retrieved from /opt/airflow/dags/dag_student_performance.py
[2026-05-21T15:36:44.725+0000] {logging_mixin.py:190} INFO - [2026-05-21T15:36:44.725+0000] {dag.py:3239} INFO - Sync 1 DAGs
[2026-05-21T15:36:44.740+0000] {logging_mixin.py:190} INFO - [2026-05-21T15:36:44.740+0000] {dag.py:4180} INFO - Setting next_dagrun for create_student_performance_mart to None, run_after=None
[2026-05-21T15:36:44.769+0000] {processor.py:208} INFO - Processing /opt/airflow/dags/dag_student_performance.py took 0.175 seconds
[2026-05-21T15:37:01.001+0000] {processor.py:186} INFO - Started process (PID=755) to work on /opt/airflow/dags/dag_student_performance.py
[2026-05-21T15:37:01.003+0000] {processor.py:914} INFO - Processing file /opt/airflow/dags/dag_student_performance.py for tasks to queue
[2026-05-21T15:37:01.005+0000] {logging_mixin.py:190} INFO - [2026-05-21T15:37:01.005+0000] {dagbag.py:588} INFO - Filling up the DagBag from /opt/airflow/dags/dag_student_performance.py
[2026-05-21T15:37:01.197+0000] {processor.py:925} INFO - DAG(s) 'create_student_performance_mart' retrieved from /opt/airflow/dags/dag_student_performance.py
[2026-05-21T15:37:01.519+0000] {logging_mixin.py:190} INFO - [2026-05-21T15:37:01.519+0000] {dag.py:3239} INFO - Sync 1 DAGs
[2026-05-21T15:37:01.531+0000] {logging_mixin.py:190} INFO - [2026-05-21T15:37:01.531+0000] {dag.py:4180} INFO - Setting next_dagrun for create_student_performance_mart to None, run_after=None
[2026-05-21T15:37:01.556+0000] {processor.py:208} INFO - Processing /opt/airflow/dags/dag_student_performance.py took 0.562 seconds
[2026-05-21T15:37:32.082+0000] {processor.py:186} INFO - Started process (PID=777) to work on /opt/airflow/dags/dag_student_performance.py
[2026-05-21T15:37:32.085+0000] {processor.py:914} INFO - Processing file /opt/airflow/dags/dag_student_performance.py for tasks to queue
[2026-05-21T15:37:32.090+0000] {logging_mixin.py:190} INFO - [2026-05-21T15:37:32.089+0000] {dagbag.py:588} INFO - Filling up the DagBag from /opt/airflow/dags/dag_student_performance.py
[2026-05-21T15:37:32.183+0000] {processor.py:925} INFO - DAG(s) 'create_student_performance_mart' retrieved from /opt/airflow/dags/dag_student_performance.py
[2026-05-21T15:37:32.232+0000] {logging_mixin.py:190} INFO - [2026-05-21T15:37:32.232+0000] {dag.py:3239} INFO - Sync 1 DAGs
[2026-05-21T15:37:32.251+0000] {logging_mixin.py:190} INFO - [2026-05-21T15:37:32.251+0000] {dag.py:4180} INFO - Setting next_dagrun for create_student_performance_mart to None, run_after=None
[2026-05-21T15:37:32.275+0000] {processor.py:208} INFO - Processing /opt/airflow/dags/dag_student_performance.py took 0.202 seconds
[2026-05-21T15:38:02.753+0000] {processor.py:186} INFO - Started process (PID=793) to work on /opt/airflow/dags/dag_student_performance.py
[2026-05-21T15:38:02.755+0000] {processor.py:914} INFO - Processing file /opt/airflow/dags/dag_student_performance.py for tasks to queue
[2026-05-21T15:38:02.758+0000] {logging_mixin.py:190} INFO - [2026-05-21T15:38:02.758+0000] {dagbag.py:588} INFO - Filling up the DagBag from /opt/airflow/dags/dag_student_performance.py
[2026-05-21T15:38:02.826+0000] {processor.py:925} INFO - DAG(s) 'create_student_performance_mart' retrieved from /opt/airflow/dags/dag_student_performance.py
[2026-05-21T15:38:02.863+0000] {logging_mixin.py:190} INFO - [2026-05-21T15:38:02.863+0000] {dag.py:3239} INFO - Sync 1 DAGs
[2026-05-21T15:38:02.879+0000] {logging_mixin.py:190} INFO - [2026-05-21T15:38:02.878+0000] {dag.py:4180} INFO - Setting next_dagrun for create_student_performance_mart to None, run_after=None
[2026-05-21T15:38:02.901+0000] {processor.py:208} INFO - Processing /opt/airflow/dags/dag_student_performance.py took 0.155 seconds
[2026-05-21T15:38:33.329+0000] {processor.py:186} INFO - Started process (PID=809) to work on /opt/airflow/dags/dag_student_performance.py
[2026-05-21T15:38:33.331+0000] {processor.py:914} INFO - Processing file /opt/airflow/dags/dag_student_performance.py for tasks to queue
[2026-05-21T15:38:33.334+0000] {logging_mixin.py:190} INFO - [2026-05-21T15:38:33.334+0000] {dagbag.py:588} INFO - Filling up the DagBag from /opt/airflow/dags/dag_student_performance.py
[2026-05-21T15:38:33.372+0000] {processor.py:925} INFO - DAG(s) 'create_student_performance_mart' retrieved from /opt/airflow/dags/dag_student_performance.py
[2026-05-21T15:38:33.401+0000] {logging_mixin.py:190} INFO - [2026-05-21T15:38:33.400+0000] {dag.py:3239} INFO - Sync 1 DAGs
[2026-05-21T15:38:33.415+0000] {logging_mixin.py:190} INFO - [2026-05-21T15:38:33.415+0000] {dag.py:4180} INFO - Setting next_dagrun for create_student_performance_mart to None, run_after=None
[2026-05-21T15:38:33.438+0000] {processor.py:208} INFO - Processing /opt/airflow/dags/dag_student_performance.py took 0.115 seconds
[2026-05-21T15:39:03.995+0000] {processor.py:186} INFO - Started process (PID=825) to work on /opt/airflow/dags/dag_student_performance.py
[2026-05-21T15:39:03.997+0000] {processor.py:914} INFO - Processing file /opt/airflow/dags/dag_student_performance.py for tasks to queue
[2026-05-21T15:39:04.003+0000] {logging_mixin.py:190} INFO - [2026-05-21T15:39:04.003+0000] {dagbag.py:588} INFO - Filling up the DagBag from /opt/airflow/dags/dag_student_performance.py
[2026-05-21T15:39:04.044+0000] {processor.py:925} INFO - DAG(s) 'create_student_performance_mart' retrieved from /opt/airflow/dags/dag_student_performance.py
[2026-05-21T15:39:04.073+0000] {logging_mixin.py:190} INFO - [2026-05-21T15:39:04.073+0000] {dag.py:3239} INFO - Sync 1 DAGs
[2026-05-21T15:39:04.090+0000] {logging_mixin.py:190} INFO - [2026-05-21T15:39:04.090+0000] {dag.py:4180} INFO - Setting next_dagrun for create_student_performance_mart to None, run_after=None
[2026-05-21T15:39:04.119+0000] {processor.py:208} INFO - Processing /opt/airflow/dags/dag_student_performance.py took 0.131 seconds
[2026-05-21T15:39:58.158+0000] {processor.py:186} INFO - Started process (PID=176) to work on /opt/airflow/dags/dag_student_performance.py
[2026-05-21T15:39:58.160+0000] {processor.py:914} INFO - Processing file /opt/airflow/dags/dag_student_performance.py for tasks to queue
[2026-05-21T15:39:58.163+0000] {logging_mixin.py:190} INFO - [2026-05-21T15:39:58.163+0000] {dagbag.py:588} INFO - Filling up the DagBag from /opt/airflow/dags/dag_student_performance.py
[2026-05-21T15:39:58.211+0000] {processor.py:925} INFO - DAG(s) 'create_student_performance_mart' retrieved from /opt/airflow/dags/dag_student_performance.py
[2026-05-21T15:39:58.522+0000] {logging_mixin.py:190} INFO - [2026-05-21T15:39:58.521+0000] {override.py:1911} INFO - Created Permission View: can delete on DAG:create_student_performance_mart
[2026-05-21T15:39:58.534+0000] {logging_mixin.py:190} INFO - [2026-05-21T15:39:58.534+0000] {override.py:1911} INFO - Created Permission View: can edit on DAG:create_student_performance_mart
[2026-05-21T15:39:58.542+0000] {logging_mixin.py:190} INFO - [2026-05-21T15:39:58.541+0000] {override.py:1911} INFO - Created Permission View: can read on DAG:create_student_performance_mart
[2026-05-21T15:39:58.551+0000] {logging_mixin.py:190} INFO - [2026-05-21T15:39:58.550+0000] {override.py:1911} INFO - Created Permission View: can create on DAG Run:create_student_performance_mart
[2026-05-21T15:39:58.559+0000] {logging_mixin.py:190} INFO - [2026-05-21T15:39:58.559+0000] {override.py:1911} INFO - Created Permission View: can delete on DAG Run:create_student_performance_mart
[2026-05-21T15:39:58.568+0000] {logging_mixin.py:190} INFO - [2026-05-21T15:39:58.567+0000] {override.py:1911} INFO - Created Permission View: can read on DAG Run:create_student_performance_mart
[2026-05-21T15:39:58.577+0000] {logging_mixin.py:190} INFO - [2026-05-21T15:39:58.576+0000] {override.py:1911} INFO - Created Permission View: menu access on DAG Run:create_student_performance_mart
[2026-05-21T15:39:58.579+0000] {logging_mixin.py:190} INFO - [2026-05-21T15:39:58.579+0000] {dag.py:3239} INFO - Sync 1 DAGs
[2026-05-21T15:39:58.600+0000] {logging_mixin.py:190} INFO - [2026-05-21T15:39:58.600+0000] {dag.py:3262} INFO - Creating ORM DAG for create_student_performance_mart
[2026-05-21T15:39:58.602+0000] {logging_mixin.py:190} INFO - [2026-05-21T15:39:58.601+0000] {dag.py:4180} INFO - Setting next_dagrun for create_student_performance_mart to None, run_after=None
[2026-05-21T15:39:58.635+0000] {processor.py:208} INFO - Processing /opt/airflow/dags/dag_student_performance.py took 0.484 seconds
[2026-05-21T15:40:29.033+0000] {processor.py:186} INFO - Started process (PID=192) to work on /opt/airflow/dags/dag_student_performance.py
[2026-05-21T15:40:29.035+0000] {processor.py:914} INFO - Processing file /opt/airflow/dags/dag_student_performance.py for tasks to queue
[2026-05-21T15:40:29.037+0000] {logging_mixin.py:190} INFO - [2026-05-21T15:40:29.037+0000] {dagbag.py:588} INFO - Filling up the DagBag from /opt/airflow/dags/dag_student_performance.py
[2026-05-21T15:40:29.073+0000] {processor.py:925} INFO - DAG(s) 'create_student_performance_mart' retrieved from /opt/airflow/dags/dag_student_performance.py
[2026-05-21T15:40:29.102+0000] {logging_mixin.py:190} INFO - [2026-05-21T15:40:29.102+0000] {dag.py:3239} INFO - Sync 1 DAGs
[2026-05-21T15:40:29.120+0000] {logging_mixin.py:190} INFO - [2026-05-21T15:40:29.120+0000] {dag.py:4180} INFO - Setting next_dagrun for create_student_performance_mart to None, run_after=None
[2026-05-21T15:40:29.143+0000] {processor.py:208} INFO - Processing /opt/airflow/dags/dag_student_performance.py took 0.116 seconds
[2026-05-21T15:40:59.526+0000] {processor.py:186} INFO - Started process (PID=214) to work on /opt/airflow/dags/dag_student_performance.py
[2026-05-21T15:40:59.527+0000] {processor.py:914} INFO - Processing file /opt/airflow/dags/dag_student_performance.py for tasks to queue
[2026-05-21T15:40:59.530+0000] {logging_mixin.py:190} INFO - [2026-05-21T15:40:59.529+0000] {dagbag.py:588} INFO - Filling up the DagBag from /opt/airflow/dags/dag_student_performance.py
[2026-05-21T15:40:59.563+0000] {processor.py:925} INFO - DAG(s) 'create_student_performance_mart' retrieved from /opt/airflow/dags/dag_student_performance.py
[2026-05-21T15:40:59.600+0000] {logging_mixin.py:190} INFO - [2026-05-21T15:40:59.600+0000] {dag.py:3239} INFO - Sync 1 DAGs
[2026-05-21T15:40:59.617+0000] {logging_mixin.py:190} INFO - [2026-05-21T15:40:59.617+0000] {dag.py:4180} INFO - Setting next_dagrun for create_student_performance_mart to None, run_after=None
[2026-05-21T15:40:59.639+0000] {processor.py:208} INFO - Processing /opt/airflow/dags/dag_student_performance.py took 0.119 seconds
[2026-05-21T15:41:30.054+0000] {processor.py:186} INFO - Started process (PID=233) to work on /opt/airflow/dags/dag_student_performance.py
[2026-05-21T15:41:30.067+0000] {processor.py:914} INFO - Processing file /opt/airflow/dags/dag_student_performance.py for tasks to queue
[2026-05-21T15:41:30.073+0000] {logging_mixin.py:190} INFO - [2026-05-21T15:41:30.072+0000] {dagbag.py:588} INFO - Filling up the DagBag from /opt/airflow/dags/dag_student_performance.py
[2026-05-21T15:41:30.312+0000] {processor.py:925} INFO - DAG(s) 'create_student_performance_mart' retrieved from /opt/airflow/dags/dag_student_performance.py
[2026-05-21T15:41:30.343+0000] {logging_mixin.py:190} INFO - [2026-05-21T15:41:30.343+0000] {dag.py:3239} INFO - Sync 1 DAGs
[2026-05-21T15:41:30.358+0000] {logging_mixin.py:190} INFO - [2026-05-21T15:41:30.358+0000] {dag.py:4180} INFO - Setting next_dagrun for create_student_performance_mart to None, run_after=None
[2026-05-21T15:41:30.393+0000] {processor.py:208} INFO - Processing /opt/airflow/dags/dag_student_performance.py took 0.345 seconds
[2026-05-21T15:42:00.722+0000] {processor.py:186} INFO - Started process (PID=249) to work on /opt/airflow/dags/dag_student_performance.py
[2026-05-21T15:42:00.723+0000] {processor.py:914} INFO - Processing file /opt/airflow/dags/dag_student_performance.py for tasks to queue
[2026-05-21T15:42:00.725+0000] {logging_mixin.py:190} INFO - [2026-05-21T15:42:00.725+0000] {dagbag.py:588} INFO - Filling up the DagBag from /opt/airflow/dags/dag_student_performance.py
[2026-05-21T15:42:00.750+0000] {processor.py:925} INFO - DAG(s) 'create_student_performance_mart' retrieved from /opt/airflow/dags/dag_student_performance.py
[2026-05-21T15:42:00.776+0000] {logging_mixin.py:190} INFO - [2026-05-21T15:42:00.775+0000] {dag.py:3239} INFO - Sync 1 DAGs
[2026-05-21T15:42:00.790+0000] {logging_mixin.py:190} INFO - [2026-05-21T15:42:00.790+0000] {dag.py:4180} INFO - Setting next_dagrun for create_student_performance_mart to None, run_after=None
[2026-05-21T15:42:00.810+0000] {processor.py:208} INFO - Processing /opt/airflow/dags/dag_student_performance.py took 0.093 seconds
[2026-05-21T15:42:31.215+0000] {processor.py:186} INFO - Started process (PID=265) to work on /opt/airflow/dags/dag_student_performance.py
[2026-05-21T15:42:31.217+0000] {processor.py:914} INFO - Processing file /opt/airflow/dags/dag_student_performance.py for tasks to queue
[2026-05-21T15:42:31.220+0000] {logging_mixin.py:190} INFO - [2026-05-21T15:42:31.220+0000] {dagbag.py:588} INFO - Filling up the DagBag from /opt/airflow/dags/dag_student_performance.py
[2026-05-21T15:42:31.251+0000] {processor.py:925} INFO - DAG(s) 'create_student_performance_mart' retrieved from /opt/airflow/dags/dag_student_performance.py
[2026-05-21T15:42:31.281+0000] {logging_mixin.py:190} INFO - [2026-05-21T15:42:31.280+0000] {dag.py:3239} INFO - Sync 1 DAGs
[2026-05-21T15:42:31.299+0000] {logging_mixin.py:190} INFO - [2026-05-21T15:42:31.299+0000] {dag.py:4180} INFO - Setting next_dagrun for create_student_performance_mart to None, run_after=None
[2026-05-21T15:42:31.344+0000] {processor.py:208} INFO - Processing /opt/airflow/dags/dag_student_performance.py took 0.136 seconds
