[2026-04-05T18:45:20.657+0000] {processor.py:186} INFO - Started process (PID=176) to work on /opt/airflow/dags/create_mart_dag.py
[2026-04-05T18:45:20.659+0000] {processor.py:914} INFO - Processing file /opt/airflow/dags/create_mart_dag.py for tasks to queue
[2026-04-05T18:45:20.663+0000] {logging_mixin.py:190} INFO - [2026-04-05T18:45:20.662+0000] {dagbag.py:588} INFO - Filling up the DagBag from /opt/airflow/dags/create_mart_dag.py
[2026-04-05T18:45:20.793+0000] {processor.py:925} INFO - DAG(s) 'create_analytics_mart' retrieved from /opt/airflow/dags/create_mart_dag.py
[2026-04-05T18:45:21.060+0000] {logging_mixin.py:190} INFO - [2026-04-05T18:45:21.060+0000] {override.py:1911} INFO - Created Permission View: can read on DAG:create_analytics_mart
[2026-04-05T18:45:21.074+0000] {logging_mixin.py:190} INFO - [2026-04-05T18:45:21.074+0000] {override.py:1911} INFO - Created Permission View: can edit on DAG:create_analytics_mart
[2026-04-05T18:45:21.085+0000] {logging_mixin.py:190} INFO - [2026-04-05T18:45:21.085+0000] {override.py:1911} INFO - Created Permission View: can delete on DAG:create_analytics_mart
[2026-04-05T18:45:21.097+0000] {logging_mixin.py:190} INFO - [2026-04-05T18:45:21.097+0000] {override.py:1911} INFO - Created Permission View: can create on DAG Run:create_analytics_mart
[2026-04-05T18:45:21.107+0000] {logging_mixin.py:190} INFO - [2026-04-05T18:45:21.107+0000] {override.py:1911} INFO - Created Permission View: can read on DAG Run:create_analytics_mart
[2026-04-05T18:45:21.117+0000] {logging_mixin.py:190} INFO - [2026-04-05T18:45:21.117+0000] {override.py:1911} INFO - Created Permission View: can delete on DAG Run:create_analytics_mart
[2026-04-05T18:45:21.127+0000] {logging_mixin.py:190} INFO - [2026-04-05T18:45:21.127+0000] {override.py:1911} INFO - Created Permission View: menu access on DAG Run:create_analytics_mart
[2026-04-05T18:45:21.128+0000] {logging_mixin.py:190} INFO - [2026-04-05T18:45:21.128+0000] {dag.py:3239} INFO - Sync 1 DAGs
[2026-04-05T18:45:21.145+0000] {logging_mixin.py:190} INFO - [2026-04-05T18:45:21.144+0000] {dag.py:3262} INFO - Creating ORM DAG for create_analytics_mart
[2026-04-05T18:45:21.159+0000] {logging_mixin.py:190} INFO - [2026-04-05T18:45:21.159+0000] {dag.py:4180} INFO - Setting next_dagrun for create_analytics_mart to 2026-04-04 02:00:00+00:00, run_after=2026-04-05 02:00:00+00:00
[2026-04-05T18:45:21.186+0000] {processor.py:208} INFO - Processing /opt/airflow/dags/create_mart_dag.py took 0.539 seconds
[2026-04-05T18:45:51.508+0000] {processor.py:186} INFO - Started process (PID=187) to work on /opt/airflow/dags/create_mart_dag.py
[2026-04-05T18:45:51.509+0000] {processor.py:914} INFO - Processing file /opt/airflow/dags/create_mart_dag.py for tasks to queue
[2026-04-05T18:45:51.511+0000] {logging_mixin.py:190} INFO - [2026-04-05T18:45:51.511+0000] {dagbag.py:588} INFO - Filling up the DagBag from /opt/airflow/dags/create_mart_dag.py
[2026-04-05T18:45:51.541+0000] {processor.py:925} INFO - DAG(s) 'create_analytics_mart' retrieved from /opt/airflow/dags/create_mart_dag.py
[2026-04-05T18:45:51.574+0000] {logging_mixin.py:190} INFO - [2026-04-05T18:45:51.574+0000] {dag.py:3239} INFO - Sync 1 DAGs
[2026-04-05T18:45:51.603+0000] {logging_mixin.py:190} INFO - [2026-04-05T18:45:51.603+0000] {dag.py:4180} INFO - Setting next_dagrun for create_analytics_mart to 2026-04-04 02:00:00+00:00, run_after=2026-04-05 02:00:00+00:00
[2026-04-05T18:45:51.627+0000] {processor.py:208} INFO - Processing /opt/airflow/dags/create_mart_dag.py took 0.126 seconds
[2026-04-05T18:46:21.887+0000] {processor.py:186} INFO - Started process (PID=198) to work on /opt/airflow/dags/create_mart_dag.py
[2026-04-05T18:46:21.891+0000] {processor.py:914} INFO - Processing file /opt/airflow/dags/create_mart_dag.py for tasks to queue
[2026-04-05T18:46:21.894+0000] {logging_mixin.py:190} INFO - [2026-04-05T18:46:21.894+0000] {dagbag.py:588} INFO - Filling up the DagBag from /opt/airflow/dags/create_mart_dag.py
[2026-04-05T18:46:21.936+0000] {processor.py:925} INFO - DAG(s) 'create_analytics_mart' retrieved from /opt/airflow/dags/create_mart_dag.py
[2026-04-05T18:46:21.968+0000] {logging_mixin.py:190} INFO - [2026-04-05T18:46:21.968+0000] {dag.py:3239} INFO - Sync 1 DAGs
[2026-04-05T18:46:21.998+0000] {logging_mixin.py:190} INFO - [2026-04-05T18:46:21.997+0000] {dag.py:4180} INFO - Setting next_dagrun for create_analytics_mart to 2026-04-04 02:00:00+00:00, run_after=2026-04-05 02:00:00+00:00
[2026-04-05T18:46:22.021+0000] {processor.py:208} INFO - Processing /opt/airflow/dags/create_mart_dag.py took 0.146 seconds
[2026-04-05T18:46:52.244+0000] {processor.py:186} INFO - Started process (PID=209) to work on /opt/airflow/dags/create_mart_dag.py
[2026-04-05T18:46:52.245+0000] {processor.py:914} INFO - Processing file /opt/airflow/dags/create_mart_dag.py for tasks to queue
[2026-04-05T18:46:52.248+0000] {logging_mixin.py:190} INFO - [2026-04-05T18:46:52.248+0000] {dagbag.py:588} INFO - Filling up the DagBag from /opt/airflow/dags/create_mart_dag.py
[2026-04-05T18:46:52.282+0000] {processor.py:925} INFO - DAG(s) 'create_analytics_mart' retrieved from /opt/airflow/dags/create_mart_dag.py
[2026-04-05T18:46:52.308+0000] {logging_mixin.py:190} INFO - [2026-04-05T18:46:52.308+0000] {dag.py:3239} INFO - Sync 1 DAGs
[2026-04-05T18:46:52.335+0000] {logging_mixin.py:190} INFO - [2026-04-05T18:46:52.335+0000] {dag.py:4180} INFO - Setting next_dagrun for create_analytics_mart to 2026-04-04 02:00:00+00:00, run_after=2026-04-05 02:00:00+00:00
[2026-04-05T18:46:52.357+0000] {processor.py:208} INFO - Processing /opt/airflow/dags/create_mart_dag.py took 0.118 seconds
[2026-04-05T18:47:22.699+0000] {processor.py:186} INFO - Started process (PID=223) to work on /opt/airflow/dags/create_mart_dag.py
[2026-04-05T18:47:22.700+0000] {processor.py:914} INFO - Processing file /opt/airflow/dags/create_mart_dag.py for tasks to queue
[2026-04-05T18:47:22.702+0000] {logging_mixin.py:190} INFO - [2026-04-05T18:47:22.702+0000] {dagbag.py:588} INFO - Filling up the DagBag from /opt/airflow/dags/create_mart_dag.py
[2026-04-05T18:47:22.767+0000] {processor.py:925} INFO - DAG(s) 'create_analytics_mart' retrieved from /opt/airflow/dags/create_mart_dag.py
[2026-04-05T18:47:22.800+0000] {logging_mixin.py:190} INFO - [2026-04-05T18:47:22.799+0000] {dag.py:3239} INFO - Sync 1 DAGs
[2026-04-05T18:47:22.830+0000] {logging_mixin.py:190} INFO - [2026-04-05T18:47:22.830+0000] {dag.py:4180} INFO - Setting next_dagrun for create_analytics_mart to 2026-04-05 02:00:00+00:00, run_after=2026-04-06 02:00:00+00:00
[2026-04-05T18:47:22.862+0000] {processor.py:208} INFO - Processing /opt/airflow/dags/create_mart_dag.py took 0.168 seconds
[2026-04-05T18:47:53.069+0000] {processor.py:186} INFO - Started process (PID=234) to work on /opt/airflow/dags/create_mart_dag.py
[2026-04-05T18:47:53.070+0000] {processor.py:914} INFO - Processing file /opt/airflow/dags/create_mart_dag.py for tasks to queue
[2026-04-05T18:47:53.073+0000] {logging_mixin.py:190} INFO - [2026-04-05T18:47:53.072+0000] {dagbag.py:588} INFO - Filling up the DagBag from /opt/airflow/dags/create_mart_dag.py
[2026-04-05T18:47:53.111+0000] {processor.py:925} INFO - DAG(s) 'create_analytics_mart' retrieved from /opt/airflow/dags/create_mart_dag.py
[2026-04-05T18:47:53.144+0000] {logging_mixin.py:190} INFO - [2026-04-05T18:47:53.144+0000] {dag.py:3239} INFO - Sync 1 DAGs
[2026-04-05T18:47:53.175+0000] {logging_mixin.py:190} INFO - [2026-04-05T18:47:53.175+0000] {dag.py:4180} INFO - Setting next_dagrun for create_analytics_mart to 2026-04-05 02:00:00+00:00, run_after=2026-04-06 02:00:00+00:00
[2026-04-05T18:47:53.210+0000] {processor.py:208} INFO - Processing /opt/airflow/dags/create_mart_dag.py took 0.149 seconds
[2026-04-05T18:48:23.595+0000] {processor.py:186} INFO - Started process (PID=245) to work on /opt/airflow/dags/create_mart_dag.py
[2026-04-05T18:48:23.596+0000] {processor.py:914} INFO - Processing file /opt/airflow/dags/create_mart_dag.py for tasks to queue
[2026-04-05T18:48:23.600+0000] {logging_mixin.py:190} INFO - [2026-04-05T18:48:23.599+0000] {dagbag.py:588} INFO - Filling up the DagBag from /opt/airflow/dags/create_mart_dag.py
[2026-04-05T18:48:23.631+0000] {processor.py:925} INFO - DAG(s) 'create_analytics_mart' retrieved from /opt/airflow/dags/create_mart_dag.py
[2026-04-05T18:48:23.661+0000] {logging_mixin.py:190} INFO - [2026-04-05T18:48:23.660+0000] {dag.py:3239} INFO - Sync 1 DAGs
[2026-04-05T18:48:23.689+0000] {logging_mixin.py:190} INFO - [2026-04-05T18:48:23.689+0000] {dag.py:4180} INFO - Setting next_dagrun for create_analytics_mart to 2026-04-05 02:00:00+00:00, run_after=2026-04-06 02:00:00+00:00
[2026-04-05T18:48:23.720+0000] {processor.py:208} INFO - Processing /opt/airflow/dags/create_mart_dag.py took 0.131 seconds
[2026-04-05T18:48:53.946+0000] {processor.py:186} INFO - Started process (PID=256) to work on /opt/airflow/dags/create_mart_dag.py
[2026-04-05T18:48:53.947+0000] {processor.py:914} INFO - Processing file /opt/airflow/dags/create_mart_dag.py for tasks to queue
[2026-04-05T18:48:53.950+0000] {logging_mixin.py:190} INFO - [2026-04-05T18:48:53.950+0000] {dagbag.py:588} INFO - Filling up the DagBag from /opt/airflow/dags/create_mart_dag.py
[2026-04-05T18:48:53.971+0000] {processor.py:925} INFO - DAG(s) 'create_analytics_mart' retrieved from /opt/airflow/dags/create_mart_dag.py
[2026-04-05T18:48:53.995+0000] {logging_mixin.py:190} INFO - [2026-04-05T18:48:53.995+0000] {dag.py:3239} INFO - Sync 1 DAGs
[2026-04-05T18:48:54.019+0000] {logging_mixin.py:190} INFO - [2026-04-05T18:48:54.019+0000] {dag.py:4180} INFO - Setting next_dagrun for create_analytics_mart to 2026-04-05 02:00:00+00:00, run_after=2026-04-06 02:00:00+00:00
[2026-04-05T18:48:54.047+0000] {processor.py:208} INFO - Processing /opt/airflow/dags/create_mart_dag.py took 0.106 seconds
[2026-04-05T18:49:24.514+0000] {processor.py:186} INFO - Started process (PID=267) to work on /opt/airflow/dags/create_mart_dag.py
[2026-04-05T18:49:24.516+0000] {processor.py:914} INFO - Processing file /opt/airflow/dags/create_mart_dag.py for tasks to queue
[2026-04-05T18:49:24.522+0000] {logging_mixin.py:190} INFO - [2026-04-05T18:49:24.521+0000] {dagbag.py:588} INFO - Filling up the DagBag from /opt/airflow/dags/create_mart_dag.py
[2026-04-05T18:49:24.597+0000] {processor.py:925} INFO - DAG(s) 'create_analytics_mart' retrieved from /opt/airflow/dags/create_mart_dag.py
[2026-04-05T18:49:24.629+0000] {logging_mixin.py:190} INFO - [2026-04-05T18:49:24.629+0000] {dag.py:3239} INFO - Sync 1 DAGs
[2026-04-05T18:49:24.659+0000] {logging_mixin.py:190} INFO - [2026-04-05T18:49:24.658+0000] {dag.py:4180} INFO - Setting next_dagrun for create_analytics_mart to 2026-04-05 02:00:00+00:00, run_after=2026-04-06 02:00:00+00:00
[2026-04-05T18:49:24.693+0000] {processor.py:208} INFO - Processing /opt/airflow/dags/create_mart_dag.py took 0.188 seconds
[2026-04-05T18:49:54.824+0000] {processor.py:186} INFO - Started process (PID=278) to work on /opt/airflow/dags/create_mart_dag.py
[2026-04-05T18:49:54.826+0000] {processor.py:914} INFO - Processing file /opt/airflow/dags/create_mart_dag.py for tasks to queue
[2026-04-05T18:49:54.830+0000] {logging_mixin.py:190} INFO - [2026-04-05T18:49:54.830+0000] {dagbag.py:588} INFO - Filling up the DagBag from /opt/airflow/dags/create_mart_dag.py
[2026-04-05T18:49:54.889+0000] {processor.py:925} INFO - DAG(s) 'create_analytics_mart' retrieved from /opt/airflow/dags/create_mart_dag.py
[2026-04-05T18:49:54.915+0000] {logging_mixin.py:190} INFO - [2026-04-05T18:49:54.914+0000] {dag.py:3239} INFO - Sync 1 DAGs
[2026-04-05T18:49:54.944+0000] {logging_mixin.py:190} INFO - [2026-04-05T18:49:54.944+0000] {dag.py:4180} INFO - Setting next_dagrun for create_analytics_mart to 2026-04-05 02:00:00+00:00, run_after=2026-04-06 02:00:00+00:00
[2026-04-05T18:49:54.975+0000] {processor.py:208} INFO - Processing /opt/airflow/dags/create_mart_dag.py took 0.160 seconds
[2026-04-05T18:50:25.227+0000] {processor.py:186} INFO - Started process (PID=289) to work on /opt/airflow/dags/create_mart_dag.py
[2026-04-05T18:50:25.229+0000] {processor.py:914} INFO - Processing file /opt/airflow/dags/create_mart_dag.py for tasks to queue
[2026-04-05T18:50:25.232+0000] {logging_mixin.py:190} INFO - [2026-04-05T18:50:25.232+0000] {dagbag.py:588} INFO - Filling up the DagBag from /opt/airflow/dags/create_mart_dag.py
[2026-04-05T18:50:25.266+0000] {processor.py:925} INFO - DAG(s) 'create_analytics_mart' retrieved from /opt/airflow/dags/create_mart_dag.py
[2026-04-05T18:50:25.295+0000] {logging_mixin.py:190} INFO - [2026-04-05T18:50:25.294+0000] {dag.py:3239} INFO - Sync 1 DAGs
[2026-04-05T18:50:25.323+0000] {logging_mixin.py:190} INFO - [2026-04-05T18:50:25.322+0000] {dag.py:4180} INFO - Setting next_dagrun for create_analytics_mart to 2026-04-05 02:00:00+00:00, run_after=2026-04-06 02:00:00+00:00
[2026-04-05T18:50:25.357+0000] {processor.py:208} INFO - Processing /opt/airflow/dags/create_mart_dag.py took 0.138 seconds
[2026-04-05T18:50:55.678+0000] {processor.py:186} INFO - Started process (PID=300) to work on /opt/airflow/dags/create_mart_dag.py
[2026-04-05T18:50:55.680+0000] {processor.py:914} INFO - Processing file /opt/airflow/dags/create_mart_dag.py for tasks to queue
[2026-04-05T18:50:55.684+0000] {logging_mixin.py:190} INFO - [2026-04-05T18:50:55.684+0000] {dagbag.py:588} INFO - Filling up the DagBag from /opt/airflow/dags/create_mart_dag.py
[2026-04-05T18:50:55.748+0000] {processor.py:925} INFO - DAG(s) 'create_analytics_mart' retrieved from /opt/airflow/dags/create_mart_dag.py
[2026-04-05T18:50:55.776+0000] {logging_mixin.py:190} INFO - [2026-04-05T18:50:55.775+0000] {dag.py:3239} INFO - Sync 1 DAGs
[2026-04-05T18:50:55.804+0000] {logging_mixin.py:190} INFO - [2026-04-05T18:50:55.804+0000] {dag.py:4180} INFO - Setting next_dagrun for create_analytics_mart to 2026-04-05 02:00:00+00:00, run_after=2026-04-06 02:00:00+00:00
[2026-04-05T18:50:55.834+0000] {processor.py:208} INFO - Processing /opt/airflow/dags/create_mart_dag.py took 0.168 seconds
[2026-04-05T18:51:26.054+0000] {processor.py:186} INFO - Started process (PID=311) to work on /opt/airflow/dags/create_mart_dag.py
[2026-04-05T18:51:26.055+0000] {processor.py:914} INFO - Processing file /opt/airflow/dags/create_mart_dag.py for tasks to queue
[2026-04-05T18:51:26.057+0000] {logging_mixin.py:190} INFO - [2026-04-05T18:51:26.057+0000] {dagbag.py:588} INFO - Filling up the DagBag from /opt/airflow/dags/create_mart_dag.py
[2026-04-05T18:51:26.111+0000] {processor.py:925} INFO - DAG(s) 'create_analytics_mart' retrieved from /opt/airflow/dags/create_mart_dag.py
[2026-04-05T18:51:26.152+0000] {logging_mixin.py:190} INFO - [2026-04-05T18:51:26.152+0000] {dag.py:3239} INFO - Sync 1 DAGs
[2026-04-05T18:51:26.177+0000] {logging_mixin.py:190} INFO - [2026-04-05T18:51:26.177+0000] {dag.py:4180} INFO - Setting next_dagrun for create_analytics_mart to 2026-04-05 02:00:00+00:00, run_after=2026-04-06 02:00:00+00:00
[2026-04-05T18:51:26.215+0000] {processor.py:208} INFO - Processing /opt/airflow/dags/create_mart_dag.py took 0.170 seconds
[2026-04-05T18:51:56.522+0000] {processor.py:186} INFO - Started process (PID=322) to work on /opt/airflow/dags/create_mart_dag.py
[2026-04-05T18:51:56.523+0000] {processor.py:914} INFO - Processing file /opt/airflow/dags/create_mart_dag.py for tasks to queue
[2026-04-05T18:51:56.526+0000] {logging_mixin.py:190} INFO - [2026-04-05T18:51:56.525+0000] {dagbag.py:588} INFO - Filling up the DagBag from /opt/airflow/dags/create_mart_dag.py
[2026-04-05T18:51:56.561+0000] {processor.py:925} INFO - DAG(s) 'create_analytics_mart' retrieved from /opt/airflow/dags/create_mart_dag.py
[2026-04-05T18:51:56.589+0000] {logging_mixin.py:190} INFO - [2026-04-05T18:51:56.588+0000] {dag.py:3239} INFO - Sync 1 DAGs
[2026-04-05T18:51:56.614+0000] {logging_mixin.py:190} INFO - [2026-04-05T18:51:56.614+0000] {dag.py:4180} INFO - Setting next_dagrun for create_analytics_mart to 2026-04-05 02:00:00+00:00, run_after=2026-04-06 02:00:00+00:00
[2026-04-05T18:51:56.640+0000] {processor.py:208} INFO - Processing /opt/airflow/dags/create_mart_dag.py took 0.125 seconds
[2026-04-05T18:52:26.968+0000] {processor.py:186} INFO - Started process (PID=333) to work on /opt/airflow/dags/create_mart_dag.py
[2026-04-05T18:52:26.969+0000] {processor.py:914} INFO - Processing file /opt/airflow/dags/create_mart_dag.py for tasks to queue
[2026-04-05T18:52:26.972+0000] {logging_mixin.py:190} INFO - [2026-04-05T18:52:26.972+0000] {dagbag.py:588} INFO - Filling up the DagBag from /opt/airflow/dags/create_mart_dag.py
[2026-04-05T18:52:27.004+0000] {processor.py:925} INFO - DAG(s) 'create_analytics_mart' retrieved from /opt/airflow/dags/create_mart_dag.py
[2026-04-05T18:52:27.030+0000] {logging_mixin.py:190} INFO - [2026-04-05T18:52:27.030+0000] {dag.py:3239} INFO - Sync 1 DAGs
[2026-04-05T18:52:27.053+0000] {logging_mixin.py:190} INFO - [2026-04-05T18:52:27.053+0000] {dag.py:4180} INFO - Setting next_dagrun for create_analytics_mart to 2026-04-05 02:00:00+00:00, run_after=2026-04-06 02:00:00+00:00
[2026-04-05T18:52:27.076+0000] {processor.py:208} INFO - Processing /opt/airflow/dags/create_mart_dag.py took 0.114 seconds
[2026-04-05T18:52:57.326+0000] {processor.py:186} INFO - Started process (PID=344) to work on /opt/airflow/dags/create_mart_dag.py
[2026-04-05T18:52:57.327+0000] {processor.py:914} INFO - Processing file /opt/airflow/dags/create_mart_dag.py for tasks to queue
[2026-04-05T18:52:57.330+0000] {logging_mixin.py:190} INFO - [2026-04-05T18:52:57.330+0000] {dagbag.py:588} INFO - Filling up the DagBag from /opt/airflow/dags/create_mart_dag.py
[2026-04-05T18:52:57.367+0000] {processor.py:925} INFO - DAG(s) 'create_analytics_mart' retrieved from /opt/airflow/dags/create_mart_dag.py
[2026-04-05T18:52:57.391+0000] {logging_mixin.py:190} INFO - [2026-04-05T18:52:57.391+0000] {dag.py:3239} INFO - Sync 1 DAGs
[2026-04-05T18:52:57.417+0000] {logging_mixin.py:190} INFO - [2026-04-05T18:52:57.417+0000] {dag.py:4180} INFO - Setting next_dagrun for create_analytics_mart to 2026-04-05 02:00:00+00:00, run_after=2026-04-06 02:00:00+00:00
[2026-04-05T18:52:57.440+0000] {processor.py:208} INFO - Processing /opt/airflow/dags/create_mart_dag.py took 0.121 seconds
[2026-04-05T18:53:27.740+0000] {processor.py:186} INFO - Started process (PID=355) to work on /opt/airflow/dags/create_mart_dag.py
[2026-04-05T18:53:27.742+0000] {processor.py:914} INFO - Processing file /opt/airflow/dags/create_mart_dag.py for tasks to queue
[2026-04-05T18:53:27.747+0000] {logging_mixin.py:190} INFO - [2026-04-05T18:53:27.746+0000] {dagbag.py:588} INFO - Filling up the DagBag from /opt/airflow/dags/create_mart_dag.py
[2026-04-05T18:53:27.788+0000] {processor.py:925} INFO - DAG(s) 'create_analytics_mart' retrieved from /opt/airflow/dags/create_mart_dag.py
[2026-04-05T18:53:27.822+0000] {logging_mixin.py:190} INFO - [2026-04-05T18:53:27.822+0000] {dag.py:3239} INFO - Sync 1 DAGs
[2026-04-05T18:53:27.849+0000] {logging_mixin.py:190} INFO - [2026-04-05T18:53:27.849+0000] {dag.py:4180} INFO - Setting next_dagrun for create_analytics_mart to 2026-04-05 02:00:00+00:00, run_after=2026-04-06 02:00:00+00:00
[2026-04-05T18:53:27.870+0000] {processor.py:208} INFO - Processing /opt/airflow/dags/create_mart_dag.py took 0.141 seconds
[2026-04-05T18:53:58.071+0000] {processor.py:186} INFO - Started process (PID=366) to work on /opt/airflow/dags/create_mart_dag.py
[2026-04-05T18:53:58.072+0000] {processor.py:914} INFO - Processing file /opt/airflow/dags/create_mart_dag.py for tasks to queue
[2026-04-05T18:53:58.074+0000] {logging_mixin.py:190} INFO - [2026-04-05T18:53:58.074+0000] {dagbag.py:588} INFO - Filling up the DagBag from /opt/airflow/dags/create_mart_dag.py
[2026-04-05T18:53:58.100+0000] {processor.py:925} INFO - DAG(s) 'create_analytics_mart' retrieved from /opt/airflow/dags/create_mart_dag.py
[2026-04-05T18:53:58.124+0000] {logging_mixin.py:190} INFO - [2026-04-05T18:53:58.124+0000] {dag.py:3239} INFO - Sync 1 DAGs
[2026-04-05T18:53:58.148+0000] {logging_mixin.py:190} INFO - [2026-04-05T18:53:58.148+0000] {dag.py:4180} INFO - Setting next_dagrun for create_analytics_mart to 2026-04-05 02:00:00+00:00, run_after=2026-04-06 02:00:00+00:00
[2026-04-05T18:53:58.169+0000] {processor.py:208} INFO - Processing /opt/airflow/dags/create_mart_dag.py took 0.105 seconds
[2026-04-05T18:54:28.507+0000] {processor.py:186} INFO - Started process (PID=377) to work on /opt/airflow/dags/create_mart_dag.py
[2026-04-05T18:54:28.508+0000] {processor.py:914} INFO - Processing file /opt/airflow/dags/create_mart_dag.py for tasks to queue
[2026-04-05T18:54:28.511+0000] {logging_mixin.py:190} INFO - [2026-04-05T18:54:28.510+0000] {dagbag.py:588} INFO - Filling up the DagBag from /opt/airflow/dags/create_mart_dag.py
[2026-04-05T18:54:28.539+0000] {processor.py:925} INFO - DAG(s) 'create_analytics_mart' retrieved from /opt/airflow/dags/create_mart_dag.py
[2026-04-05T18:54:28.564+0000] {logging_mixin.py:190} INFO - [2026-04-05T18:54:28.564+0000] {dag.py:3239} INFO - Sync 1 DAGs
[2026-04-05T18:54:28.596+0000] {logging_mixin.py:190} INFO - [2026-04-05T18:54:28.596+0000] {dag.py:4180} INFO - Setting next_dagrun for create_analytics_mart to 2026-04-05 02:00:00+00:00, run_after=2026-04-06 02:00:00+00:00
[2026-04-05T18:54:28.620+0000] {processor.py:208} INFO - Processing /opt/airflow/dags/create_mart_dag.py took 0.119 seconds
[2026-04-05T18:54:58.837+0000] {processor.py:186} INFO - Started process (PID=388) to work on /opt/airflow/dags/create_mart_dag.py
[2026-04-05T18:54:58.838+0000] {processor.py:914} INFO - Processing file /opt/airflow/dags/create_mart_dag.py for tasks to queue
[2026-04-05T18:54:58.841+0000] {logging_mixin.py:190} INFO - [2026-04-05T18:54:58.841+0000] {dagbag.py:588} INFO - Filling up the DagBag from /opt/airflow/dags/create_mart_dag.py
[2026-04-05T18:54:58.884+0000] {processor.py:925} INFO - DAG(s) 'create_analytics_mart' retrieved from /opt/airflow/dags/create_mart_dag.py
[2026-04-05T18:54:58.913+0000] {logging_mixin.py:190} INFO - [2026-04-05T18:54:58.913+0000] {dag.py:3239} INFO - Sync 1 DAGs
[2026-04-05T18:54:58.939+0000] {logging_mixin.py:190} INFO - [2026-04-05T18:54:58.938+0000] {dag.py:4180} INFO - Setting next_dagrun for create_analytics_mart to 2026-04-05 02:00:00+00:00, run_after=2026-04-06 02:00:00+00:00
[2026-04-05T18:54:58.960+0000] {processor.py:208} INFO - Processing /opt/airflow/dags/create_mart_dag.py took 0.131 seconds
[2026-04-05T18:55:29.464+0000] {processor.py:186} INFO - Started process (PID=409) to work on /opt/airflow/dags/create_mart_dag.py
[2026-04-05T18:55:29.465+0000] {processor.py:914} INFO - Processing file /opt/airflow/dags/create_mart_dag.py for tasks to queue
[2026-04-05T18:55:29.468+0000] {logging_mixin.py:190} INFO - [2026-04-05T18:55:29.468+0000] {dagbag.py:588} INFO - Filling up the DagBag from /opt/airflow/dags/create_mart_dag.py
[2026-04-05T18:55:29.502+0000] {processor.py:925} INFO - DAG(s) 'create_analytics_mart' retrieved from /opt/airflow/dags/create_mart_dag.py
[2026-04-05T18:55:29.528+0000] {logging_mixin.py:190} INFO - [2026-04-05T18:55:29.528+0000] {dag.py:3239} INFO - Sync 1 DAGs
[2026-04-05T18:55:29.556+0000] {logging_mixin.py:190} INFO - [2026-04-05T18:55:29.556+0000] {dag.py:4180} INFO - Setting next_dagrun for create_analytics_mart to 2026-04-05 02:00:00+00:00, run_after=2026-04-06 02:00:00+00:00
[2026-04-05T18:55:29.603+0000] {processor.py:208} INFO - Processing /opt/airflow/dags/create_mart_dag.py took 0.145 seconds
[2026-04-05T18:56:00.190+0000] {processor.py:186} INFO - Started process (PID=430) to work on /opt/airflow/dags/create_mart_dag.py
[2026-04-05T18:56:00.191+0000] {processor.py:914} INFO - Processing file /opt/airflow/dags/create_mart_dag.py for tasks to queue
[2026-04-05T18:56:00.193+0000] {logging_mixin.py:190} INFO - [2026-04-05T18:56:00.193+0000] {dagbag.py:588} INFO - Filling up the DagBag from /opt/airflow/dags/create_mart_dag.py
[2026-04-05T18:56:00.222+0000] {processor.py:925} INFO - DAG(s) 'create_analytics_mart' retrieved from /opt/airflow/dags/create_mart_dag.py
[2026-04-05T18:56:00.254+0000] {logging_mixin.py:190} INFO - [2026-04-05T18:56:00.254+0000] {dag.py:3239} INFO - Sync 1 DAGs
[2026-04-05T18:56:00.277+0000] {logging_mixin.py:190} INFO - [2026-04-05T18:56:00.277+0000] {dag.py:4180} INFO - Setting next_dagrun for create_analytics_mart to 2026-04-05 02:00:00+00:00, run_after=2026-04-06 02:00:00+00:00
[2026-04-05T18:56:00.306+0000] {processor.py:208} INFO - Processing /opt/airflow/dags/create_mart_dag.py took 0.122 seconds
[2026-04-05T18:56:31.120+0000] {processor.py:186} INFO - Started process (PID=461) to work on /opt/airflow/dags/create_mart_dag.py
[2026-04-05T18:56:31.122+0000] {processor.py:914} INFO - Processing file /opt/airflow/dags/create_mart_dag.py for tasks to queue
[2026-04-05T18:56:31.124+0000] {logging_mixin.py:190} INFO - [2026-04-05T18:56:31.124+0000] {dagbag.py:588} INFO - Filling up the DagBag from /opt/airflow/dags/create_mart_dag.py
[2026-04-05T18:56:31.169+0000] {processor.py:925} INFO - DAG(s) 'create_analytics_mart' retrieved from /opt/airflow/dags/create_mart_dag.py
[2026-04-05T18:56:31.197+0000] {logging_mixin.py:190} INFO - [2026-04-05T18:56:31.197+0000] {dag.py:3239} INFO - Sync 1 DAGs
[2026-04-05T18:56:31.220+0000] {logging_mixin.py:190} INFO - [2026-04-05T18:56:31.220+0000] {dag.py:4180} INFO - Setting next_dagrun for create_analytics_mart to 2026-04-05 02:00:00+00:00, run_after=2026-04-06 02:00:00+00:00
[2026-04-05T18:56:31.242+0000] {processor.py:208} INFO - Processing /opt/airflow/dags/create_mart_dag.py took 0.128 seconds
[2026-04-05T18:57:01.720+0000] {processor.py:186} INFO - Started process (PID=477) to work on /opt/airflow/dags/create_mart_dag.py
[2026-04-05T18:57:01.722+0000] {processor.py:914} INFO - Processing file /opt/airflow/dags/create_mart_dag.py for tasks to queue
[2026-04-05T18:57:01.727+0000] {logging_mixin.py:190} INFO - [2026-04-05T18:57:01.726+0000] {dagbag.py:588} INFO - Filling up the DagBag from /opt/airflow/dags/create_mart_dag.py
[2026-04-05T18:57:01.786+0000] {processor.py:925} INFO - DAG(s) 'create_analytics_mart' retrieved from /opt/airflow/dags/create_mart_dag.py
[2026-04-05T18:57:01.840+0000] {logging_mixin.py:190} INFO - [2026-04-05T18:57:01.840+0000] {dag.py:3239} INFO - Sync 1 DAGs
[2026-04-05T18:57:01.871+0000] {logging_mixin.py:190} INFO - [2026-04-05T18:57:01.870+0000] {dag.py:4180} INFO - Setting next_dagrun for create_analytics_mart to 2026-04-05 02:00:00+00:00, run_after=2026-04-06 02:00:00+00:00
[2026-04-05T18:57:01.907+0000] {processor.py:208} INFO - Processing /opt/airflow/dags/create_mart_dag.py took 0.198 seconds
[2026-04-05T18:57:32.315+0000] {processor.py:186} INFO - Started process (PID=498) to work on /opt/airflow/dags/create_mart_dag.py
[2026-04-05T18:57:32.316+0000] {processor.py:914} INFO - Processing file /opt/airflow/dags/create_mart_dag.py for tasks to queue
[2026-04-05T18:57:32.320+0000] {logging_mixin.py:190} INFO - [2026-04-05T18:57:32.320+0000] {dagbag.py:588} INFO - Filling up the DagBag from /opt/airflow/dags/create_mart_dag.py
[2026-04-05T18:57:32.379+0000] {processor.py:925} INFO - DAG(s) 'create_analytics_mart' retrieved from /opt/airflow/dags/create_mart_dag.py
[2026-04-05T18:57:32.409+0000] {logging_mixin.py:190} INFO - [2026-04-05T18:57:32.409+0000] {dag.py:3239} INFO - Sync 1 DAGs
[2026-04-05T18:57:32.432+0000] {logging_mixin.py:190} INFO - [2026-04-05T18:57:32.432+0000] {dag.py:4180} INFO - Setting next_dagrun for create_analytics_mart to 2026-04-05 02:00:00+00:00, run_after=2026-04-06 02:00:00+00:00
[2026-04-05T18:57:32.453+0000] {processor.py:208} INFO - Processing /opt/airflow/dags/create_mart_dag.py took 0.148 seconds
[2026-04-05T18:58:03.007+0000] {processor.py:186} INFO - Started process (PID=529) to work on /opt/airflow/dags/create_mart_dag.py
[2026-04-05T18:58:03.008+0000] {processor.py:914} INFO - Processing file /opt/airflow/dags/create_mart_dag.py for tasks to queue
[2026-04-05T18:58:03.010+0000] {logging_mixin.py:190} INFO - [2026-04-05T18:58:03.010+0000] {dagbag.py:588} INFO - Filling up the DagBag from /opt/airflow/dags/create_mart_dag.py
[2026-04-05T18:58:03.032+0000] {processor.py:925} INFO - DAG(s) 'create_analytics_mart' retrieved from /opt/airflow/dags/create_mart_dag.py
[2026-04-05T18:58:03.056+0000] {logging_mixin.py:190} INFO - [2026-04-05T18:58:03.055+0000] {dag.py:3239} INFO - Sync 1 DAGs
[2026-04-05T18:58:03.080+0000] {logging_mixin.py:190} INFO - [2026-04-05T18:58:03.080+0000] {dag.py:4180} INFO - Setting next_dagrun for create_analytics_mart to 2026-04-05 02:00:00+00:00, run_after=2026-04-06 02:00:00+00:00
[2026-04-05T18:58:03.104+0000] {processor.py:208} INFO - Processing /opt/airflow/dags/create_mart_dag.py took 0.103 seconds
[2026-04-05T18:58:33.763+0000] {processor.py:186} INFO - Started process (PID=560) to work on /opt/airflow/dags/create_mart_dag.py
[2026-04-05T18:58:33.765+0000] {processor.py:914} INFO - Processing file /opt/airflow/dags/create_mart_dag.py for tasks to queue
[2026-04-05T18:58:33.769+0000] {logging_mixin.py:190} INFO - [2026-04-05T18:58:33.768+0000] {dagbag.py:588} INFO - Filling up the DagBag from /opt/airflow/dags/create_mart_dag.py
[2026-04-05T18:58:33.798+0000] {processor.py:925} INFO - DAG(s) 'create_analytics_mart' retrieved from /opt/airflow/dags/create_mart_dag.py
[2026-04-05T18:58:33.820+0000] {logging_mixin.py:190} INFO - [2026-04-05T18:58:33.820+0000] {dag.py:3239} INFO - Sync 1 DAGs
[2026-04-05T18:58:33.842+0000] {logging_mixin.py:190} INFO - [2026-04-05T18:58:33.842+0000] {dag.py:4180} INFO - Setting next_dagrun for create_analytics_mart to 2026-04-05 02:00:00+00:00, run_after=2026-04-06 02:00:00+00:00
[2026-04-05T18:58:33.864+0000] {processor.py:208} INFO - Processing /opt/airflow/dags/create_mart_dag.py took 0.110 seconds
[2026-04-05T18:59:04.314+0000] {processor.py:186} INFO - Started process (PID=576) to work on /opt/airflow/dags/create_mart_dag.py
[2026-04-05T18:59:04.316+0000] {processor.py:914} INFO - Processing file /opt/airflow/dags/create_mart_dag.py for tasks to queue
[2026-04-05T18:59:04.319+0000] {logging_mixin.py:190} INFO - [2026-04-05T18:59:04.319+0000] {dagbag.py:588} INFO - Filling up the DagBag from /opt/airflow/dags/create_mart_dag.py
[2026-04-05T18:59:04.353+0000] {processor.py:925} INFO - DAG(s) 'create_analytics_mart' retrieved from /opt/airflow/dags/create_mart_dag.py
[2026-04-05T18:59:04.379+0000] {logging_mixin.py:190} INFO - [2026-04-05T18:59:04.378+0000] {dag.py:3239} INFO - Sync 1 DAGs
[2026-04-05T18:59:04.402+0000] {logging_mixin.py:190} INFO - [2026-04-05T18:59:04.402+0000] {dag.py:4180} INFO - Setting next_dagrun for create_analytics_mart to 2026-04-05 02:00:00+00:00, run_after=2026-04-06 02:00:00+00:00
[2026-04-05T18:59:04.433+0000] {processor.py:208} INFO - Processing /opt/airflow/dags/create_mart_dag.py took 0.128 seconds
[2026-04-05T18:59:34.920+0000] {processor.py:186} INFO - Started process (PID=592) to work on /opt/airflow/dags/create_mart_dag.py
[2026-04-05T18:59:34.922+0000] {processor.py:914} INFO - Processing file /opt/airflow/dags/create_mart_dag.py for tasks to queue
[2026-04-05T18:59:34.925+0000] {logging_mixin.py:190} INFO - [2026-04-05T18:59:34.924+0000] {dagbag.py:588} INFO - Filling up the DagBag from /opt/airflow/dags/create_mart_dag.py
[2026-04-05T18:59:34.995+0000] {processor.py:925} INFO - DAG(s) 'create_analytics_mart' retrieved from /opt/airflow/dags/create_mart_dag.py
[2026-04-05T18:59:35.029+0000] {logging_mixin.py:190} INFO - [2026-04-05T18:59:35.029+0000] {dag.py:3239} INFO - Sync 1 DAGs
[2026-04-05T18:59:35.059+0000] {logging_mixin.py:190} INFO - [2026-04-05T18:59:35.059+0000] {dag.py:4180} INFO - Setting next_dagrun for create_analytics_mart to 2026-04-05 02:00:00+00:00, run_after=2026-04-06 02:00:00+00:00
[2026-04-05T18:59:35.083+0000] {processor.py:208} INFO - Processing /opt/airflow/dags/create_mart_dag.py took 0.176 seconds
[2026-04-05T19:00:05.347+0000] {processor.py:186} INFO - Started process (PID=608) to work on /opt/airflow/dags/create_mart_dag.py
[2026-04-05T19:00:05.349+0000] {processor.py:914} INFO - Processing file /opt/airflow/dags/create_mart_dag.py for tasks to queue
[2026-04-05T19:00:05.351+0000] {logging_mixin.py:190} INFO - [2026-04-05T19:00:05.351+0000] {dagbag.py:588} INFO - Filling up the DagBag from /opt/airflow/dags/create_mart_dag.py
[2026-04-05T19:00:05.396+0000] {processor.py:925} INFO - DAG(s) 'create_analytics_mart' retrieved from /opt/airflow/dags/create_mart_dag.py
[2026-04-05T19:00:05.435+0000] {logging_mixin.py:190} INFO - [2026-04-05T19:00:05.435+0000] {dag.py:3239} INFO - Sync 1 DAGs
[2026-04-05T19:00:05.466+0000] {logging_mixin.py:190} INFO - [2026-04-05T19:00:05.465+0000] {dag.py:4180} INFO - Setting next_dagrun for create_analytics_mart to 2026-04-05 02:00:00+00:00, run_after=2026-04-06 02:00:00+00:00
[2026-04-05T19:00:05.488+0000] {processor.py:208} INFO - Processing /opt/airflow/dags/create_mart_dag.py took 0.149 seconds
[2026-04-05T19:00:35.763+0000] {processor.py:186} INFO - Started process (PID=628) to work on /opt/airflow/dags/create_mart_dag.py
[2026-04-05T19:00:35.764+0000] {processor.py:914} INFO - Processing file /opt/airflow/dags/create_mart_dag.py for tasks to queue
[2026-04-05T19:00:35.765+0000] {logging_mixin.py:190} INFO - [2026-04-05T19:00:35.765+0000] {dagbag.py:588} INFO - Filling up the DagBag from /opt/airflow/dags/create_mart_dag.py
[2026-04-05T19:00:35.790+0000] {processor.py:925} INFO - DAG(s) 'create_analytics_mart' retrieved from /opt/airflow/dags/create_mart_dag.py
[2026-04-05T19:00:35.818+0000] {logging_mixin.py:190} INFO - [2026-04-05T19:00:35.818+0000] {dag.py:3239} INFO - Sync 1 DAGs
[2026-04-05T19:00:35.846+0000] {logging_mixin.py:190} INFO - [2026-04-05T19:00:35.846+0000] {dag.py:4180} INFO - Setting next_dagrun for create_analytics_mart to 2026-04-05 02:00:00+00:00, run_after=2026-04-06 02:00:00+00:00
[2026-04-05T19:00:35.875+0000] {processor.py:208} INFO - Processing /opt/airflow/dags/create_mart_dag.py took 0.118 seconds
[2026-04-05T19:01:06.541+0000] {processor.py:186} INFO - Started process (PID=659) to work on /opt/airflow/dags/create_mart_dag.py
[2026-04-05T19:01:06.543+0000] {processor.py:914} INFO - Processing file /opt/airflow/dags/create_mart_dag.py for tasks to queue
[2026-04-05T19:01:06.545+0000] {logging_mixin.py:190} INFO - [2026-04-05T19:01:06.545+0000] {dagbag.py:588} INFO - Filling up the DagBag from /opt/airflow/dags/create_mart_dag.py
[2026-04-05T19:01:06.572+0000] {processor.py:925} INFO - DAG(s) 'create_analytics_mart' retrieved from /opt/airflow/dags/create_mart_dag.py
[2026-04-05T19:01:06.604+0000] {logging_mixin.py:190} INFO - [2026-04-05T19:01:06.604+0000] {dag.py:3239} INFO - Sync 1 DAGs
[2026-04-05T19:01:06.636+0000] {logging_mixin.py:190} INFO - [2026-04-05T19:01:06.636+0000] {dag.py:4180} INFO - Setting next_dagrun for create_analytics_mart to 2026-04-05 02:00:00+00:00, run_after=2026-04-06 02:00:00+00:00
[2026-04-05T19:01:06.671+0000] {processor.py:208} INFO - Processing /opt/airflow/dags/create_mart_dag.py took 0.138 seconds
[2026-04-05T19:01:36.970+0000] {processor.py:186} INFO - Started process (PID=675) to work on /opt/airflow/dags/create_mart_dag.py
[2026-04-05T19:01:36.971+0000] {processor.py:914} INFO - Processing file /opt/airflow/dags/create_mart_dag.py for tasks to queue
[2026-04-05T19:01:36.972+0000] {logging_mixin.py:190} INFO - [2026-04-05T19:01:36.972+0000] {dagbag.py:588} INFO - Filling up the DagBag from /opt/airflow/dags/create_mart_dag.py
[2026-04-05T19:01:36.993+0000] {processor.py:925} INFO - DAG(s) 'create_analytics_mart' retrieved from /opt/airflow/dags/create_mart_dag.py
[2026-04-05T19:01:37.015+0000] {logging_mixin.py:190} INFO - [2026-04-05T19:01:37.015+0000] {dag.py:3239} INFO - Sync 1 DAGs
[2026-04-05T19:01:37.039+0000] {logging_mixin.py:190} INFO - [2026-04-05T19:01:37.039+0000] {dag.py:4180} INFO - Setting next_dagrun for create_analytics_mart to 2026-04-05 02:00:00+00:00, run_after=2026-04-06 02:00:00+00:00
[2026-04-05T19:01:37.063+0000] {processor.py:208} INFO - Processing /opt/airflow/dags/create_mart_dag.py took 0.098 seconds
[2026-04-05T19:02:07.587+0000] {processor.py:186} INFO - Started process (PID=691) to work on /opt/airflow/dags/create_mart_dag.py
[2026-04-05T19:02:07.589+0000] {processor.py:914} INFO - Processing file /opt/airflow/dags/create_mart_dag.py for tasks to queue
[2026-04-05T19:02:07.594+0000] {logging_mixin.py:190} INFO - [2026-04-05T19:02:07.593+0000] {dagbag.py:588} INFO - Filling up the DagBag from /opt/airflow/dags/create_mart_dag.py
[2026-04-05T19:02:07.660+0000] {processor.py:925} INFO - DAG(s) 'create_analytics_mart' retrieved from /opt/airflow/dags/create_mart_dag.py
[2026-04-05T19:02:07.702+0000] {logging_mixin.py:190} INFO - [2026-04-05T19:02:07.702+0000] {dag.py:3239} INFO - Sync 1 DAGs
[2026-04-05T19:02:07.739+0000] {logging_mixin.py:190} INFO - [2026-04-05T19:02:07.738+0000] {dag.py:4180} INFO - Setting next_dagrun for create_analytics_mart to 2026-04-05 02:00:00+00:00, run_after=2026-04-06 02:00:00+00:00
[2026-04-05T19:02:07.777+0000] {processor.py:208} INFO - Processing /opt/airflow/dags/create_mart_dag.py took 0.200 seconds
[2026-04-05T19:02:38.258+0000] {processor.py:186} INFO - Started process (PID=713) to work on /opt/airflow/dags/create_mart_dag.py
[2026-04-05T19:02:38.259+0000] {processor.py:914} INFO - Processing file /opt/airflow/dags/create_mart_dag.py for tasks to queue
[2026-04-05T19:02:38.261+0000] {logging_mixin.py:190} INFO - [2026-04-05T19:02:38.260+0000] {dagbag.py:588} INFO - Filling up the DagBag from /opt/airflow/dags/create_mart_dag.py
[2026-04-05T19:02:38.299+0000] {processor.py:925} INFO - DAG(s) 'create_analytics_mart' retrieved from /opt/airflow/dags/create_mart_dag.py
[2026-04-05T19:02:38.323+0000] {logging_mixin.py:190} INFO - [2026-04-05T19:02:38.322+0000] {dag.py:3239} INFO - Sync 1 DAGs
[2026-04-05T19:02:38.350+0000] {logging_mixin.py:190} INFO - [2026-04-05T19:02:38.350+0000] {dag.py:4180} INFO - Setting next_dagrun for create_analytics_mart to 2026-04-05 02:00:00+00:00, run_after=2026-04-06 02:00:00+00:00
[2026-04-05T19:02:38.370+0000] {processor.py:208} INFO - Processing /opt/airflow/dags/create_mart_dag.py took 0.121 seconds
[2026-04-05T19:03:08.907+0000] {processor.py:186} INFO - Started process (PID=734) to work on /opt/airflow/dags/create_mart_dag.py
[2026-04-05T19:03:08.909+0000] {processor.py:914} INFO - Processing file /opt/airflow/dags/create_mart_dag.py for tasks to queue
[2026-04-05T19:03:08.911+0000] {logging_mixin.py:190} INFO - [2026-04-05T19:03:08.910+0000] {dagbag.py:588} INFO - Filling up the DagBag from /opt/airflow/dags/create_mart_dag.py
[2026-04-05T19:03:08.954+0000] {processor.py:925} INFO - DAG(s) 'create_analytics_mart' retrieved from /opt/airflow/dags/create_mart_dag.py
[2026-04-05T19:03:08.987+0000] {logging_mixin.py:190} INFO - [2026-04-05T19:03:08.987+0000] {dag.py:3239} INFO - Sync 1 DAGs
[2026-04-05T19:03:09.017+0000] {logging_mixin.py:190} INFO - [2026-04-05T19:03:09.017+0000] {dag.py:4180} INFO - Setting next_dagrun for create_analytics_mart to 2026-04-05 02:00:00+00:00, run_after=2026-04-06 02:00:00+00:00
[2026-04-05T19:03:09.040+0000] {processor.py:208} INFO - Processing /opt/airflow/dags/create_mart_dag.py took 0.142 seconds
[2026-04-05T19:03:39.355+0000] {processor.py:186} INFO - Started process (PID=750) to work on /opt/airflow/dags/create_mart_dag.py
[2026-04-05T19:03:39.357+0000] {processor.py:914} INFO - Processing file /opt/airflow/dags/create_mart_dag.py for tasks to queue
[2026-04-05T19:03:39.359+0000] {logging_mixin.py:190} INFO - [2026-04-05T19:03:39.359+0000] {dagbag.py:588} INFO - Filling up the DagBag from /opt/airflow/dags/create_mart_dag.py
[2026-04-05T19:03:39.398+0000] {processor.py:925} INFO - DAG(s) 'create_analytics_mart' retrieved from /opt/airflow/dags/create_mart_dag.py
[2026-04-05T19:03:39.422+0000] {logging_mixin.py:190} INFO - [2026-04-05T19:03:39.422+0000] {dag.py:3239} INFO - Sync 1 DAGs
[2026-04-05T19:03:39.447+0000] {logging_mixin.py:190} INFO - [2026-04-05T19:03:39.447+0000] {dag.py:4180} INFO - Setting next_dagrun for create_analytics_mart to 2026-04-05 02:00:00+00:00, run_after=2026-04-06 02:00:00+00:00
[2026-04-05T19:03:39.469+0000] {processor.py:208} INFO - Processing /opt/airflow/dags/create_mart_dag.py took 0.124 seconds
[2026-04-05T19:04:09.899+0000] {processor.py:186} INFO - Started process (PID=766) to work on /opt/airflow/dags/create_mart_dag.py
[2026-04-05T19:04:09.900+0000] {processor.py:914} INFO - Processing file /opt/airflow/dags/create_mart_dag.py for tasks to queue
[2026-04-05T19:04:09.901+0000] {logging_mixin.py:190} INFO - [2026-04-05T19:04:09.901+0000] {dagbag.py:588} INFO - Filling up the DagBag from /opt/airflow/dags/create_mart_dag.py
[2026-04-05T19:04:09.925+0000] {processor.py:925} INFO - DAG(s) 'create_analytics_mart' retrieved from /opt/airflow/dags/create_mart_dag.py
[2026-04-05T19:04:09.950+0000] {logging_mixin.py:190} INFO - [2026-04-05T19:04:09.949+0000] {dag.py:3239} INFO - Sync 1 DAGs
[2026-04-05T19:04:09.978+0000] {logging_mixin.py:190} INFO - [2026-04-05T19:04:09.977+0000] {dag.py:4180} INFO - Setting next_dagrun for create_analytics_mart to 2026-04-05 02:00:00+00:00, run_after=2026-04-06 02:00:00+00:00
[2026-04-05T19:04:10.004+0000] {processor.py:208} INFO - Processing /opt/airflow/dags/create_mart_dag.py took 0.111 seconds
[2026-04-05T19:04:40.637+0000] {processor.py:186} INFO - Started process (PID=787) to work on /opt/airflow/dags/create_mart_dag.py
[2026-04-05T19:04:40.639+0000] {processor.py:914} INFO - Processing file /opt/airflow/dags/create_mart_dag.py for tasks to queue
[2026-04-05T19:04:40.641+0000] {logging_mixin.py:190} INFO - [2026-04-05T19:04:40.641+0000] {dagbag.py:588} INFO - Filling up the DagBag from /opt/airflow/dags/create_mart_dag.py
[2026-04-05T19:04:40.716+0000] {processor.py:925} INFO - DAG(s) 'create_analytics_mart' retrieved from /opt/airflow/dags/create_mart_dag.py
[2026-04-05T19:04:40.745+0000] {logging_mixin.py:190} INFO - [2026-04-05T19:04:40.745+0000] {dag.py:3239} INFO - Sync 1 DAGs
[2026-04-05T19:04:40.774+0000] {logging_mixin.py:190} INFO - [2026-04-05T19:04:40.774+0000] {dag.py:4180} INFO - Setting next_dagrun for create_analytics_mart to 2026-04-05 02:00:00+00:00, run_after=2026-04-06 02:00:00+00:00
[2026-04-05T19:04:40.959+0000] {processor.py:208} INFO - Processing /opt/airflow/dags/create_mart_dag.py took 0.335 seconds
[2026-04-05T19:05:11.178+0000] {processor.py:186} INFO - Started process (PID=823) to work on /opt/airflow/dags/create_mart_dag.py
[2026-04-05T19:05:11.180+0000] {processor.py:914} INFO - Processing file /opt/airflow/dags/create_mart_dag.py for tasks to queue
[2026-04-05T19:05:11.183+0000] {logging_mixin.py:190} INFO - [2026-04-05T19:05:11.182+0000] {dagbag.py:588} INFO - Filling up the DagBag from /opt/airflow/dags/create_mart_dag.py
[2026-04-05T19:05:11.236+0000] {processor.py:925} INFO - DAG(s) 'create_analytics_mart' retrieved from /opt/airflow/dags/create_mart_dag.py
[2026-04-05T19:05:11.275+0000] {logging_mixin.py:190} INFO - [2026-04-05T19:05:11.275+0000] {dag.py:3239} INFO - Sync 1 DAGs
[2026-04-05T19:05:11.304+0000] {logging_mixin.py:190} INFO - [2026-04-05T19:05:11.304+0000] {dag.py:4180} INFO - Setting next_dagrun for create_analytics_mart to 2026-04-05 02:00:00+00:00, run_after=2026-04-06 02:00:00+00:00
[2026-04-05T19:05:11.336+0000] {processor.py:208} INFO - Processing /opt/airflow/dags/create_mart_dag.py took 0.169 seconds
[2026-04-05T19:05:41.501+0000] {processor.py:186} INFO - Started process (PID=864) to work on /opt/airflow/dags/create_mart_dag.py
[2026-04-05T19:05:41.503+0000] {processor.py:914} INFO - Processing file /opt/airflow/dags/create_mart_dag.py for tasks to queue
[2026-04-05T19:05:41.505+0000] {logging_mixin.py:190} INFO - [2026-04-05T19:05:41.504+0000] {dagbag.py:588} INFO - Filling up the DagBag from /opt/airflow/dags/create_mart_dag.py
[2026-04-05T19:05:41.552+0000] {processor.py:925} INFO - DAG(s) 'create_analytics_mart' retrieved from /opt/airflow/dags/create_mart_dag.py
[2026-04-05T19:05:41.583+0000] {logging_mixin.py:190} INFO - [2026-04-05T19:05:41.583+0000] {dag.py:3239} INFO - Sync 1 DAGs
[2026-04-05T19:05:41.607+0000] {logging_mixin.py:190} INFO - [2026-04-05T19:05:41.607+0000] {dag.py:4180} INFO - Setting next_dagrun for create_analytics_mart to 2026-04-05 02:00:00+00:00, run_after=2026-04-06 02:00:00+00:00
[2026-04-05T19:05:41.640+0000] {processor.py:208} INFO - Processing /opt/airflow/dags/create_mart_dag.py took 0.145 seconds
