[2026-04-05T18:55:21.310+0000] {processor.py:186} INFO - Started process (PID=399) to work on /opt/airflow/dags/dag_student_performance.py
[2026-04-05T18:55:21.312+0000] {processor.py:914} INFO - Processing file /opt/airflow/dags/dag_student_performance.py for tasks to queue
[2026-04-05T18:55:21.314+0000] {logging_mixin.py:190} INFO - [2026-04-05T18:55:21.314+0000] {dagbag.py:588} INFO - Filling up the DagBag from /opt/airflow/dags/dag_student_performance.py
[2026-04-05T18:55:21.364+0000] {processor.py:925} INFO - DAG(s) 'create_student_performance_mart' retrieved from /opt/airflow/dags/dag_student_performance.py
[2026-04-05T18:55:21.491+0000] {logging_mixin.py:190} INFO - [2026-04-05T18:55:21.491+0000] {override.py:1911} INFO - Created Permission View: can read on DAG:create_student_performance_mart
[2026-04-05T18:55:21.507+0000] {logging_mixin.py:190} INFO - [2026-04-05T18:55:21.507+0000] {override.py:1911} INFO - Created Permission View: can edit on DAG:create_student_performance_mart
[2026-04-05T18:55:21.515+0000] {logging_mixin.py:190} INFO - [2026-04-05T18:55:21.515+0000] {override.py:1911} INFO - Created Permission View: can delete on DAG:create_student_performance_mart
[2026-04-05T18:55:21.523+0000] {logging_mixin.py:190} INFO - [2026-04-05T18:55:21.523+0000] {override.py:1911} INFO - Created Permission View: can create on DAG Run:create_student_performance_mart
[2026-04-05T18:55:21.530+0000] {logging_mixin.py:190} INFO - [2026-04-05T18:55:21.529+0000] {override.py:1911} INFO - Created Permission View: can read on DAG Run:create_student_performance_mart
[2026-04-05T18:55:21.537+0000] {logging_mixin.py:190} INFO - [2026-04-05T18:55:21.536+0000] {override.py:1911} INFO - Created Permission View: can delete on DAG Run:create_student_performance_mart
[2026-04-05T18:55:21.543+0000] {logging_mixin.py:190} INFO - [2026-04-05T18:55:21.543+0000] {override.py:1911} INFO - Created Permission View: menu access on DAG Run:create_student_performance_mart
[2026-04-05T18:55:21.544+0000] {logging_mixin.py:190} INFO - [2026-04-05T18:55:21.544+0000] {dag.py:3239} INFO - Sync 1 DAGs
[2026-04-05T18:55:21.557+0000] {logging_mixin.py:190} INFO - [2026-04-05T18:55:21.556+0000] {dag.py:3262} INFO - Creating ORM DAG for create_student_performance_mart
[2026-04-05T18:55:21.558+0000] {logging_mixin.py:190} INFO - [2026-04-05T18:55:21.558+0000] {dag.py:4180} INFO - Setting next_dagrun for create_student_performance_mart to None, run_after=None
[2026-04-05T18:55:21.576+0000] {processor.py:208} INFO - Processing /opt/airflow/dags/dag_student_performance.py took 0.271 seconds
[2026-04-05T18:55:25.418+0000] {processor.py:186} INFO - Started process (PID=404) to work on /opt/airflow/dags/dag_student_performance.py
[2026-04-05T18:55:25.419+0000] {processor.py:914} INFO - Processing file /opt/airflow/dags/dag_student_performance.py for tasks to queue
[2026-04-05T18:55:25.422+0000] {logging_mixin.py:190} INFO - [2026-04-05T18:55:25.421+0000] {dagbag.py:588} INFO - Filling up the DagBag from /opt/airflow/dags/dag_student_performance.py
[2026-04-05T18:55:25.469+0000] {processor.py:925} INFO - DAG(s) 'create_student_performance_mart' retrieved from /opt/airflow/dags/dag_student_performance.py
[2026-04-05T18:55:25.481+0000] {logging_mixin.py:190} INFO - [2026-04-05T18:55:25.480+0000] {dag.py:3239} INFO - Sync 1 DAGs
[2026-04-05T18:55:25.495+0000] {logging_mixin.py:190} INFO - [2026-04-05T18:55:25.494+0000] {dag.py:4180} INFO - Setting next_dagrun for create_student_performance_mart to None, run_after=None
[2026-04-05T18:55:25.522+0000] {processor.py:208} INFO - Processing /opt/airflow/dags/dag_student_performance.py took 0.111 seconds
[2026-04-05T18:55:35.710+0000] {processor.py:186} INFO - Started process (PID=414) to work on /opt/airflow/dags/dag_student_performance.py
[2026-04-05T18:55:35.711+0000] {processor.py:914} INFO - Processing file /opt/airflow/dags/dag_student_performance.py for tasks to queue
[2026-04-05T18:55:35.713+0000] {logging_mixin.py:190} INFO - [2026-04-05T18:55:35.713+0000] {dagbag.py:588} INFO - Filling up the DagBag from /opt/airflow/dags/dag_student_performance.py
[2026-04-05T18:55:35.772+0000] {processor.py:925} INFO - DAG(s) 'create_student_performance_mart' retrieved from /opt/airflow/dags/dag_student_performance.py
[2026-04-05T18:55:35.783+0000] {logging_mixin.py:190} INFO - [2026-04-05T18:55:35.783+0000] {dag.py:3239} INFO - Sync 1 DAGs
[2026-04-05T18:55:35.797+0000] {logging_mixin.py:190} INFO - [2026-04-05T18:55:35.797+0000] {dag.py:4180} INFO - Setting next_dagrun for create_student_performance_mart to None, run_after=None
[2026-04-05T18:55:35.825+0000] {processor.py:208} INFO - Processing /opt/airflow/dags/dag_student_performance.py took 0.120 seconds
[2026-04-05T18:55:41.916+0000] {processor.py:186} INFO - Started process (PID=425) to work on /opt/airflow/dags/dag_student_performance.py
[2026-04-05T18:55:41.917+0000] {processor.py:914} INFO - Processing file /opt/airflow/dags/dag_student_performance.py for tasks to queue
[2026-04-05T18:55:41.920+0000] {logging_mixin.py:190} INFO - [2026-04-05T18:55:41.919+0000] {dagbag.py:588} INFO - Filling up the DagBag from /opt/airflow/dags/dag_student_performance.py
[2026-04-05T18:55:41.962+0000] {processor.py:925} INFO - DAG(s) 'create_student_performance_mart' retrieved from /opt/airflow/dags/dag_student_performance.py
[2026-04-05T18:55:41.973+0000] {logging_mixin.py:190} INFO - [2026-04-05T18:55:41.973+0000] {dag.py:3239} INFO - Sync 1 DAGs
[2026-04-05T18:55:41.989+0000] {logging_mixin.py:190} INFO - [2026-04-05T18:55:41.989+0000] {dag.py:4180} INFO - Setting next_dagrun for create_student_performance_mart to None, run_after=None
[2026-04-05T18:55:42.019+0000] {processor.py:208} INFO - Processing /opt/airflow/dags/dag_student_performance.py took 0.110 seconds
[2026-04-05T18:56:04.372+0000] {processor.py:186} INFO - Started process (PID=435) to work on /opt/airflow/dags/dag_student_performance.py
[2026-04-05T18:56:04.374+0000] {processor.py:914} INFO - Processing file /opt/airflow/dags/dag_student_performance.py for tasks to queue
[2026-04-05T18:56:04.376+0000] {logging_mixin.py:190} INFO - [2026-04-05T18:56:04.376+0000] {dagbag.py:588} INFO - Filling up the DagBag from /opt/airflow/dags/dag_student_performance.py
[2026-04-05T18:56:04.429+0000] {processor.py:925} INFO - DAG(s) 'create_student_performance_mart' retrieved from /opt/airflow/dags/dag_student_performance.py
[2026-04-05T18:56:04.459+0000] {logging_mixin.py:190} INFO - [2026-04-05T18:56:04.458+0000] {dag.py:3239} INFO - Sync 1 DAGs
[2026-04-05T18:56:04.472+0000] {logging_mixin.py:190} INFO - [2026-04-05T18:56:04.472+0000] {dag.py:4180} INFO - Setting next_dagrun for create_student_performance_mart to None, run_after=None
[2026-04-05T18:56:04.496+0000] {processor.py:208} INFO - Processing /opt/airflow/dags/dag_student_performance.py took 0.132 seconds
[2026-04-05T18:56:08.520+0000] {processor.py:186} INFO - Started process (PID=446) to work on /opt/airflow/dags/dag_student_performance.py
[2026-04-05T18:56:08.522+0000] {processor.py:914} INFO - Processing file /opt/airflow/dags/dag_student_performance.py for tasks to queue
[2026-04-05T18:56:08.525+0000] {logging_mixin.py:190} INFO - [2026-04-05T18:56:08.525+0000] {dagbag.py:588} INFO - Filling up the DagBag from /opt/airflow/dags/dag_student_performance.py
[2026-04-05T18:56:08.609+0000] {processor.py:925} INFO - DAG(s) 'create_student_performance_mart' retrieved from /opt/airflow/dags/dag_student_performance.py
[2026-04-05T18:56:08.644+0000] {logging_mixin.py:190} INFO - [2026-04-05T18:56:08.644+0000] {dag.py:3239} INFO - Sync 1 DAGs
[2026-04-05T18:56:08.659+0000] {logging_mixin.py:190} INFO - [2026-04-05T18:56:08.659+0000] {dag.py:4180} INFO - Setting next_dagrun for create_student_performance_mart to None, run_after=None
[2026-04-05T18:56:08.704+0000] {processor.py:208} INFO - Processing /opt/airflow/dags/dag_student_performance.py took 0.191 seconds
[2026-04-05T18:56:12.711+0000] {processor.py:186} INFO - Started process (PID=451) to work on /opt/airflow/dags/dag_student_performance.py
[2026-04-05T18:56:12.712+0000] {processor.py:914} INFO - Processing file /opt/airflow/dags/dag_student_performance.py for tasks to queue
[2026-04-05T18:56:12.715+0000] {logging_mixin.py:190} INFO - [2026-04-05T18:56:12.714+0000] {dagbag.py:588} INFO - Filling up the DagBag from /opt/airflow/dags/dag_student_performance.py
[2026-04-05T18:56:12.762+0000] {processor.py:925} INFO - DAG(s) 'create_student_performance_mart' retrieved from /opt/airflow/dags/dag_student_performance.py
[2026-04-05T18:56:12.789+0000] {logging_mixin.py:190} INFO - [2026-04-05T18:56:12.789+0000] {dag.py:3239} INFO - Sync 1 DAGs
[2026-04-05T18:56:12.803+0000] {logging_mixin.py:190} INFO - [2026-04-05T18:56:12.803+0000] {dag.py:4180} INFO - Setting next_dagrun for create_student_performance_mart to None, run_after=None
[2026-04-05T18:56:12.828+0000] {processor.py:208} INFO - Processing /opt/airflow/dags/dag_student_performance.py took 0.123 seconds
[2026-04-05T18:56:14.876+0000] {processor.py:186} INFO - Started process (PID=456) to work on /opt/airflow/dags/dag_student_performance.py
[2026-04-05T18:56:14.878+0000] {processor.py:914} INFO - Processing file /opt/airflow/dags/dag_student_performance.py for tasks to queue
[2026-04-05T18:56:14.880+0000] {logging_mixin.py:190} INFO - [2026-04-05T18:56:14.880+0000] {dagbag.py:588} INFO - Filling up the DagBag from /opt/airflow/dags/dag_student_performance.py
[2026-04-05T18:56:14.948+0000] {processor.py:925} INFO - DAG(s) 'create_student_performance_mart' retrieved from /opt/airflow/dags/dag_student_performance.py
[2026-04-05T18:56:14.984+0000] {logging_mixin.py:190} INFO - [2026-04-05T18:56:14.984+0000] {dag.py:3239} INFO - Sync 1 DAGs
[2026-04-05T18:56:14.997+0000] {logging_mixin.py:190} INFO - [2026-04-05T18:56:14.997+0000] {dag.py:4180} INFO - Setting next_dagrun for create_student_performance_mart to None, run_after=None
[2026-04-05T18:56:15.029+0000] {processor.py:208} INFO - Processing /opt/airflow/dags/dag_student_performance.py took 0.160 seconds
[2026-04-05T18:56:45.304+0000] {processor.py:186} INFO - Started process (PID=472) to work on /opt/airflow/dags/dag_student_performance.py
[2026-04-05T18:56:45.306+0000] {processor.py:914} INFO - Processing file /opt/airflow/dags/dag_student_performance.py for tasks to queue
[2026-04-05T18:56:45.310+0000] {logging_mixin.py:190} INFO - [2026-04-05T18:56:45.309+0000] {dagbag.py:588} INFO - Filling up the DagBag from /opt/airflow/dags/dag_student_performance.py
[2026-04-05T18:56:45.343+0000] {processor.py:925} INFO - DAG(s) 'create_student_performance_mart' retrieved from /opt/airflow/dags/dag_student_performance.py
[2026-04-05T18:56:45.372+0000] {logging_mixin.py:190} INFO - [2026-04-05T18:56:45.372+0000] {dag.py:3239} INFO - Sync 1 DAGs
[2026-04-05T18:56:45.389+0000] {logging_mixin.py:190} INFO - [2026-04-05T18:56:45.388+0000] {dag.py:4180} INFO - Setting next_dagrun for create_student_performance_mart to None, run_after=None
[2026-04-05T18:56:45.427+0000] {processor.py:208} INFO - Processing /opt/airflow/dags/dag_student_performance.py took 0.131 seconds
[2026-04-05T18:57:05.768+0000] {processor.py:186} INFO - Started process (PID=482) to work on /opt/airflow/dags/dag_student_performance.py
[2026-04-05T18:57:05.769+0000] {processor.py:914} INFO - Processing file /opt/airflow/dags/dag_student_performance.py for tasks to queue
[2026-04-05T18:57:05.772+0000] {logging_mixin.py:190} INFO - [2026-04-05T18:57:05.771+0000] {dagbag.py:588} INFO - Filling up the DagBag from /opt/airflow/dags/dag_student_performance.py
[2026-04-05T18:57:05.816+0000] {processor.py:925} INFO - DAG(s) 'create_student_performance_mart' retrieved from /opt/airflow/dags/dag_student_performance.py
[2026-04-05T18:57:05.847+0000] {logging_mixin.py:190} INFO - [2026-04-05T18:57:05.847+0000] {dag.py:3239} INFO - Sync 1 DAGs
[2026-04-05T18:57:05.861+0000] {logging_mixin.py:190} INFO - [2026-04-05T18:57:05.861+0000] {dag.py:4180} INFO - Setting next_dagrun for create_student_performance_mart to None, run_after=None
[2026-04-05T18:57:05.903+0000] {processor.py:208} INFO - Processing /opt/airflow/dags/dag_student_performance.py took 0.141 seconds
[2026-04-05T18:57:12.908+0000] {processor.py:186} INFO - Started process (PID=493) to work on /opt/airflow/dags/dag_student_performance.py
[2026-04-05T18:57:12.909+0000] {processor.py:914} INFO - Processing file /opt/airflow/dags/dag_student_performance.py for tasks to queue
[2026-04-05T18:57:12.912+0000] {logging_mixin.py:190} INFO - [2026-04-05T18:57:12.912+0000] {dagbag.py:588} INFO - Filling up the DagBag from /opt/airflow/dags/dag_student_performance.py
[2026-04-05T18:57:12.961+0000] {processor.py:925} INFO - DAG(s) 'create_student_performance_mart' retrieved from /opt/airflow/dags/dag_student_performance.py
[2026-04-05T18:57:12.988+0000] {logging_mixin.py:190} INFO - [2026-04-05T18:57:12.988+0000] {dag.py:3239} INFO - Sync 1 DAGs
[2026-04-05T18:57:13.004+0000] {logging_mixin.py:190} INFO - [2026-04-05T18:57:13.004+0000] {dag.py:4180} INFO - Setting next_dagrun for create_student_performance_mart to None, run_after=None
[2026-04-05T18:57:13.030+0000] {processor.py:208} INFO - Processing /opt/airflow/dags/dag_student_performance.py took 0.128 seconds
[2026-04-05T18:57:43.478+0000] {processor.py:186} INFO - Started process (PID=509) to work on /opt/airflow/dags/dag_student_performance.py
[2026-04-05T18:57:43.480+0000] {processor.py:914} INFO - Processing file /opt/airflow/dags/dag_student_performance.py for tasks to queue
[2026-04-05T18:57:43.483+0000] {logging_mixin.py:190} INFO - [2026-04-05T18:57:43.482+0000] {dagbag.py:588} INFO - Filling up the DagBag from /opt/airflow/dags/dag_student_performance.py
[2026-04-05T18:57:43.512+0000] {processor.py:925} INFO - DAG(s) 'create_student_performance_mart' retrieved from /opt/airflow/dags/dag_student_performance.py
[2026-04-05T18:57:43.541+0000] {logging_mixin.py:190} INFO - [2026-04-05T18:57:43.541+0000] {dag.py:3239} INFO - Sync 1 DAGs
[2026-04-05T18:57:43.554+0000] {logging_mixin.py:190} INFO - [2026-04-05T18:57:43.554+0000] {dag.py:4180} INFO - Setting next_dagrun for create_student_performance_mart to None, run_after=None
[2026-04-05T18:57:43.583+0000] {processor.py:208} INFO - Processing /opt/airflow/dags/dag_student_performance.py took 0.114 seconds
[2026-04-05T18:57:49.589+0000] {processor.py:186} INFO - Started process (PID=514) to work on /opt/airflow/dags/dag_student_performance.py
[2026-04-05T18:57:49.590+0000] {processor.py:914} INFO - Processing file /opt/airflow/dags/dag_student_performance.py for tasks to queue
[2026-04-05T18:57:49.592+0000] {logging_mixin.py:190} INFO - [2026-04-05T18:57:49.592+0000] {dagbag.py:588} INFO - Filling up the DagBag from /opt/airflow/dags/dag_student_performance.py
[2026-04-05T18:57:49.650+0000] {logging_mixin.py:190} INFO - [2026-04-05T18:57:49.639+0000] {dagbag.py:387} ERROR - Failed to import: /opt/airflow/dags/dag_student_performance.py
Traceback (most recent call last):
  File "/home/airflow/.local/lib/python3.12/site-packages/airflow/models/dagbag.py", line 383, in parse
    loader.exec_module(new_module)
  File "<frozen importlib._bootstrap_external>", line 999, in exec_module
  File "<frozen importlib._bootstrap>", line 488, in _call_with_frames_removed
  File "/opt/airflow/dags/dag_student_performance.py", line 224, in <module>
    python_callable=drop_existing_mart      # Какую функцию запустить (без скобок!)
                    ^^^^^^^^^^^^^^^^^^
NameError: name 'drop_existing_mart' is not defined
[2026-04-05T18:57:49.657+0000] {processor.py:927} WARNING - No viable dags retrieved from /opt/airflow/dags/dag_student_performance.py
[2026-04-05T18:57:49.675+0000] {processor.py:208} INFO - Processing /opt/airflow/dags/dag_student_performance.py took 0.092 seconds
[2026-04-05T18:57:55.730+0000] {processor.py:186} INFO - Started process (PID=519) to work on /opt/airflow/dags/dag_student_performance.py
[2026-04-05T18:57:55.732+0000] {processor.py:914} INFO - Processing file /opt/airflow/dags/dag_student_performance.py for tasks to queue
[2026-04-05T18:57:55.736+0000] {logging_mixin.py:190} INFO - [2026-04-05T18:57:55.735+0000] {dagbag.py:588} INFO - Filling up the DagBag from /opt/airflow/dags/dag_student_performance.py
[2026-04-05T18:57:55.817+0000] {logging_mixin.py:190} INFO - [2026-04-05T18:57:55.803+0000] {dagbag.py:387} ERROR - Failed to import: /opt/airflow/dags/dag_student_performance.py
Traceback (most recent call last):
  File "/home/airflow/.local/lib/python3.12/site-packages/airflow/models/dagbag.py", line 383, in parse
    loader.exec_module(new_module)
  File "<frozen importlib._bootstrap_external>", line 999, in exec_module
  File "<frozen importlib._bootstrap>", line 488, in _call_with_frames_removed
  File "/opt/airflow/dags/dag_student_performance.py", line 255, in <module>
    task_drop_mart
NameError: name 'task_drop_mart' is not defined
[2026-04-05T18:57:55.825+0000] {processor.py:927} WARNING - No viable dags retrieved from /opt/airflow/dags/dag_student_performance.py
[2026-04-05T18:57:55.844+0000] {processor.py:208} INFO - Processing /opt/airflow/dags/dag_student_performance.py took 0.123 seconds
[2026-04-05T18:57:57.834+0000] {processor.py:186} INFO - Started process (PID=524) to work on /opt/airflow/dags/dag_student_performance.py
[2026-04-05T18:57:57.835+0000] {processor.py:914} INFO - Processing file /opt/airflow/dags/dag_student_performance.py for tasks to queue
[2026-04-05T18:57:57.838+0000] {logging_mixin.py:190} INFO - [2026-04-05T18:57:57.837+0000] {dagbag.py:588} INFO - Filling up the DagBag from /opt/airflow/dags/dag_student_performance.py
[2026-04-05T18:57:57.886+0000] {logging_mixin.py:190} INFO - [2026-04-05T18:57:57.874+0000] {dagbag.py:387} ERROR - Failed to import: /opt/airflow/dags/dag_student_performance.py
Traceback (most recent call last):
  File "/home/airflow/.local/lib/python3.12/site-packages/airflow/models/dagbag.py", line 383, in parse
    loader.exec_module(new_module)
  File "<frozen importlib._bootstrap_external>", line 999, in exec_module
  File "<frozen importlib._bootstrap>", line 488, in _call_with_frames_removed
  File "/opt/airflow/dags/dag_student_performance.py", line 224, in <module>
    python_callable=drop_existing_mart      # Какую функцию запустить (без скобок!)
                    ^^^^^^^^^^^^^^^^^^
NameError: name 'drop_existing_mart' is not defined
[2026-04-05T18:57:57.893+0000] {processor.py:927} WARNING - No viable dags retrieved from /opt/airflow/dags/dag_student_performance.py
[2026-04-05T18:57:57.924+0000] {processor.py:208} INFO - Processing /opt/airflow/dags/dag_student_performance.py took 0.095 seconds
[2026-04-05T18:58:05.092+0000] {processor.py:186} INFO - Started process (PID=534) to work on /opt/airflow/dags/dag_student_performance.py
[2026-04-05T18:58:05.093+0000] {processor.py:914} INFO - Processing file /opt/airflow/dags/dag_student_performance.py for tasks to queue
[2026-04-05T18:58:05.095+0000] {logging_mixin.py:190} INFO - [2026-04-05T18:58:05.095+0000] {dagbag.py:588} INFO - Filling up the DagBag from /opt/airflow/dags/dag_student_performance.py
[2026-04-05T18:58:05.141+0000] {logging_mixin.py:190} INFO - [2026-04-05T18:58:05.131+0000] {dagbag.py:387} ERROR - Failed to import: /opt/airflow/dags/dag_student_performance.py
Traceback (most recent call last):
  File "/home/airflow/.local/lib/python3.12/site-packages/airflow/models/dagbag.py", line 383, in parse
    loader.exec_module(new_module)
  File "<frozen importlib._bootstrap_external>", line 999, in exec_module
  File "<frozen importlib._bootstrap>", line 488, in _call_with_frames_removed
  File "/opt/airflow/dags/dag_student_performance.py", line 224, in <module>
    python_callable=drop_existing_mart      # Какую функцию запустить (без скобок!)
                    ^^^^^^^^^^^^^^^^^^
NameError: name 'drop_existing_mart' is not defined
[2026-04-05T18:58:05.148+0000] {processor.py:927} WARNING - No viable dags retrieved from /opt/airflow/dags/dag_student_performance.py
[2026-04-05T18:58:05.165+0000] {processor.py:208} INFO - Processing /opt/airflow/dags/dag_student_performance.py took 0.079 seconds
[2026-04-05T18:58:09.267+0000] {processor.py:186} INFO - Started process (PID=545) to work on /opt/airflow/dags/dag_student_performance.py
[2026-04-05T18:58:09.268+0000] {processor.py:914} INFO - Processing file /opt/airflow/dags/dag_student_performance.py for tasks to queue
[2026-04-05T18:58:09.271+0000] {logging_mixin.py:190} INFO - [2026-04-05T18:58:09.271+0000] {dagbag.py:588} INFO - Filling up the DagBag from /opt/airflow/dags/dag_student_performance.py
[2026-04-05T18:58:09.330+0000] {logging_mixin.py:190} INFO - [2026-04-05T18:58:09.316+0000] {dagbag.py:387} ERROR - Failed to import: /opt/airflow/dags/dag_student_performance.py
Traceback (most recent call last):
  File "/home/airflow/.local/lib/python3.12/site-packages/airflow/models/dagbag.py", line 383, in parse
    loader.exec_module(new_module)
  File "<frozen importlib._bootstrap_external>", line 999, in exec_module
  File "<frozen importlib._bootstrap>", line 488, in _call_with_frames_removed
  File "/opt/airflow/dags/dag_student_performance.py", line 224, in <module>
    python_callable=drop_existing_mart      # Какую функцию запустить (без скобок!)
                    ^^^^^^^^^^^^^^^^^^
NameError: name 'drop_existing_mart' is not defined
[2026-04-05T18:58:09.337+0000] {processor.py:927} WARNING - No viable dags retrieved from /opt/airflow/dags/dag_student_performance.py
[2026-04-05T18:58:09.357+0000] {processor.py:208} INFO - Processing /opt/airflow/dags/dag_student_performance.py took 0.095 seconds
[2026-04-05T18:58:13.346+0000] {processor.py:186} INFO - Started process (PID=550) to work on /opt/airflow/dags/dag_student_performance.py
[2026-04-05T18:58:13.347+0000] {processor.py:914} INFO - Processing file /opt/airflow/dags/dag_student_performance.py for tasks to queue
[2026-04-05T18:58:13.349+0000] {logging_mixin.py:190} INFO - [2026-04-05T18:58:13.349+0000] {dagbag.py:588} INFO - Filling up the DagBag from /opt/airflow/dags/dag_student_performance.py
[2026-04-05T18:58:13.390+0000] {logging_mixin.py:190} INFO - [2026-04-05T18:58:13.381+0000] {dagbag.py:387} ERROR - Failed to import: /opt/airflow/dags/dag_student_performance.py
Traceback (most recent call last):
  File "/home/airflow/.local/lib/python3.12/site-packages/airflow/models/dagbag.py", line 383, in parse
    loader.exec_module(new_module)
  File "<frozen importlib._bootstrap_external>", line 999, in exec_module
  File "<frozen importlib._bootstrap>", line 488, in _call_with_frames_removed
  File "/opt/airflow/dags/dag_student_performance.py", line 224, in <module>
    python_callable=drop_existing_mart      # Какую функцию запустить (без скобок!)
                    ^^^^^^^^^^^^^^^^^^
NameError: name 'drop_existing_mart' is not defined
[2026-04-05T18:58:13.397+0000] {processor.py:927} WARNING - No viable dags retrieved from /opt/airflow/dags/dag_student_performance.py
[2026-04-05T18:58:13.415+0000] {processor.py:208} INFO - Processing /opt/airflow/dags/dag_student_performance.py took 0.075 seconds
[2026-04-05T18:58:18.519+0000] {processor.py:186} INFO - Started process (PID=555) to work on /opt/airflow/dags/dag_student_performance.py
[2026-04-05T18:58:18.520+0000] {processor.py:914} INFO - Processing file /opt/airflow/dags/dag_student_performance.py for tasks to queue
[2026-04-05T18:58:18.523+0000] {logging_mixin.py:190} INFO - [2026-04-05T18:58:18.523+0000] {dagbag.py:588} INFO - Filling up the DagBag from /opt/airflow/dags/dag_student_performance.py
[2026-04-05T18:58:18.573+0000] {logging_mixin.py:190} INFO - [2026-04-05T18:58:18.563+0000] {dagbag.py:387} ERROR - Failed to import: /opt/airflow/dags/dag_student_performance.py
Traceback (most recent call last):
  File "/home/airflow/.local/lib/python3.12/site-packages/airflow/models/dagbag.py", line 383, in parse
    loader.exec_module(new_module)
  File "<frozen importlib._bootstrap_external>", line 999, in exec_module
  File "<frozen importlib._bootstrap>", line 488, in _call_with_frames_removed
  File "/opt/airflow/dags/dag_student_performance.py", line 224, in <module>
    python_callable=drop_existing_mart
              ^^^^^^^^^^^^^^^^^^
NameError: name 'drop_existing_mart' is not defined
[2026-04-05T18:58:18.581+0000] {processor.py:927} WARNING - No viable dags retrieved from /opt/airflow/dags/dag_student_performance.py
[2026-04-05T18:58:18.601+0000] {processor.py:208} INFO - Processing /opt/airflow/dags/dag_student_performance.py took 0.088 seconds
[2026-04-05T18:58:49.084+0000] {processor.py:186} INFO - Started process (PID=571) to work on /opt/airflow/dags/dag_student_performance.py
[2026-04-05T18:58:49.086+0000] {processor.py:914} INFO - Processing file /opt/airflow/dags/dag_student_performance.py for tasks to queue
[2026-04-05T18:58:49.089+0000] {logging_mixin.py:190} INFO - [2026-04-05T18:58:49.089+0000] {dagbag.py:588} INFO - Filling up the DagBag from /opt/airflow/dags/dag_student_performance.py
[2026-04-05T18:58:49.136+0000] {logging_mixin.py:190} INFO - [2026-04-05T18:58:49.122+0000] {dagbag.py:387} ERROR - Failed to import: /opt/airflow/dags/dag_student_performance.py
Traceback (most recent call last):
  File "/home/airflow/.local/lib/python3.12/site-packages/airflow/models/dagbag.py", line 383, in parse
    loader.exec_module(new_module)
  File "<frozen importlib._bootstrap_external>", line 999, in exec_module
  File "<frozen importlib._bootstrap>", line 488, in _call_with_frames_removed
  File "/opt/airflow/dags/dag_student_performance.py", line 224, in <module>
    python_callable=drop_existing_mart
              ^^^^^^^^^^^^^^^^^^
NameError: name 'drop_existing_mart' is not defined
[2026-04-05T18:58:49.144+0000] {processor.py:927} WARNING - No viable dags retrieved from /opt/airflow/dags/dag_student_performance.py
[2026-04-05T18:58:49.167+0000] {processor.py:208} INFO - Processing /opt/airflow/dags/dag_student_performance.py took 0.092 seconds
[2026-04-05T18:59:19.627+0000] {processor.py:186} INFO - Started process (PID=587) to work on /opt/airflow/dags/dag_student_performance.py
[2026-04-05T18:59:19.629+0000] {processor.py:914} INFO - Processing file /opt/airflow/dags/dag_student_performance.py for tasks to queue
[2026-04-05T18:59:19.632+0000] {logging_mixin.py:190} INFO - [2026-04-05T18:59:19.631+0000] {dagbag.py:588} INFO - Filling up the DagBag from /opt/airflow/dags/dag_student_performance.py
[2026-04-05T18:59:19.687+0000] {logging_mixin.py:190} INFO - [2026-04-05T18:59:19.667+0000] {dagbag.py:387} ERROR - Failed to import: /opt/airflow/dags/dag_student_performance.py
Traceback (most recent call last):
  File "/home/airflow/.local/lib/python3.12/site-packages/airflow/models/dagbag.py", line 383, in parse
    loader.exec_module(new_module)
  File "<frozen importlib._bootstrap_external>", line 999, in exec_module
  File "<frozen importlib._bootstrap>", line 488, in _call_with_frames_removed
  File "/opt/airflow/dags/dag_student_performance.py", line 224, in <module>
    python_callable=drop_existing_mart
              ^^^^^^^^^^^^^^^^^^
NameError: name 'drop_existing_mart' is not defined
[2026-04-05T18:59:19.699+0000] {processor.py:927} WARNING - No viable dags retrieved from /opt/airflow/dags/dag_student_performance.py
[2026-04-05T18:59:19.720+0000] {processor.py:208} INFO - Processing /opt/airflow/dags/dag_student_performance.py took 0.101 seconds
[2026-04-05T18:59:50.160+0000] {processor.py:186} INFO - Started process (PID=603) to work on /opt/airflow/dags/dag_student_performance.py
[2026-04-05T18:59:50.163+0000] {processor.py:914} INFO - Processing file /opt/airflow/dags/dag_student_performance.py for tasks to queue
[2026-04-05T18:59:50.164+0000] {logging_mixin.py:190} INFO - [2026-04-05T18:59:50.164+0000] {dagbag.py:588} INFO - Filling up the DagBag from /opt/airflow/dags/dag_student_performance.py
[2026-04-05T18:59:50.207+0000] {logging_mixin.py:190} INFO - [2026-04-05T18:59:50.196+0000] {dagbag.py:387} ERROR - Failed to import: /opt/airflow/dags/dag_student_performance.py
Traceback (most recent call last):
  File "/home/airflow/.local/lib/python3.12/site-packages/airflow/models/dagbag.py", line 383, in parse
    loader.exec_module(new_module)
  File "<frozen importlib._bootstrap_external>", line 999, in exec_module
  File "<frozen importlib._bootstrap>", line 488, in _call_with_frames_removed
  File "/opt/airflow/dags/dag_student_performance.py", line 224, in <module>
    python_callable=drop_existing_mart
              ^^^^^^^^^^^^^^^^^^
NameError: name 'drop_existing_mart' is not defined
[2026-04-05T18:59:50.213+0000] {processor.py:927} WARNING - No viable dags retrieved from /opt/airflow/dags/dag_student_performance.py
[2026-04-05T18:59:50.231+0000] {processor.py:208} INFO - Processing /opt/airflow/dags/dag_student_performance.py took 0.077 seconds
[2026-04-05T19:00:19.697+0000] {processor.py:186} INFO - Started process (PID=618) to work on /opt/airflow/dags/dag_student_performance.py
[2026-04-05T19:00:19.698+0000] {processor.py:914} INFO - Processing file /opt/airflow/dags/dag_student_performance.py for tasks to queue
[2026-04-05T19:00:19.700+0000] {logging_mixin.py:190} INFO - [2026-04-05T19:00:19.699+0000] {dagbag.py:588} INFO - Filling up the DagBag from /opt/airflow/dags/dag_student_performance.py
[2026-04-05T19:00:19.747+0000] {processor.py:925} INFO - DAG(s) 'create_student_performance_mart' retrieved from /opt/airflow/dags/dag_student_performance.py
[2026-04-05T19:00:20.040+0000] {logging_mixin.py:190} INFO - [2026-04-05T19:00:20.040+0000] {dag.py:3239} INFO - Sync 1 DAGs
[2026-04-05T19:00:20.053+0000] {logging_mixin.py:190} INFO - [2026-04-05T19:00:20.052+0000] {dag.py:4180} INFO - Setting next_dagrun for create_student_performance_mart to None, run_after=None
[2026-04-05T19:00:20.127+0000] {processor.py:208} INFO - Processing /opt/airflow/dags/dag_student_performance.py took 0.436 seconds
[2026-04-05T19:00:31.468+0000] {processor.py:186} INFO - Started process (PID=623) to work on /opt/airflow/dags/dag_student_performance.py
[2026-04-05T19:00:31.470+0000] {processor.py:914} INFO - Processing file /opt/airflow/dags/dag_student_performance.py for tasks to queue
[2026-04-05T19:00:31.473+0000] {logging_mixin.py:190} INFO - [2026-04-05T19:00:31.472+0000] {dagbag.py:588} INFO - Filling up the DagBag from /opt/airflow/dags/dag_student_performance.py
[2026-04-05T19:00:31.590+0000] {processor.py:925} INFO - DAG(s) 'create_student_performance_mart' retrieved from /opt/airflow/dags/dag_student_performance.py
[2026-04-05T19:00:31.608+0000] {logging_mixin.py:190} INFO - [2026-04-05T19:00:31.608+0000] {dag.py:3239} INFO - Sync 1 DAGs
[2026-04-05T19:00:31.629+0000] {logging_mixin.py:190} INFO - [2026-04-05T19:00:31.628+0000] {dag.py:4180} INFO - Setting next_dagrun for create_student_performance_mart to None, run_after=None
[2026-04-05T19:00:31.659+0000] {processor.py:208} INFO - Processing /opt/airflow/dags/dag_student_performance.py took 0.203 seconds
[2026-04-05T19:00:45.962+0000] {processor.py:186} INFO - Started process (PID=639) to work on /opt/airflow/dags/dag_student_performance.py
[2026-04-05T19:00:45.964+0000] {processor.py:914} INFO - Processing file /opt/airflow/dags/dag_student_performance.py for tasks to queue
[2026-04-05T19:00:45.966+0000] {logging_mixin.py:190} INFO - [2026-04-05T19:00:45.966+0000] {dagbag.py:588} INFO - Filling up the DagBag from /opt/airflow/dags/dag_student_performance.py
[2026-04-05T19:00:46.053+0000] {logging_mixin.py:190} INFO - [2026-04-05T19:00:46.033+0000] {dagbag.py:387} ERROR - Failed to import: /opt/airflow/dags/dag_student_performance.py
Traceback (most recent call last):
  File "/home/airflow/.local/lib/python3.12/site-packages/airflow/models/dagbag.py", line 383, in parse
    loader.exec_module(new_module)
  File "<frozen importlib._bootstrap_external>", line 999, in exec_module
  File "<frozen importlib._bootstrap>", line 488, in _call_with_frames_removed
  File "/opt/airflow/dags/dag_student_performance.py", line 233, in <module>
    python_callable=drop_existing_mart      # Какую функцию запустить (без скобок!)
                    ^^^^^^^^^^^^^^^^^^
NameError: name 'drop_existing_mart' is not defined
[2026-04-05T19:00:46.066+0000] {processor.py:927} WARNING - No viable dags retrieved from /opt/airflow/dags/dag_student_performance.py
[2026-04-05T19:00:46.093+0000] {processor.py:208} INFO - Processing /opt/airflow/dags/dag_student_performance.py took 0.141 seconds
[2026-04-05T19:00:50.141+0000] {processor.py:186} INFO - Started process (PID=644) to work on /opt/airflow/dags/dag_student_performance.py
[2026-04-05T19:00:50.143+0000] {processor.py:914} INFO - Processing file /opt/airflow/dags/dag_student_performance.py for tasks to queue
[2026-04-05T19:00:50.144+0000] {logging_mixin.py:190} INFO - [2026-04-05T19:00:50.144+0000] {dagbag.py:588} INFO - Filling up the DagBag from /opt/airflow/dags/dag_student_performance.py
[2026-04-05T19:00:50.217+0000] {logging_mixin.py:190} INFO - [2026-04-05T19:00:50.203+0000] {dagbag.py:387} ERROR - Failed to import: /opt/airflow/dags/dag_student_performance.py
Traceback (most recent call last):
  File "/home/airflow/.local/lib/python3.12/site-packages/airflow/models/dagbag.py", line 383, in parse
    loader.exec_module(new_module)
  File "<frozen importlib._bootstrap_external>", line 999, in exec_module
  File "<frozen importlib._bootstrap>", line 488, in _call_with_frames_removed
  File "/opt/airflow/dags/dag_student_performance.py", line 267, in <module>
    task_drop_mart
NameError: name 'task_drop_mart' is not defined
[2026-04-05T19:00:50.225+0000] {processor.py:927} WARNING - No viable dags retrieved from /opt/airflow/dags/dag_student_performance.py
[2026-04-05T19:00:50.243+0000] {processor.py:208} INFO - Processing /opt/airflow/dags/dag_student_performance.py took 0.107 seconds
[2026-04-05T19:00:56.302+0000] {processor.py:186} INFO - Started process (PID=649) to work on /opt/airflow/dags/dag_student_performance.py
[2026-04-05T19:00:56.303+0000] {processor.py:914} INFO - Processing file /opt/airflow/dags/dag_student_performance.py for tasks to queue
[2026-04-05T19:00:56.304+0000] {logging_mixin.py:190} INFO - [2026-04-05T19:00:56.304+0000] {dagbag.py:588} INFO - Filling up the DagBag from /opt/airflow/dags/dag_student_performance.py
[2026-04-05T19:00:56.323+0000] {logging_mixin.py:190} INFO - [2026-04-05T19:00:56.322+0000] {dagbag.py:387} ERROR - Failed to import: /opt/airflow/dags/dag_student_performance.py
Traceback (most recent call last):
  File "/home/airflow/.local/lib/python3.12/site-packages/airflow/models/dagbag.py", line 383, in parse
    loader.exec_module(new_module)
  File "<frozen importlib._bootstrap_external>", line 995, in exec_module
  File "<frozen importlib._bootstrap_external>", line 1133, in get_code
  File "<frozen importlib._bootstrap_external>", line 1063, in source_to_code
  File "<frozen importlib._bootstrap>", line 488, in _call_with_frames_removed
  File "/opt/airflow/dags/dag_student_performance.py", line 268
    >> task_init_schema 
    ^^
SyntaxError: invalid syntax
[2026-04-05T19:00:56.323+0000] {processor.py:927} WARNING - No viable dags retrieved from /opt/airflow/dags/dag_student_performance.py
[2026-04-05T19:00:56.340+0000] {processor.py:208} INFO - Processing /opt/airflow/dags/dag_student_performance.py took 0.044 seconds
[2026-04-05T19:00:59.421+0000] {processor.py:186} INFO - Started process (PID=654) to work on /opt/airflow/dags/dag_student_performance.py
[2026-04-05T19:00:59.421+0000] {processor.py:914} INFO - Processing file /opt/airflow/dags/dag_student_performance.py for tasks to queue
[2026-04-05T19:00:59.423+0000] {logging_mixin.py:190} INFO - [2026-04-05T19:00:59.422+0000] {dagbag.py:588} INFO - Filling up the DagBag from /opt/airflow/dags/dag_student_performance.py
[2026-04-05T19:00:59.461+0000] {processor.py:925} INFO - DAG(s) 'create_student_performance_mart' retrieved from /opt/airflow/dags/dag_student_performance.py
[2026-04-05T19:00:59.581+0000] {logging_mixin.py:190} INFO - [2026-04-05T19:00:59.581+0000] {dag.py:3239} INFO - Sync 1 DAGs
[2026-04-05T19:00:59.596+0000] {logging_mixin.py:190} INFO - [2026-04-05T19:00:59.596+0000] {dag.py:4180} INFO - Setting next_dagrun for create_student_performance_mart to None, run_after=None
[2026-04-05T19:00:59.784+0000] {processor.py:208} INFO - Processing /opt/airflow/dags/dag_student_performance.py took 0.369 seconds
[2026-04-05T19:01:29.852+0000] {processor.py:186} INFO - Started process (PID=670) to work on /opt/airflow/dags/dag_student_performance.py
[2026-04-05T19:01:29.853+0000] {processor.py:914} INFO - Processing file /opt/airflow/dags/dag_student_performance.py for tasks to queue
[2026-04-05T19:01:29.855+0000] {logging_mixin.py:190} INFO - [2026-04-05T19:01:29.855+0000] {dagbag.py:588} INFO - Filling up the DagBag from /opt/airflow/dags/dag_student_performance.py
[2026-04-05T19:01:29.880+0000] {processor.py:925} INFO - DAG(s) 'create_student_performance_mart' retrieved from /opt/airflow/dags/dag_student_performance.py
[2026-04-05T19:01:29.904+0000] {logging_mixin.py:190} INFO - [2026-04-05T19:01:29.904+0000] {dag.py:3239} INFO - Sync 1 DAGs
[2026-04-05T19:01:29.919+0000] {logging_mixin.py:190} INFO - [2026-04-05T19:01:29.919+0000] {dag.py:4180} INFO - Setting next_dagrun for create_student_performance_mart to None, run_after=None
[2026-04-05T19:01:29.942+0000] {processor.py:208} INFO - Processing /opt/airflow/dags/dag_student_performance.py took 0.096 seconds
[2026-04-05T19:02:00.403+0000] {processor.py:186} INFO - Started process (PID=686) to work on /opt/airflow/dags/dag_student_performance.py
[2026-04-05T19:02:00.404+0000] {processor.py:914} INFO - Processing file /opt/airflow/dags/dag_student_performance.py for tasks to queue
[2026-04-05T19:02:00.406+0000] {logging_mixin.py:190} INFO - [2026-04-05T19:02:00.405+0000] {dagbag.py:588} INFO - Filling up the DagBag from /opt/airflow/dags/dag_student_performance.py
[2026-04-05T19:02:00.428+0000] {processor.py:925} INFO - DAG(s) 'create_student_performance_mart' retrieved from /opt/airflow/dags/dag_student_performance.py
[2026-04-05T19:02:00.455+0000] {logging_mixin.py:190} INFO - [2026-04-05T19:02:00.455+0000] {dag.py:3239} INFO - Sync 1 DAGs
[2026-04-05T19:02:00.473+0000] {logging_mixin.py:190} INFO - [2026-04-05T19:02:00.473+0000] {dag.py:4180} INFO - Setting next_dagrun for create_student_performance_mart to None, run_after=None
[2026-04-05T19:02:00.495+0000] {processor.py:208} INFO - Processing /opt/airflow/dags/dag_student_performance.py took 0.098 seconds
[2026-04-05T19:02:31.111+0000] {processor.py:186} INFO - Started process (PID=702) to work on /opt/airflow/dags/dag_student_performance.py
[2026-04-05T19:02:31.116+0000] {processor.py:914} INFO - Processing file /opt/airflow/dags/dag_student_performance.py for tasks to queue
[2026-04-05T19:02:31.119+0000] {logging_mixin.py:190} INFO - [2026-04-05T19:02:31.119+0000] {dagbag.py:588} INFO - Filling up the DagBag from /opt/airflow/dags/dag_student_performance.py
[2026-04-05T19:02:31.153+0000] {processor.py:925} INFO - DAG(s) 'create_student_performance_mart' retrieved from /opt/airflow/dags/dag_student_performance.py
[2026-04-05T19:02:31.183+0000] {logging_mixin.py:190} INFO - [2026-04-05T19:02:31.183+0000] {dag.py:3239} INFO - Sync 1 DAGs
[2026-04-05T19:02:31.202+0000] {logging_mixin.py:190} INFO - [2026-04-05T19:02:31.202+0000] {dag.py:4180} INFO - Setting next_dagrun for create_student_performance_mart to None, run_after=None
[2026-04-05T19:02:31.241+0000] {processor.py:208} INFO - Processing /opt/airflow/dags/dag_student_performance.py took 0.141 seconds
[2026-04-05T19:03:01.700+0000] {processor.py:186} INFO - Started process (PID=718) to work on /opt/airflow/dags/dag_student_performance.py
[2026-04-05T19:03:01.703+0000] {processor.py:914} INFO - Processing file /opt/airflow/dags/dag_student_performance.py for tasks to queue
[2026-04-05T19:03:01.705+0000] {logging_mixin.py:190} INFO - [2026-04-05T19:03:01.705+0000] {dagbag.py:588} INFO - Filling up the DagBag from /opt/airflow/dags/dag_student_performance.py
[2026-04-05T19:03:01.818+0000] {processor.py:925} INFO - DAG(s) 'create_student_performance_mart' retrieved from /opt/airflow/dags/dag_student_performance.py
[2026-04-05T19:03:01.869+0000] {logging_mixin.py:190} INFO - [2026-04-05T19:03:01.869+0000] {dag.py:3239} INFO - Sync 1 DAGs
[2026-04-05T19:03:01.887+0000] {logging_mixin.py:190} INFO - [2026-04-05T19:03:01.887+0000] {dag.py:4180} INFO - Setting next_dagrun for create_student_performance_mart to None, run_after=None
[2026-04-05T19:03:02.064+0000] {processor.py:208} INFO - Processing /opt/airflow/dags/dag_student_performance.py took 0.374 seconds
[2026-04-05T19:03:03.818+0000] {processor.py:186} INFO - Started process (PID=723) to work on /opt/airflow/dags/dag_student_performance.py
[2026-04-05T19:03:03.820+0000] {processor.py:914} INFO - Processing file /opt/airflow/dags/dag_student_performance.py for tasks to queue
[2026-04-05T19:03:03.822+0000] {logging_mixin.py:190} INFO - [2026-04-05T19:03:03.822+0000] {dagbag.py:588} INFO - Filling up the DagBag from /opt/airflow/dags/dag_student_performance.py
[2026-04-05T19:03:03.899+0000] {processor.py:925} INFO - DAG(s) 'create_student_performance_mart' retrieved from /opt/airflow/dags/dag_student_performance.py
[2026-04-05T19:03:03.927+0000] {logging_mixin.py:190} INFO - [2026-04-05T19:03:03.926+0000] {dag.py:3239} INFO - Sync 1 DAGs
[2026-04-05T19:03:03.943+0000] {logging_mixin.py:190} INFO - [2026-04-05T19:03:03.943+0000] {dag.py:4180} INFO - Setting next_dagrun for create_student_performance_mart to None, run_after=None
[2026-04-05T19:03:03.985+0000] {processor.py:208} INFO - Processing /opt/airflow/dags/dag_student_performance.py took 0.176 seconds
[2026-04-05T19:03:34.224+0000] {processor.py:186} INFO - Started process (PID=739) to work on /opt/airflow/dags/dag_student_performance.py
[2026-04-05T19:03:34.225+0000] {processor.py:914} INFO - Processing file /opt/airflow/dags/dag_student_performance.py for tasks to queue
[2026-04-05T19:03:34.227+0000] {logging_mixin.py:190} INFO - [2026-04-05T19:03:34.227+0000] {dagbag.py:588} INFO - Filling up the DagBag from /opt/airflow/dags/dag_student_performance.py
[2026-04-05T19:03:34.257+0000] {processor.py:925} INFO - DAG(s) 'create_student_performance_mart' retrieved from /opt/airflow/dags/dag_student_performance.py
[2026-04-05T19:03:34.284+0000] {logging_mixin.py:190} INFO - [2026-04-05T19:03:34.283+0000] {dag.py:3239} INFO - Sync 1 DAGs
[2026-04-05T19:03:34.299+0000] {logging_mixin.py:190} INFO - [2026-04-05T19:03:34.299+0000] {dag.py:4180} INFO - Setting next_dagrun for create_student_performance_mart to None, run_after=None
[2026-04-05T19:03:34.326+0000] {processor.py:208} INFO - Processing /opt/airflow/dags/dag_student_performance.py took 0.108 seconds
[2026-04-05T19:04:04.766+0000] {processor.py:186} INFO - Started process (PID=755) to work on /opt/airflow/dags/dag_student_performance.py
[2026-04-05T19:04:04.767+0000] {processor.py:914} INFO - Processing file /opt/airflow/dags/dag_student_performance.py for tasks to queue
[2026-04-05T19:04:04.768+0000] {logging_mixin.py:190} INFO - [2026-04-05T19:04:04.768+0000] {dagbag.py:588} INFO - Filling up the DagBag from /opt/airflow/dags/dag_student_performance.py
[2026-04-05T19:04:04.788+0000] {processor.py:925} INFO - DAG(s) 'create_student_performance_mart' retrieved from /opt/airflow/dags/dag_student_performance.py
[2026-04-05T19:04:04.813+0000] {logging_mixin.py:190} INFO - [2026-04-05T19:04:04.813+0000] {dag.py:3239} INFO - Sync 1 DAGs
[2026-04-05T19:04:04.827+0000] {logging_mixin.py:190} INFO - [2026-04-05T19:04:04.827+0000] {dag.py:4180} INFO - Setting next_dagrun for create_student_performance_mart to None, run_after=None
[2026-04-05T19:04:04.850+0000] {processor.py:208} INFO - Processing /opt/airflow/dags/dag_student_performance.py took 0.090 seconds
[2026-04-05T19:04:35.367+0000] {processor.py:186} INFO - Started process (PID=771) to work on /opt/airflow/dags/dag_student_performance.py
[2026-04-05T19:04:35.368+0000] {processor.py:914} INFO - Processing file /opt/airflow/dags/dag_student_performance.py for tasks to queue
[2026-04-05T19:04:35.370+0000] {logging_mixin.py:190} INFO - [2026-04-05T19:04:35.370+0000] {dagbag.py:588} INFO - Filling up the DagBag from /opt/airflow/dags/dag_student_performance.py
[2026-04-05T19:04:35.397+0000] {processor.py:925} INFO - DAG(s) 'create_student_performance_mart' retrieved from /opt/airflow/dags/dag_student_performance.py
[2026-04-05T19:04:35.424+0000] {logging_mixin.py:190} INFO - [2026-04-05T19:04:35.424+0000] {dag.py:3239} INFO - Sync 1 DAGs
[2026-04-05T19:04:35.443+0000] {logging_mixin.py:190} INFO - [2026-04-05T19:04:35.442+0000] {dag.py:4180} INFO - Setting next_dagrun for create_student_performance_mart to None, run_after=None
[2026-04-05T19:04:35.476+0000] {processor.py:208} INFO - Processing /opt/airflow/dags/dag_student_performance.py took 0.115 seconds
[2026-04-05T19:04:36.481+0000] {processor.py:186} INFO - Started process (PID=776) to work on /opt/airflow/dags/dag_student_performance.py
[2026-04-05T19:04:36.483+0000] {processor.py:914} INFO - Processing file /opt/airflow/dags/dag_student_performance.py for tasks to queue
[2026-04-05T19:04:36.484+0000] {logging_mixin.py:190} INFO - [2026-04-05T19:04:36.484+0000] {dagbag.py:588} INFO - Filling up the DagBag from /opt/airflow/dags/dag_student_performance.py
[2026-04-05T19:04:36.558+0000] {processor.py:925} INFO - DAG(s) 'create_student_performance_mart' retrieved from /opt/airflow/dags/dag_student_performance.py
[2026-04-05T19:04:36.588+0000] {logging_mixin.py:190} INFO - [2026-04-05T19:04:36.587+0000] {dag.py:3239} INFO - Sync 1 DAGs
[2026-04-05T19:04:36.603+0000] {logging_mixin.py:190} INFO - [2026-04-05T19:04:36.602+0000] {dag.py:4180} INFO - Setting next_dagrun for create_student_performance_mart to None, run_after=None
[2026-04-05T19:04:36.647+0000] {processor.py:208} INFO - Processing /opt/airflow/dags/dag_student_performance.py took 0.171 seconds
[2026-04-05T19:04:41.793+0000] {processor.py:186} INFO - Started process (PID=792) to work on /opt/airflow/dags/dag_student_performance.py
[2026-04-05T19:04:41.795+0000] {processor.py:914} INFO - Processing file /opt/airflow/dags/dag_student_performance.py for tasks to queue
[2026-04-05T19:04:41.796+0000] {logging_mixin.py:190} INFO - [2026-04-05T19:04:41.796+0000] {dagbag.py:588} INFO - Filling up the DagBag from /opt/airflow/dags/dag_student_performance.py
[2026-04-05T19:04:41.852+0000] {processor.py:925} INFO - DAG(s) 'create_student_performance_mart' retrieved from /opt/airflow/dags/dag_student_performance.py
[2026-04-05T19:04:41.879+0000] {logging_mixin.py:190} INFO - [2026-04-05T19:04:41.878+0000] {dag.py:3239} INFO - Sync 1 DAGs
[2026-04-05T19:04:41.899+0000] {logging_mixin.py:190} INFO - [2026-04-05T19:04:41.899+0000] {dag.py:4180} INFO - Setting next_dagrun for create_student_performance_mart to None, run_after=None
[2026-04-05T19:04:42.059+0000] {processor.py:208} INFO - Processing /opt/airflow/dags/dag_student_performance.py took 0.272 seconds
[2026-04-05T19:04:46.129+0000] {processor.py:186} INFO - Started process (PID=797) to work on /opt/airflow/dags/dag_student_performance.py
[2026-04-05T19:04:46.130+0000] {processor.py:914} INFO - Processing file /opt/airflow/dags/dag_student_performance.py for tasks to queue
[2026-04-05T19:04:46.132+0000] {logging_mixin.py:190} INFO - [2026-04-05T19:04:46.132+0000] {dagbag.py:588} INFO - Filling up the DagBag from /opt/airflow/dags/dag_student_performance.py
[2026-04-05T19:04:46.176+0000] {processor.py:925} INFO - DAG(s) 'create_student_performance_mart' retrieved from /opt/airflow/dags/dag_student_performance.py
[2026-04-05T19:04:46.201+0000] {logging_mixin.py:190} INFO - [2026-04-05T19:04:46.201+0000] {dag.py:3239} INFO - Sync 1 DAGs
[2026-04-05T19:04:46.217+0000] {logging_mixin.py:190} INFO - [2026-04-05T19:04:46.217+0000] {dag.py:4180} INFO - Setting next_dagrun for create_student_performance_mart to None, run_after=None
[2026-04-05T19:04:46.245+0000] {processor.py:208} INFO - Processing /opt/airflow/dags/dag_student_performance.py took 0.122 seconds
[2026-04-05T19:04:54.290+0000] {processor.py:186} INFO - Started process (PID=802) to work on /opt/airflow/dags/dag_student_performance.py
[2026-04-05T19:04:54.291+0000] {processor.py:914} INFO - Processing file /opt/airflow/dags/dag_student_performance.py for tasks to queue
[2026-04-05T19:04:54.293+0000] {logging_mixin.py:190} INFO - [2026-04-05T19:04:54.292+0000] {dagbag.py:588} INFO - Filling up the DagBag from /opt/airflow/dags/dag_student_performance.py
[2026-04-05T19:04:54.341+0000] {processor.py:925} INFO - DAG(s) 'create_student_performance_mart' retrieved from /opt/airflow/dags/dag_student_performance.py
[2026-04-05T19:04:54.365+0000] {logging_mixin.py:190} INFO - [2026-04-05T19:04:54.364+0000] {dag.py:3239} INFO - Sync 1 DAGs
[2026-04-05T19:04:54.379+0000] {logging_mixin.py:190} INFO - [2026-04-05T19:04:54.379+0000] {dag.py:4180} INFO - Setting next_dagrun for create_student_performance_mart to None, run_after=None
[2026-04-05T19:04:54.403+0000] {processor.py:208} INFO - Processing /opt/airflow/dags/dag_student_performance.py took 0.120 seconds
[2026-04-05T19:04:56.465+0000] {processor.py:186} INFO - Started process (PID=807) to work on /opt/airflow/dags/dag_student_performance.py
[2026-04-05T19:04:56.466+0000] {processor.py:914} INFO - Processing file /opt/airflow/dags/dag_student_performance.py for tasks to queue
[2026-04-05T19:04:56.469+0000] {logging_mixin.py:190} INFO - [2026-04-05T19:04:56.468+0000] {dagbag.py:588} INFO - Filling up the DagBag from /opt/airflow/dags/dag_student_performance.py
[2026-04-05T19:04:56.549+0000] {processor.py:925} INFO - DAG(s) 'create_student_performance_mart' retrieved from /opt/airflow/dags/dag_student_performance.py
[2026-04-05T19:04:56.577+0000] {logging_mixin.py:190} INFO - [2026-04-05T19:04:56.576+0000] {dag.py:3239} INFO - Sync 1 DAGs
[2026-04-05T19:04:56.593+0000] {logging_mixin.py:190} INFO - [2026-04-05T19:04:56.592+0000] {dag.py:4180} INFO - Setting next_dagrun for create_student_performance_mart to None, run_after=None
[2026-04-05T19:04:56.620+0000] {processor.py:208} INFO - Processing /opt/airflow/dags/dag_student_performance.py took 0.164 seconds
[2026-04-05T19:05:02.829+0000] {processor.py:186} INFO - Started process (PID=812) to work on /opt/airflow/dags/dag_student_performance.py
[2026-04-05T19:05:02.830+0000] {processor.py:914} INFO - Processing file /opt/airflow/dags/dag_student_performance.py for tasks to queue
[2026-04-05T19:05:02.832+0000] {logging_mixin.py:190} INFO - [2026-04-05T19:05:02.831+0000] {dagbag.py:588} INFO - Filling up the DagBag from /opt/airflow/dags/dag_student_performance.py
[2026-04-05T19:05:02.873+0000] {processor.py:925} INFO - DAG(s) 'create_student_performance_mart' retrieved from /opt/airflow/dags/dag_student_performance.py
[2026-04-05T19:05:02.897+0000] {logging_mixin.py:190} INFO - [2026-04-05T19:05:02.897+0000] {dag.py:3239} INFO - Sync 1 DAGs
[2026-04-05T19:05:02.911+0000] {logging_mixin.py:190} INFO - [2026-04-05T19:05:02.910+0000] {dag.py:4180} INFO - Setting next_dagrun for create_student_performance_mart to None, run_after=None
[2026-04-05T19:05:02.933+0000] {processor.py:208} INFO - Processing /opt/airflow/dags/dag_student_performance.py took 0.110 seconds
[2026-04-05T19:05:17.517+0000] {processor.py:186} INFO - Started process (PID=828) to work on /opt/airflow/dags/dag_student_performance.py
[2026-04-05T19:05:17.519+0000] {processor.py:914} INFO - Processing file /opt/airflow/dags/dag_student_performance.py for tasks to queue
[2026-04-05T19:05:17.521+0000] {logging_mixin.py:190} INFO - [2026-04-05T19:05:17.520+0000] {dagbag.py:588} INFO - Filling up the DagBag from /opt/airflow/dags/dag_student_performance.py
[2026-04-05T19:05:17.545+0000] {logging_mixin.py:190} INFO - [2026-04-05T19:05:17.544+0000] {dagbag.py:387} ERROR - Failed to import: /opt/airflow/dags/dag_student_performance.py
Traceback (most recent call last):
  File "/home/airflow/.local/lib/python3.12/site-packages/airflow/models/dagbag.py", line 383, in parse
    loader.exec_module(new_module)
  File "<frozen importlib._bootstrap_external>", line 995, in exec_module
  File "<frozen importlib._bootstrap_external>", line 1133, in get_code
  File "<frozen importlib._bootstrap_external>", line 1063, in source_to_code
  File "<frozen importlib._bootstrap>", line 488, in _call_with_frames_removed
  File "/opt/airflow/dags/dag_student_performance.py", line 41
    CREATE SCHEMA IF NOT EXISTS dmr;
IndentationError: unexpected indent
[2026-04-05T19:05:17.546+0000] {processor.py:927} WARNING - No viable dags retrieved from /opt/airflow/dags/dag_student_performance.py
[2026-04-05T19:05:17.569+0000] {processor.py:208} INFO - Processing /opt/airflow/dags/dag_student_performance.py took 0.064 seconds
[2026-04-05T19:05:19.580+0000] {processor.py:186} INFO - Started process (PID=833) to work on /opt/airflow/dags/dag_student_performance.py
[2026-04-05T19:05:19.581+0000] {processor.py:914} INFO - Processing file /opt/airflow/dags/dag_student_performance.py for tasks to queue
[2026-04-05T19:05:19.583+0000] {logging_mixin.py:190} INFO - [2026-04-05T19:05:19.583+0000] {dagbag.py:588} INFO - Filling up the DagBag from /opt/airflow/dags/dag_student_performance.py
[2026-04-05T19:05:19.601+0000] {logging_mixin.py:190} INFO - [2026-04-05T19:05:19.600+0000] {dagbag.py:387} ERROR - Failed to import: /opt/airflow/dags/dag_student_performance.py
Traceback (most recent call last):
  File "/home/airflow/.local/lib/python3.12/site-packages/airflow/models/dagbag.py", line 383, in parse
    loader.exec_module(new_module)
  File "<frozen importlib._bootstrap_external>", line 995, in exec_module
  File "<frozen importlib._bootstrap_external>", line 1133, in get_code
  File "<frozen importlib._bootstrap_external>", line 1063, in source_to_code
  File "<frozen importlib._bootstrap>", line 488, in _call_with_frames_removed
  File "/opt/airflow/dags/dag_student_performance.py", line 18
    Создает подключение к твоей старой базе 'Plusnin'.
            ^^^^^^^^^^^
SyntaxError: invalid syntax
[2026-04-05T19:05:19.602+0000] {processor.py:927} WARNING - No viable dags retrieved from /opt/airflow/dags/dag_student_performance.py
[2026-04-05T19:05:19.618+0000] {processor.py:208} INFO - Processing /opt/airflow/dags/dag_student_performance.py took 0.046 seconds
[2026-04-05T19:05:20.701+0000] {processor.py:186} INFO - Started process (PID=838) to work on /opt/airflow/dags/dag_student_performance.py
[2026-04-05T19:05:20.702+0000] {processor.py:914} INFO - Processing file /opt/airflow/dags/dag_student_performance.py for tasks to queue
[2026-04-05T19:05:20.703+0000] {logging_mixin.py:190} INFO - [2026-04-05T19:05:20.703+0000] {dagbag.py:588} INFO - Filling up the DagBag from /opt/airflow/dags/dag_student_performance.py
[2026-04-05T19:05:20.718+0000] {logging_mixin.py:190} INFO - [2026-04-05T19:05:20.717+0000] {dagbag.py:387} ERROR - Failed to import: /opt/airflow/dags/dag_student_performance.py
Traceback (most recent call last):
  File "/home/airflow/.local/lib/python3.12/site-packages/airflow/models/dagbag.py", line 383, in parse
    loader.exec_module(new_module)
  File "<frozen importlib._bootstrap_external>", line 995, in exec_module
  File "<frozen importlib._bootstrap_external>", line 1133, in get_code
  File "<frozen importlib._bootstrap_external>", line 1063, in source_to_code
  File "<frozen importlib._bootstrap>", line 488, in _call_with_frames_removed
  File "/opt/airflow/dags/dag_student_performance.py", line 18
    "Создает подключение к твоей старой базе 'Plusnin'.
    ^
SyntaxError: unterminated string literal (detected at line 18)
[2026-04-05T19:05:20.719+0000] {processor.py:927} WARNING - No viable dags retrieved from /opt/airflow/dags/dag_student_performance.py
[2026-04-05T19:05:20.736+0000] {processor.py:208} INFO - Processing /opt/airflow/dags/dag_student_performance.py took 0.040 seconds
[2026-04-05T19:05:22.868+0000] {processor.py:186} INFO - Started process (PID=843) to work on /opt/airflow/dags/dag_student_performance.py
[2026-04-05T19:05:22.869+0000] {processor.py:914} INFO - Processing file /opt/airflow/dags/dag_student_performance.py for tasks to queue
[2026-04-05T19:05:22.871+0000] {logging_mixin.py:190} INFO - [2026-04-05T19:05:22.871+0000] {dagbag.py:588} INFO - Filling up the DagBag from /opt/airflow/dags/dag_student_performance.py
[2026-04-05T19:05:22.894+0000] {logging_mixin.py:190} INFO - [2026-04-05T19:05:22.893+0000] {dagbag.py:387} ERROR - Failed to import: /opt/airflow/dags/dag_student_performance.py
Traceback (most recent call last):
  File "/home/airflow/.local/lib/python3.12/site-packages/airflow/models/dagbag.py", line 383, in parse
    loader.exec_module(new_module)
  File "<frozen importlib._bootstrap_external>", line 995, in exec_module
  File "<frozen importlib._bootstrap_external>", line 1133, in get_code
  File "<frozen importlib._bootstrap_external>", line 1063, in source_to_code
  File "<frozen importlib._bootstrap>", line 488, in _call_with_frames_removed
  File "/opt/airflow/dags/dag_student_performance.py", line 18
    Создает подключение к твоей старой базе 'Plusnin'.
            ^^^^^^^^^^^
SyntaxError: invalid syntax
[2026-04-05T19:05:22.895+0000] {processor.py:927} WARNING - No viable dags retrieved from /opt/airflow/dags/dag_student_performance.py
[2026-04-05T19:05:22.916+0000] {processor.py:208} INFO - Processing /opt/airflow/dags/dag_student_performance.py took 0.054 seconds
[2026-04-05T19:05:26.986+0000] {processor.py:186} INFO - Started process (PID=848) to work on /opt/airflow/dags/dag_student_performance.py
[2026-04-05T19:05:26.987+0000] {processor.py:914} INFO - Processing file /opt/airflow/dags/dag_student_performance.py for tasks to queue
[2026-04-05T19:05:26.989+0000] {logging_mixin.py:190} INFO - [2026-04-05T19:05:26.988+0000] {dagbag.py:588} INFO - Filling up the DagBag from /opt/airflow/dags/dag_student_performance.py
[2026-04-05T19:05:27.049+0000] {processor.py:925} INFO - DAG(s) 'create_student_performance_mart' retrieved from /opt/airflow/dags/dag_student_performance.py
[2026-04-05T19:05:27.075+0000] {logging_mixin.py:190} INFO - [2026-04-05T19:05:27.075+0000] {dag.py:3239} INFO - Sync 1 DAGs
[2026-04-05T19:05:27.091+0000] {logging_mixin.py:190} INFO - [2026-04-05T19:05:27.091+0000] {dag.py:4180} INFO - Setting next_dagrun for create_student_performance_mart to None, run_after=None
[2026-04-05T19:05:27.137+0000] {processor.py:208} INFO - Processing /opt/airflow/dags/dag_student_performance.py took 0.160 seconds
[2026-04-05T19:05:33.157+0000] {processor.py:186} INFO - Started process (PID=853) to work on /opt/airflow/dags/dag_student_performance.py
[2026-04-05T19:05:33.159+0000] {processor.py:914} INFO - Processing file /opt/airflow/dags/dag_student_performance.py for tasks to queue
[2026-04-05T19:05:33.161+0000] {logging_mixin.py:190} INFO - [2026-04-05T19:05:33.161+0000] {dagbag.py:588} INFO - Filling up the DagBag from /opt/airflow/dags/dag_student_performance.py
[2026-04-05T19:05:33.243+0000] {processor.py:925} INFO - DAG(s) 'create_student_performance_mart' retrieved from /opt/airflow/dags/dag_student_performance.py
[2026-04-05T19:05:33.279+0000] {logging_mixin.py:190} INFO - [2026-04-05T19:05:33.279+0000] {dag.py:3239} INFO - Sync 1 DAGs
[2026-04-05T19:05:33.294+0000] {logging_mixin.py:190} INFO - [2026-04-05T19:05:33.293+0000] {dag.py:4180} INFO - Setting next_dagrun for create_student_performance_mart to None, run_after=None
[2026-04-05T19:05:33.324+0000] {processor.py:208} INFO - Processing /opt/airflow/dags/dag_student_performance.py took 0.177 seconds
[2026-04-05T19:05:43.570+0000] {processor.py:186} INFO - Started process (PID=869) to work on /opt/airflow/dags/dag_student_performance.py
[2026-04-05T19:05:43.571+0000] {processor.py:914} INFO - Processing file /opt/airflow/dags/dag_student_performance.py for tasks to queue
[2026-04-05T19:05:43.573+0000] {logging_mixin.py:190} INFO - [2026-04-05T19:05:43.572+0000] {dagbag.py:588} INFO - Filling up the DagBag from /opt/airflow/dags/dag_student_performance.py
[2026-04-05T19:05:43.619+0000] {processor.py:925} INFO - DAG(s) 'create_student_performance_mart' retrieved from /opt/airflow/dags/dag_student_performance.py
[2026-04-05T19:05:43.646+0000] {logging_mixin.py:190} INFO - [2026-04-05T19:05:43.646+0000] {dag.py:3239} INFO - Sync 1 DAGs
[2026-04-05T19:05:43.662+0000] {logging_mixin.py:190} INFO - [2026-04-05T19:05:43.662+0000] {dag.py:4180} INFO - Setting next_dagrun for create_student_performance_mart to None, run_after=None
[2026-04-05T19:05:43.696+0000] {processor.py:208} INFO - Processing /opt/airflow/dags/dag_student_performance.py took 0.133 seconds
[2026-04-05T19:05:51.865+0000] {processor.py:186} INFO - Started process (PID=874) to work on /opt/airflow/dags/dag_student_performance.py
[2026-04-05T19:05:51.866+0000] {processor.py:914} INFO - Processing file /opt/airflow/dags/dag_student_performance.py for tasks to queue
[2026-04-05T19:05:51.867+0000] {logging_mixin.py:190} INFO - [2026-04-05T19:05:51.867+0000] {dagbag.py:588} INFO - Filling up the DagBag from /opt/airflow/dags/dag_student_performance.py
[2026-04-05T19:05:51.927+0000] {processor.py:925} INFO - DAG(s) 'create_student_performance_mart' retrieved from /opt/airflow/dags/dag_student_performance.py
[2026-04-05T19:05:51.949+0000] {logging_mixin.py:190} INFO - [2026-04-05T19:05:51.949+0000] {dag.py:3239} INFO - Sync 1 DAGs
[2026-04-05T19:05:51.963+0000] {logging_mixin.py:190} INFO - [2026-04-05T19:05:51.962+0000] {dag.py:4180} INFO - Setting next_dagrun for create_student_performance_mart to None, run_after=None
[2026-04-05T19:05:51.993+0000] {processor.py:208} INFO - Processing /opt/airflow/dags/dag_student_performance.py took 0.134 seconds
