[2026-05-21T15:41:01.891+0000] {local_task_job_runner.py:123} INFO - ::group::Pre task execution logs
[2026-05-21T15:41:01.907+0000] {taskinstance.py:2613} INFO - Dependencies all met for dep_context=non-requeueable deps ti=<TaskInstance: create_student_performance_mart.create_student_performance_mart manual__2026-05-21T15:41:00.805859+00:00 [queued]>
[2026-05-21T15:41:01.915+0000] {taskinstance.py:2613} INFO - Dependencies all met for dep_context=requeueable deps ti=<TaskInstance: create_student_performance_mart.create_student_performance_mart manual__2026-05-21T15:41:00.805859+00:00 [queued]>
[2026-05-21T15:41:01.916+0000] {taskinstance.py:2866} INFO - Starting attempt 1 of 2
[2026-05-21T15:41:01.931+0000] {taskinstance.py:2889} INFO - Executing <Task(PythonOperator): create_student_performance_mart> on 2026-05-21 15:41:00.805859+00:00
[2026-05-21T15:41:01.940+0000] {standard_task_runner.py:104} INFO - Running: ['***', 'tasks', 'run', 'create_student_performance_mart', 'create_student_performance_mart', 'manual__2026-05-21T15:41:00.805859+00:00', '--job-id', '4', '--raw', '--subdir', 'DAGS_FOLDER/dag_student_performance.py', '--cfg-path', '/tmp/tmpymizwwt2']
[2026-05-21T15:41:01.943+0000] {standard_task_runner.py:105} INFO - Job 4: Subtask create_student_performance_mart
[2026-05-21T15:41:01.943+0000] {logging_mixin.py:190} WARNING - /home/***/.local/lib/python3.12/site-packages/***/task/task_runner/standard_task_runner.py:70 DeprecationWarning: This process (pid=224) is multi-threaded, use of fork() may lead to deadlocks in the child.
[2026-05-21T15:41:01.944+0000] {standard_task_runner.py:72} INFO - Started process 225 to run task
[2026-05-21T15:41:01.990+0000] {task_command.py:467} INFO - Running <TaskInstance: create_student_performance_mart.create_student_performance_mart manual__2026-05-21T15:41:00.805859+00:00 [running]> on host 8da4dce17e2c
[2026-05-21T15:41:02.065+0000] {taskinstance.py:3132} INFO - Exporting env vars: AIRFLOW_CTX_DAG_OWNER='***' AIRFLOW_CTX_DAG_ID='create_student_performance_mart' AIRFLOW_CTX_TASK_ID='create_student_performance_mart' AIRFLOW_CTX_EXECUTION_DATE='2026-05-21T15:41:00.805859+00:00' AIRFLOW_CTX_TRY_NUMBER='1' AIRFLOW_CTX_DAG_RUN_ID='manual__2026-05-21T15:41:00.805859+00:00'
[2026-05-21T15:41:02.067+0000] {taskinstance.py:731} INFO - ::endgroup::
[2026-05-21T15:41:02.082+0000] {logging_mixin.py:190} INFO - Подключение к postgres:5432 / база *** ...
[2026-05-21T15:41:03.829+0000] {logging_mixin.py:190} INFO - Витрина dmr.analytics_student_performance успешно создана/обновлена.
[2026-05-21T15:41:03.830+0000] {logging_mixin.py:190} INFO - Соединение с БД закрыто.
[2026-05-21T15:41:03.830+0000] {python.py:240} INFO - Done. Returned value was: None
[2026-05-21T15:41:03.839+0000] {taskinstance.py:340} INFO - ::group::Post task execution logs
[2026-05-21T15:41:03.840+0000] {taskinstance.py:352} INFO - Marking task as SUCCESS. dag_id=create_student_performance_mart, task_id=create_student_performance_mart, run_id=manual__2026-05-21T15:41:00.805859+00:00, execution_date=20260521T154100, start_date=20260521T154101, end_date=20260521T154103
[2026-05-21T15:41:03.888+0000] {local_task_job_runner.py:266} INFO - Task exited with return code 0
[2026-05-21T15:41:03.911+0000] {taskinstance.py:3895} INFO - 0 downstream tasks scheduled from follow-on schedule check
[2026-05-21T15:41:03.915+0000] {local_task_job_runner.py:245} INFO - ::endgroup::
