[2026-04-06T05:38:42.951+0000] {local_task_job_runner.py:123} INFO - ::group::Pre task execution logs
[2026-04-06T05:38:42.974+0000] {taskinstance.py:2613} INFO - Dependencies all met for dep_context=non-requeueable deps ti=<TaskInstance: create_analytics_mart.create_student_mart scheduled__2026-04-05T02:00:00+00:00 [queued]>
[2026-04-06T05:38:42.989+0000] {taskinstance.py:2613} INFO - Dependencies all met for dep_context=requeueable deps ti=<TaskInstance: create_analytics_mart.create_student_mart scheduled__2026-04-05T02:00:00+00:00 [queued]>
[2026-04-06T05:38:42.991+0000] {taskinstance.py:2866} INFO - Starting attempt 2 of 2
[2026-04-06T05:38:43.009+0000] {taskinstance.py:2889} INFO - Executing <Task(PythonOperator): create_student_mart> on 2026-04-05 02:00:00+00:00
[2026-04-06T05:38:43.020+0000] {standard_task_runner.py:104} INFO - Running: ['***', 'tasks', 'run', 'create_analytics_mart', 'create_student_mart', 'scheduled__2026-04-05T02:00:00+00:00', '--job-id', '6', '--raw', '--subdir', 'DAGS_FOLDER/create_mart_dag.py', '--cfg-path', '/tmp/tmpq4gumqpz']
[2026-04-06T05:38:43.024+0000] {logging_mixin.py:190} WARNING - /home/***/.local/lib/python3.12/site-packages/***/task/task_runner/standard_task_runner.py:70 DeprecationWarning: This process (pid=239) is multi-threaded, use of fork() may lead to deadlocks in the child.
[2026-04-06T05:38:43.025+0000] {standard_task_runner.py:105} INFO - Job 6: Subtask create_student_mart
[2026-04-06T05:38:43.026+0000] {standard_task_runner.py:72} INFO - Started process 240 to run task
[2026-04-06T05:38:43.094+0000] {task_command.py:467} INFO - Running <TaskInstance: create_analytics_mart.create_student_mart scheduled__2026-04-05T02:00:00+00:00 [running]> on host 3560f5795772
[2026-04-06T05:38:43.227+0000] {taskinstance.py:3132} INFO - Exporting env vars: AIRFLOW_CTX_DAG_OWNER='***' AIRFLOW_CTX_DAG_ID='create_analytics_mart' AIRFLOW_CTX_TASK_ID='create_student_mart' AIRFLOW_CTX_EXECUTION_DATE='2026-04-05T02:00:00+00:00' AIRFLOW_CTX_TRY_NUMBER='2' AIRFLOW_CTX_DAG_RUN_ID='scheduled__2026-04-05T02:00:00+00:00'
[2026-04-06T05:38:43.228+0000] {taskinstance.py:731} INFO - ::endgroup::
[2026-04-06T05:38:43.281+0000] {logging_mixin.py:190} INFO - Подключение к host.docker.internal:5433 ...
[2026-04-06T05:38:44.324+0000] {logging_mixin.py:190} INFO - Витрина обновлена. Записей: 272
[2026-04-06T05:38:44.325+0000] {logging_mixin.py:190} INFO - Витрина успешно создана/обновлена.
[2026-04-06T05:38:44.330+0000] {python.py:240} INFO - Done. Returned value was: None
[2026-04-06T05:38:44.343+0000] {taskinstance.py:340} INFO - ::group::Post task execution logs
[2026-04-06T05:38:44.344+0000] {taskinstance.py:352} INFO - Marking task as SUCCESS. dag_id=create_analytics_mart, task_id=create_student_mart, run_id=scheduled__2026-04-05T02:00:00+00:00, execution_date=20260405T020000, start_date=20260406T053842, end_date=20260406T053844
[2026-04-06T05:38:44.410+0000] {local_task_job_runner.py:266} INFO - Task exited with return code 0
[2026-04-06T05:38:44.434+0000] {taskinstance.py:3895} INFO - 0 downstream tasks scheduled from follow-on schedule check
[2026-04-06T05:38:44.439+0000] {local_task_job_runner.py:245} INFO - ::endgroup::
