[2026-04-05T18:47:03.967+0000] {local_task_job_runner.py:123} INFO - ::group::Pre task execution logs
[2026-04-05T18:47:04.003+0000] {taskinstance.py:2613} INFO - Dependencies all met for dep_context=non-requeueable deps ti=<TaskInstance: create_analytics_mart.create_student_mart scheduled__2026-04-04T02:00:00+00:00 [queued]>
[2026-04-05T18:47:04.014+0000] {taskinstance.py:2613} INFO - Dependencies all met for dep_context=requeueable deps ti=<TaskInstance: create_analytics_mart.create_student_mart scheduled__2026-04-04T02:00:00+00:00 [queued]>
[2026-04-05T18:47:04.015+0000] {taskinstance.py:2866} INFO - Starting attempt 1 of 2
[2026-04-05T18:47:04.032+0000] {taskinstance.py:2889} INFO - Executing <Task(PythonOperator): create_student_mart> on 2026-04-04 02:00:00+00:00
[2026-04-05T18:47:04.039+0000] {standard_task_runner.py:104} INFO - Running: ['***', 'tasks', 'run', 'create_analytics_mart', 'create_student_mart', 'scheduled__2026-04-04T02:00:00+00:00', '--job-id', '2', '--raw', '--subdir', 'DAGS_FOLDER/create_mart_dag.py', '--cfg-path', '/tmp/tmp19gbqrcu']
[2026-04-05T18:47:04.043+0000] {standard_task_runner.py:105} INFO - Job 2: Subtask create_student_mart
[2026-04-05T18:47:04.044+0000] {logging_mixin.py:190} WARNING - /home/***/.local/lib/python3.12/site-packages/***/task/task_runner/standard_task_runner.py:70 DeprecationWarning: This process (pid=214) is multi-threaded, use of fork() may lead to deadlocks in the child.
[2026-04-05T18:47:04.045+0000] {standard_task_runner.py:72} INFO - Started process 215 to run task
[2026-04-05T18:47:04.098+0000] {task_command.py:467} INFO - Running <TaskInstance: create_analytics_mart.create_student_mart scheduled__2026-04-04T02:00:00+00:00 [running]> on host 1b577844786b
[2026-04-05T18:47:04.177+0000] {taskinstance.py:3132} INFO - Exporting env vars: AIRFLOW_CTX_DAG_OWNER='***' AIRFLOW_CTX_DAG_ID='create_analytics_mart' AIRFLOW_CTX_TASK_ID='create_student_mart' AIRFLOW_CTX_EXECUTION_DATE='2026-04-04T02:00:00+00:00' AIRFLOW_CTX_TRY_NUMBER='1' AIRFLOW_CTX_DAG_RUN_ID='scheduled__2026-04-04T02:00:00+00:00'
[2026-04-05T18:47:04.179+0000] {taskinstance.py:731} INFO - ::endgroup::
[2026-04-05T18:47:04.209+0000] {logging_mixin.py:190} INFO - Подключение к host.docker.internal:5433 ...
[2026-04-05T18:47:05.031+0000] {logging_mixin.py:190} INFO - Витрина обновлена. Записей: 272
[2026-04-05T18:47:05.032+0000] {logging_mixin.py:190} INFO - Витрина успешно создана/обновлена.
[2026-04-05T18:47:05.034+0000] {python.py:240} INFO - Done. Returned value was: None
[2026-04-05T18:47:05.042+0000] {taskinstance.py:340} INFO - ::group::Post task execution logs
[2026-04-05T18:47:05.043+0000] {taskinstance.py:352} INFO - Marking task as SUCCESS. dag_id=create_analytics_mart, task_id=create_student_mart, run_id=scheduled__2026-04-04T02:00:00+00:00, execution_date=20260404T020000, start_date=20260405T184704, end_date=20260405T184705
[2026-04-05T18:47:05.066+0000] {local_task_job_runner.py:266} INFO - Task exited with return code 0
[2026-04-05T18:47:05.081+0000] {taskinstance.py:3895} INFO - 0 downstream tasks scheduled from follow-on schedule check
[2026-04-05T18:47:05.084+0000] {local_task_job_runner.py:245} INFO - ::endgroup::
