[2026-05-21T15:23:29.542+0000] {local_task_job_runner.py:123} INFO - ::group::Pre task execution logs
[2026-05-21T15:23:29.570+0000] {taskinstance.py:2613} INFO - Dependencies all met for dep_context=non-requeueable deps ti=<TaskInstance: create_student_performance_mart.load_initial_data manual__2026-05-21T15:22:26.274707+00:00 [queued]>
[2026-05-21T15:23:29.618+0000] {taskinstance.py:2613} INFO - Dependencies all met for dep_context=requeueable deps ti=<TaskInstance: create_student_performance_mart.load_initial_data manual__2026-05-21T15:22:26.274707+00:00 [queued]>
[2026-05-21T15:23:29.621+0000] {taskinstance.py:2866} INFO - Starting attempt 2 of 2
[2026-05-21T15:23:29.650+0000] {taskinstance.py:2889} INFO - Executing <Task(PythonOperator): load_initial_data> on 2026-05-21 15:22:26.274707+00:00
[2026-05-21T15:23:29.664+0000] {standard_task_runner.py:104} INFO - Running: ['airflow', 'tasks', 'run', 'create_student_performance_mart', 'load_initial_data', 'manual__2026-05-21T15:22:26.274707+00:00', '--job-id', '7', '--raw', '--subdir', 'DAGS_FOLDER/dag_student_performance.py', '--cfg-path', '/tmp/tmprx08_fd8']
[2026-05-21T15:23:29.672+0000] {standard_task_runner.py:105} INFO - Job 7: Subtask load_initial_data
[2026-05-21T15:23:29.672+0000] {logging_mixin.py:190} WARNING - /home/airflow/.local/lib/python3.12/site-packages/airflow/task/task_runner/standard_task_runner.py:70 DeprecationWarning: This process (pid=310) is multi-threaded, use of fork() may lead to deadlocks in the child.
[2026-05-21T15:23:29.676+0000] {standard_task_runner.py:72} INFO - Started process 311 to run task
[2026-05-21T15:23:29.761+0000] {task_command.py:467} INFO - Running <TaskInstance: create_student_performance_mart.load_initial_data manual__2026-05-21T15:22:26.274707+00:00 [running]> on host b0bd83782cc7
[2026-05-21T15:23:29.888+0000] {taskinstance.py:3132} INFO - Exporting env vars: AIRFLOW_CTX_DAG_OWNER='airflow' AIRFLOW_CTX_DAG_ID='create_student_performance_mart' AIRFLOW_CTX_TASK_ID='load_initial_data' AIRFLOW_CTX_EXECUTION_DATE='2026-05-21T15:22:26.274707+00:00' AIRFLOW_CTX_TRY_NUMBER='2' AIRFLOW_CTX_DAG_RUN_ID='manual__2026-05-21T15:22:26.274707+00:00'
[2026-05-21T15:23:29.896+0000] {taskinstance.py:731} INFO - ::endgroup::
[2026-05-21T15:23:29.931+0000] {taskinstance.py:3311} ERROR - Task failed with exception
Traceback (most recent call last):
  File "/home/airflow/.local/lib/python3.12/site-packages/airflow/models/taskinstance.py", line 767, in _execute_task
    result = _execute_callable(context=context, **execute_callable_kwargs)
             ^^^^^^^^^^^^^^^^^^^^^^^^^^^^^^^^^^^^^^^^^^^^^^^^^^^^^^^^^^^^^
  File "/home/airflow/.local/lib/python3.12/site-packages/airflow/models/taskinstance.py", line 733, in _execute_callable
    return ExecutionCallableRunner(
           ^^^^^^^^^^^^^^^^^^^^^^^^
  File "/home/airflow/.local/lib/python3.12/site-packages/airflow/utils/operator_helpers.py", line 252, in run
    return self.func(*args, **kwargs)
           ^^^^^^^^^^^^^^^^^^^^^^^^^^
  File "/home/airflow/.local/lib/python3.12/site-packages/airflow/models/baseoperator.py", line 422, in wrapper
    return func(self, *args, **kwargs)
           ^^^^^^^^^^^^^^^^^^^^^^^^^^^
  File "/home/airflow/.local/lib/python3.12/site-packages/airflow/operators/python.py", line 238, in execute
    return_value = self.execute_callable()
                   ^^^^^^^^^^^^^^^^^^^^^^^
  File "/home/airflow/.local/lib/python3.12/site-packages/airflow/operators/python.py", line 256, in execute_callable
    return runner.run(*self.op_args, **self.op_kwargs)
           ^^^^^^^^^^^^^^^^^^^^^^^^^^^^^^^^^^^^^^^^^^^
  File "/home/airflow/.local/lib/python3.12/site-packages/airflow/utils/operator_helpers.py", line 252, in run
    return self.func(*args, **kwargs)
           ^^^^^^^^^^^^^^^^^^^^^^^^^^
  File "/opt/airflow/dags/dag_student_performance.py", line 85, in load_initial_student_data
    cursor.execute(query)
psycopg2.errors.DatatypeMismatch: column "final_grade" is of type integer but expression is of type character varying
LINE 5: ...         userid, courseid, Depart, Num_Sem, Kurs, NameR_Leve...
                                                             ^
HINT:  You will need to rewrite or cast the expression.

[2026-05-21T15:23:29.955+0000] {taskinstance.py:1225} INFO - Marking task as FAILED. dag_id=create_student_performance_mart, task_id=load_initial_data, run_id=manual__2026-05-21T15:22:26.274707+00:00, execution_date=20260521T152226, start_date=20260521T152329, end_date=20260521T152329
[2026-05-21T15:23:29.972+0000] {taskinstance.py:340} INFO - ::group::Post task execution logs
[2026-05-21T15:23:29.975+0000] {standard_task_runner.py:124} ERROR - Failed to execute job 7 for task load_initial_data (column "final_grade" is of type integer but expression is of type character varying
LINE 5: ...         userid, courseid, Depart, Num_Sem, Kurs, NameR_Leve...
                                                             ^
HINT:  You will need to rewrite or cast the expression.
; 311)
Traceback (most recent call last):
  File "/home/airflow/.local/lib/python3.12/site-packages/airflow/task/task_runner/standard_task_runner.py", line 117, in _start_by_fork
    ret = args.func(args, dag=self.dag)
          ^^^^^^^^^^^^^^^^^^^^^^^^^^^^^
  File "/home/airflow/.local/lib/python3.12/site-packages/airflow/cli/cli_config.py", line 49, in command
    return func(*args, **kwargs)
           ^^^^^^^^^^^^^^^^^^^^^
  File "/home/airflow/.local/lib/python3.12/site-packages/airflow/utils/cli.py", line 116, in wrapper
    return f(*args, **kwargs)
           ^^^^^^^^^^^^^^^^^^
  File "/home/airflow/.local/lib/python3.12/site-packages/airflow/cli/commands/task_command.py", line 483, in task_run
    task_return_code = _run_task_by_selected_method(args, _dag, ti)
                       ^^^^^^^^^^^^^^^^^^^^^^^^^^^^^^^^^^^^^^^^^^^^
  File "/home/airflow/.local/lib/python3.12/site-packages/airflow/cli/commands/task_command.py", line 256, in _run_task_by_selected_method
    return _run_raw_task(args, ti)
           ^^^^^^^^^^^^^^^^^^^^^^^
  File "/home/airflow/.local/lib/python3.12/site-packages/airflow/cli/commands/task_command.py", line 341, in _run_raw_task
    return ti._run_raw_task(
           ^^^^^^^^^^^^^^^^^
  File "/home/airflow/.local/lib/python3.12/site-packages/airflow/utils/session.py", line 97, in wrapper
    return func(*args, session=session, **kwargs)
           ^^^^^^^^^^^^^^^^^^^^^^^^^^^^^^^^^^^^^^
  File "/home/airflow/.local/lib/python3.12/site-packages/airflow/models/taskinstance.py", line 3005, in _run_raw_task
    return _run_raw_task(
           ^^^^^^^^^^^^^^
  File "/home/airflow/.local/lib/python3.12/site-packages/airflow/models/taskinstance.py", line 273, in _run_raw_task
    TaskInstance._execute_task_with_callbacks(
  File "/home/airflow/.local/lib/python3.12/site-packages/airflow/models/taskinstance.py", line 3159, in _execute_task_with_callbacks
    result = self._execute_task(context, task_orig)
             ^^^^^^^^^^^^^^^^^^^^^^^^^^^^^^^^^^^^^^
  File "/home/airflow/.local/lib/python3.12/site-packages/airflow/models/taskinstance.py", line 3183, in _execute_task
    return _execute_task(self, context, task_orig)
           ^^^^^^^^^^^^^^^^^^^^^^^^^^^^^^^^^^^^^^^
  File "/home/airflow/.local/lib/python3.12/site-packages/airflow/models/taskinstance.py", line 767, in _execute_task
    result = _execute_callable(context=context, **execute_callable_kwargs)
             ^^^^^^^^^^^^^^^^^^^^^^^^^^^^^^^^^^^^^^^^^^^^^^^^^^^^^^^^^^^^^
  File "/home/airflow/.local/lib/python3.12/site-packages/airflow/models/taskinstance.py", line 733, in _execute_callable
    return ExecutionCallableRunner(
           ^^^^^^^^^^^^^^^^^^^^^^^^
  File "/home/airflow/.local/lib/python3.12/site-packages/airflow/utils/operator_helpers.py", line 252, in run
    return self.func(*args, **kwargs)
           ^^^^^^^^^^^^^^^^^^^^^^^^^^
  File "/home/airflow/.local/lib/python3.12/site-packages/airflow/models/baseoperator.py", line 422, in wrapper
    return func(self, *args, **kwargs)
           ^^^^^^^^^^^^^^^^^^^^^^^^^^^
  File "/home/airflow/.local/lib/python3.12/site-packages/airflow/operators/python.py", line 238, in execute
    return_value = self.execute_callable()
                   ^^^^^^^^^^^^^^^^^^^^^^^
  File "/home/airflow/.local/lib/python3.12/site-packages/airflow/operators/python.py", line 256, in execute_callable
    return runner.run(*self.op_args, **self.op_kwargs)
           ^^^^^^^^^^^^^^^^^^^^^^^^^^^^^^^^^^^^^^^^^^^
  File "/home/airflow/.local/lib/python3.12/site-packages/airflow/utils/operator_helpers.py", line 252, in run
    return self.func(*args, **kwargs)
           ^^^^^^^^^^^^^^^^^^^^^^^^^^
  File "/opt/airflow/dags/dag_student_performance.py", line 85, in load_initial_student_data
    cursor.execute(query)
psycopg2.errors.DatatypeMismatch: column "final_grade" is of type integer but expression is of type character varying
LINE 5: ...         userid, courseid, Depart, Num_Sem, Kurs, NameR_Leve...
                                                             ^
HINT:  You will need to rewrite or cast the expression.

[2026-05-21T15:23:30.015+0000] {local_task_job_runner.py:266} INFO - Task exited with return code 1
[2026-05-21T15:23:30.049+0000] {taskinstance.py:3895} INFO - 0 downstream tasks scheduled from follow-on schedule check
[2026-05-21T15:23:30.058+0000] {local_task_job_runner.py:245} INFO - ::endgroup::
