[2026-02-11T10:28:34.607+0000] {local_task_job_runner.py:123} INFO - ::group::Pre task execution logs
[2026-02-11T10:28:34.623+0000] {taskinstance.py:2613} INFO - Dependencies all met for dep_context=non-requeueable deps ti=<TaskInstance: create_analytics_mart.create_student_mart scheduled__2026-02-10T02:00:00+00:00 [queued]>
[2026-02-11T10:28:34.631+0000] {taskinstance.py:2613} INFO - Dependencies all met for dep_context=requeueable deps ti=<TaskInstance: create_analytics_mart.create_student_mart scheduled__2026-02-10T02:00:00+00:00 [queued]>
[2026-02-11T10:28:34.632+0000] {taskinstance.py:2866} INFO - Starting attempt 1 of 2
[2026-02-11T10:28:34.644+0000] {taskinstance.py:2889} INFO - Executing <Task(PythonOperator): create_student_mart> on 2026-02-10 02:00:00+00:00
[2026-02-11T10:28:34.668+0000] {standard_task_runner.py:104} INFO - Running: ['***', 'tasks', 'run', 'create_analytics_mart', 'create_student_mart', 'scheduled__2026-02-10T02:00:00+00:00', '--job-id', '2', '--raw', '--subdir', 'DAGS_FOLDER/create_mart_dag.py', '--cfg-path', '/tmp/tmp6v7nyalb']
[2026-02-11T10:28:34.678+0000] {logging_mixin.py:190} WARNING - /home/***/.local/lib/python3.12/site-packages/***/task/task_runner/standard_task_runner.py:70 DeprecationWarning: This process (pid=274) is multi-threaded, use of fork() may lead to deadlocks in the child.
[2026-02-11T10:28:34.678+0000] {standard_task_runner.py:105} INFO - Job 2: Subtask create_student_mart
[2026-02-11T10:28:34.680+0000] {standard_task_runner.py:72} INFO - Started process 275 to run task
[2026-02-11T10:28:34.785+0000] {task_command.py:467} INFO - Running <TaskInstance: create_analytics_mart.create_student_mart scheduled__2026-02-10T02:00:00+00:00 [running]> on host 2a51979edef6
[2026-02-11T10:28:34.902+0000] {taskinstance.py:3132} INFO - Exporting env vars: AIRFLOW_CTX_DAG_OWNER='***' AIRFLOW_CTX_DAG_ID='create_analytics_mart' AIRFLOW_CTX_TASK_ID='create_student_mart' AIRFLOW_CTX_EXECUTION_DATE='2026-02-10T02:00:00+00:00' AIRFLOW_CTX_TRY_NUMBER='1' AIRFLOW_CTX_DAG_RUN_ID='scheduled__2026-02-10T02:00:00+00:00'
[2026-02-11T10:28:34.904+0000] {taskinstance.py:731} INFO - ::endgroup::
[2026-02-11T10:28:34.935+0000] {logging_mixin.py:190} INFO - Подключение к host.docker.internal:5433 ...
[2026-02-11T10:28:35.420+0000] {logging_mixin.py:190} INFO - Витрина обновлена. Записей: 272
[2026-02-11T10:28:35.421+0000] {logging_mixin.py:190} INFO - Витрина успешно создана/обновлена.
[2026-02-11T10:28:35.424+0000] {python.py:240} INFO - Done. Returned value was: None
[2026-02-11T10:28:35.430+0000] {taskinstance.py:340} INFO - ::group::Post task execution logs
[2026-02-11T10:28:35.431+0000] {taskinstance.py:352} INFO - Marking task as SUCCESS. dag_id=create_analytics_mart, task_id=create_student_mart, run_id=scheduled__2026-02-10T02:00:00+00:00, execution_date=20260210T020000, start_date=20260211T102834, end_date=20260211T102835
[2026-02-11T10:28:35.619+0000] {local_task_job_runner.py:266} INFO - Task exited with return code 0
[2026-02-11T10:28:35.631+0000] {taskinstance.py:3895} INFO - 0 downstream tasks scheduled from follow-on schedule check
[2026-02-11T10:28:35.634+0000] {local_task_job_runner.py:245} INFO - ::endgroup::
