[2026-04-06T05:45:48.150+0000] {local_task_job_runner.py:123} INFO - ::group::Pre task execution logs
[2026-04-06T05:45:48.172+0000] {taskinstance.py:2613} INFO - Dependencies all met for dep_context=non-requeueable deps ti=<TaskInstance: create_analytics_mart.create_student_mart manual__2026-04-06T05:45:47.292852+00:00 [queued]>
[2026-04-06T05:45:48.187+0000] {taskinstance.py:2613} INFO - Dependencies all met for dep_context=requeueable deps ti=<TaskInstance: create_analytics_mart.create_student_mart manual__2026-04-06T05:45:47.292852+00:00 [queued]>
[2026-04-06T05:45:48.189+0000] {taskinstance.py:2866} INFO - Starting attempt 1 of 2
[2026-04-06T05:45:48.207+0000] {taskinstance.py:2889} INFO - Executing <Task(PythonOperator): create_student_mart> on 2026-04-06 05:45:47.292852+00:00
[2026-04-06T05:45:48.217+0000] {standard_task_runner.py:104} INFO - Running: ['***', 'tasks', 'run', 'create_analytics_mart', 'create_student_mart', 'manual__2026-04-06T05:45:47.292852+00:00', '--job-id', '17', '--raw', '--subdir', 'DAGS_FOLDER/create_mart_dag.py', '--cfg-path', '/tmp/tmp_bodh0n3']
[2026-04-06T05:45:48.221+0000] {standard_task_runner.py:105} INFO - Job 17: Subtask create_student_mart
[2026-04-06T05:45:48.222+0000] {logging_mixin.py:190} WARNING - /home/***/.local/lib/python3.12/site-packages/***/task/task_runner/standard_task_runner.py:70 DeprecationWarning: This process (pid=496) is multi-threaded, use of fork() may lead to deadlocks in the child.
[2026-04-06T05:45:48.224+0000] {standard_task_runner.py:72} INFO - Started process 497 to run task
[2026-04-06T05:45:48.295+0000] {task_command.py:467} INFO - Running <TaskInstance: create_analytics_mart.create_student_mart manual__2026-04-06T05:45:47.292852+00:00 [running]> on host 3560f5795772
[2026-04-06T05:45:48.416+0000] {taskinstance.py:3132} INFO - Exporting env vars: AIRFLOW_CTX_DAG_OWNER='***' AIRFLOW_CTX_DAG_ID='create_analytics_mart' AIRFLOW_CTX_TASK_ID='create_student_mart' AIRFLOW_CTX_EXECUTION_DATE='2026-04-06T05:45:47.292852+00:00' AIRFLOW_CTX_TRY_NUMBER='1' AIRFLOW_CTX_DAG_RUN_ID='manual__2026-04-06T05:45:47.292852+00:00'
[2026-04-06T05:45:48.418+0000] {taskinstance.py:731} INFO - ::endgroup::
[2026-04-06T05:45:48.441+0000] {logging_mixin.py:190} INFO - Подключение к host.docker.internal:5433 ...
[2026-04-06T05:45:49.219+0000] {logging_mixin.py:190} INFO - Витрина обновлена. Записей: 272
[2026-04-06T05:45:49.220+0000] {logging_mixin.py:190} INFO - Витрина успешно создана/обновлена.
[2026-04-06T05:45:49.223+0000] {python.py:240} INFO - Done. Returned value was: None
[2026-04-06T05:45:49.235+0000] {taskinstance.py:340} INFO - ::group::Post task execution logs
[2026-04-06T05:45:49.237+0000] {taskinstance.py:352} INFO - Marking task as SUCCESS. dag_id=create_analytics_mart, task_id=create_student_mart, run_id=manual__2026-04-06T05:45:47.292852+00:00, execution_date=20260406T054547, start_date=20260406T054548, end_date=20260406T054549
[2026-04-06T05:45:49.287+0000] {local_task_job_runner.py:266} INFO - Task exited with return code 0
[2026-04-06T05:45:49.312+0000] {taskinstance.py:3895} INFO - 0 downstream tasks scheduled from follow-on schedule check
[2026-04-06T05:45:49.316+0000] {local_task_job_runner.py:245} INFO - ::endgroup::
